
 /----------------------------------------------------------------------------\
 |                                                                            |
 |  yosys -- Yosys Open SYnthesis Suite                                       |
 |                                                                            |
 |  Copyright (C) 2012 - 2019  Clifford Wolf <clifford@clifford.at>           |
 |                                                                            |
 |  Permission to use, copy, modify, and/or distribute this software for any  |
 |  purpose with or without fee is hereby granted, provided that the above    |
 |  copyright notice and this permission notice appear in all copies.         |
 |                                                                            |
 |  THE SOFTWARE IS PROVIDED "AS IS" AND THE AUTHOR DISCLAIMS ALL WARRANTIES  |
 |  WITH REGARD TO THIS SOFTWARE INCLUDING ALL IMPLIED WARRANTIES OF          |
 |  MERCHANTABILITY AND FITNESS. IN NO EVENT SHALL THE AUTHOR BE LIABLE FOR   |
 |  ANY SPECIAL, DIRECT, INDIRECT, OR CONSEQUENTIAL DAMAGES OR ANY DAMAGES    |
 |  WHATSOEVER RESULTING FROM LOSS OF USE, DATA OR PROFITS, WHETHER IN AN     |
 |  ACTION OF CONTRACT, NEGLIGENCE OR OTHER TORTIOUS ACTION, ARISING OUT OF   |
 |  OR IN CONNECTION WITH THE USE OR PERFORMANCE OF THIS SOFTWARE.            |
 |                                                                            |
 \----------------------------------------------------------------------------/

 Yosys 0.9 (git sha1 1979e0b)


-- Parsing `lcd-rst_sleep-out.v' using frontend `verilog' --

1. Executing Verilog-2005 frontend: lcd-rst_sleep-out.v
Parsing Verilog input from `lcd-rst_sleep-out.v' to AST representation.
Generating RTLIL representation for module `\lcd_rst'.
Warning: wire '\SCLK' is assigned in a block at lcd-rst_sleep-out.v:150.
lcd-rst_sleep-out.v:150: Warning: Identifier `\SCLK' is implicitly declared.
Successfully finished Verilog frontend.

-- Running command `synth_ice40 -json lcd-rst_sleep-out.json -blif lcd-rst_sleep-out.blif' --

2. Executing SYNTH_ICE40 pass.

2.1. Executing Verilog-2005 frontend: /usr/bin/../share/yosys/ice40/cells_sim.v
Parsing Verilog input from `/usr/bin/../share/yosys/ice40/cells_sim.v' to AST representation.
Generating RTLIL representation for module `\SB_IO'.
Generating RTLIL representation for module `\SB_GB_IO'.
Generating RTLIL representation for module `\SB_GB'.
Generating RTLIL representation for module `\SB_LUT4'.
Generating RTLIL representation for module `\SB_CARRY'.
Generating RTLIL representation for module `\SB_DFF'.
Generating RTLIL representation for module `\SB_DFFE'.
Generating RTLIL representation for module `\SB_DFFSR'.
Generating RTLIL representation for module `\SB_DFFR'.
Generating RTLIL representation for module `\SB_DFFSS'.
Generating RTLIL representation for module `\SB_DFFS'.
Generating RTLIL representation for module `\SB_DFFESR'.
Generating RTLIL representation for module `\SB_DFFER'.
Generating RTLIL representation for module `\SB_DFFESS'.
Generating RTLIL representation for module `\SB_DFFES'.
Generating RTLIL representation for module `\SB_DFFN'.
Generating RTLIL representation for module `\SB_DFFNE'.
Generating RTLIL representation for module `\SB_DFFNSR'.
Generating RTLIL representation for module `\SB_DFFNR'.
Generating RTLIL representation for module `\SB_DFFNSS'.
Generating RTLIL representation for module `\SB_DFFNS'.
Generating RTLIL representation for module `\SB_DFFNESR'.
Generating RTLIL representation for module `\SB_DFFNER'.
Generating RTLIL representation for module `\SB_DFFNESS'.
Generating RTLIL representation for module `\SB_DFFNES'.
Generating RTLIL representation for module `\SB_RAM40_4K'.
Generating RTLIL representation for module `\SB_RAM40_4KNR'.
Generating RTLIL representation for module `\SB_RAM40_4KNW'.
Generating RTLIL representation for module `\SB_RAM40_4KNRNW'.
Generating RTLIL representation for module `\ICESTORM_LC'.
Generating RTLIL representation for module `\SB_PLL40_CORE'.
Generating RTLIL representation for module `\SB_PLL40_PAD'.
Generating RTLIL representation for module `\SB_PLL40_2_PAD'.
Generating RTLIL representation for module `\SB_PLL40_2F_CORE'.
Generating RTLIL representation for module `\SB_PLL40_2F_PAD'.
Generating RTLIL representation for module `\SB_WARMBOOT'.
Generating RTLIL representation for module `\SB_SPRAM256KA'.
Generating RTLIL representation for module `\SB_HFOSC'.
Generating RTLIL representation for module `\SB_LFOSC'.
Generating RTLIL representation for module `\SB_RGBA_DRV'.
Generating RTLIL representation for module `\SB_LED_DRV_CUR'.
Generating RTLIL representation for module `\SB_RGB_DRV'.
Generating RTLIL representation for module `\SB_I2C'.
Generating RTLIL representation for module `\SB_SPI'.
Generating RTLIL representation for module `\SB_LEDDA_IP'.
Generating RTLIL representation for module `\SB_FILTER_50NS'.
Generating RTLIL representation for module `\SB_IO_I3C'.
Generating RTLIL representation for module `\SB_IO_OD'.
Generating RTLIL representation for module `\SB_MAC16'.
Successfully finished Verilog frontend.

2.2. Executing HIERARCHY pass (managing design hierarchy).

2.2.1. Finding top of design hierarchy..
root of   0 design levels: lcd_rst             
Automatically selected lcd_rst as design top module.

2.2.2. Analyzing design hierarchy..
Top module:  \lcd_rst

2.2.3. Analyzing design hierarchy..
Top module:  \lcd_rst
Removed 0 unused modules.

2.3. Executing PROC pass (convert processes to netlists).

2.3.1. Executing PROC_CLEAN pass (remove empty switches from decision trees).
Cleaned up 0 empty switches.

2.3.2. Executing PROC_RMDEAD pass (remove dead branches from decision trees).
Marked 6 switch rules as full_case in process $proc$lcd-rst_sleep-out.v:36$1 in module lcd_rst.
Removed a total of 0 dead cases.

2.3.3. Executing PROC_INIT pass (extract init attributes).
Found init rule in `\lcd_rst.$proc$lcd-rst_sleep-out.v:29$10'.
  Set init value: \state = 0
  Set init value: \counter = 26'00000000000000000000000000
  Set init value: \data = 8'00000000
  Set init value: \bit_counter = 3'000

2.3.4. Executing PROC_ARST pass (detect async resets in processes).

2.3.5. Executing PROC_MUX pass (convert decision trees to multiplexers).
Creating decoders for process `\lcd_rst.$proc$lcd-rst_sleep-out.v:29$10'.
     1/4: $1\bit_counter[2:0]
     2/4: $1\data[7:0]
     3/4: $1\state[31:0]
     4/4: $1\counter[25:0]
Creating decoders for process `\lcd_rst.$proc$lcd-rst_sleep-out.v:36$1'.
     1/11: $0\SCLK[0:0]
     2/11: $0\bit_counter[2:0]
     3/11: $0\DC[0:0]
     4/11: $0\RST[0:0]
     5/11: $0\SCK[0:0]
     6/11: $0\CS[0:0]
     7/11: $0\SDA[0:0]
     8/11: $0\LED[0:0]
     9/11: $0\data[7:0]
    10/11: $0\counter[25:0]
    11/11: $0\state[31:0]

2.3.6. Executing PROC_DLATCH pass (convert process syncs to latches).

2.3.7. Executing PROC_DFF pass (convert process syncs to FFs).
Creating register for signal `\lcd_rst.\state' using process `\lcd_rst.$proc$lcd-rst_sleep-out.v:36$1'.
  created $dff cell `$procdff$136' with positive edge clock.
Creating register for signal `\lcd_rst.\counter' using process `\lcd_rst.$proc$lcd-rst_sleep-out.v:36$1'.
  created $dff cell `$procdff$137' with positive edge clock.
Creating register for signal `\lcd_rst.\data' using process `\lcd_rst.$proc$lcd-rst_sleep-out.v:36$1'.
  created $dff cell `$procdff$138' with positive edge clock.
Creating register for signal `\lcd_rst.\LED' using process `\lcd_rst.$proc$lcd-rst_sleep-out.v:36$1'.
  created $dff cell `$procdff$139' with positive edge clock.
Creating register for signal `\lcd_rst.\SDA' using process `\lcd_rst.$proc$lcd-rst_sleep-out.v:36$1'.
  created $dff cell `$procdff$140' with positive edge clock.
Creating register for signal `\lcd_rst.\CS' using process `\lcd_rst.$proc$lcd-rst_sleep-out.v:36$1'.
  created $dff cell `$procdff$141' with positive edge clock.
Creating register for signal `\lcd_rst.\SCK' using process `\lcd_rst.$proc$lcd-rst_sleep-out.v:36$1'.
  created $dff cell `$procdff$142' with positive edge clock.
Creating register for signal `\lcd_rst.\RST' using process `\lcd_rst.$proc$lcd-rst_sleep-out.v:36$1'.
  created $dff cell `$procdff$143' with positive edge clock.
Creating register for signal `\lcd_rst.\DC' using process `\lcd_rst.$proc$lcd-rst_sleep-out.v:36$1'.
  created $dff cell `$procdff$144' with positive edge clock.
Creating register for signal `\lcd_rst.\bit_counter' using process `\lcd_rst.$proc$lcd-rst_sleep-out.v:36$1'.
  created $dff cell `$procdff$145' with positive edge clock.
Creating register for signal `\lcd_rst.\SCLK' using process `\lcd_rst.$proc$lcd-rst_sleep-out.v:36$1'.
  created $dff cell `$procdff$146' with positive edge clock.

2.3.8. Executing PROC_CLEAN pass (remove empty switches from decision trees).
Removing empty process `lcd_rst.$proc$lcd-rst_sleep-out.v:29$10'.
Found and cleaned up 7 empty switches in `\lcd_rst.$proc$lcd-rst_sleep-out.v:36$1'.
Removing empty process `lcd_rst.$proc$lcd-rst_sleep-out.v:36$1'.
Cleaned up 7 empty switches.

2.4. Executing FLATTEN pass (flatten design).
No more expansions possible.

2.5. Executing TRIBUF pass.

2.6. Executing DEMINOUT pass (demote inout ports to input or output).

2.7. Executing OPT_EXPR pass (perform const folding).
Optimizing module lcd_rst.
<suppressed ~12 debug messages>

2.8. Executing OPT_CLEAN pass (remove unused cells and wires).
Finding unused cells or wires in module \lcd_rst..
Removed 5 unused cells and 35 unused wires.
<suppressed ~7 debug messages>

2.9. Executing CHECK pass (checking for obvious problems).
checking module lcd_rst..
found and reported 0 problems.

2.10. Executing OPT pass (performing simple optimizations).

2.10.1. Executing OPT_EXPR pass (perform const folding).
Optimizing module lcd_rst.

2.10.2. Executing OPT_MERGE pass (detect identical cells).
Finding identical cells in module `\lcd_rst'.
<suppressed ~93 debug messages>
Removed a total of 31 cells.

2.10.3. Executing OPT_MUXTREE pass (detect dead branches in mux trees).
Running muxtree optimizer on module \lcd_rst..
  Creating internal representation of mux trees.
  Evaluating internal representation of mux trees.
  Analyzing evaluation results.
Removed 0 multiplexer ports.
<suppressed ~10 debug messages>

2.10.4. Executing OPT_REDUCE pass (consolidate $*mux and $reduce_* inputs).
  Optimizing cells in module \lcd_rst.
    New ctrl vector for $pmux cell $procmux$33: $auto$opt_reduce.cc:132:opt_mux$148
    New ctrl vector for $pmux cell $procmux$51: { $auto$opt_reduce.cc:132:opt_mux$150 $procmux$102_CMP $procmux$114_CMP }
    New ctrl vector for $pmux cell $procmux$62: { $auto$opt_reduce.cc:132:opt_mux$152 $procmux$114_CMP }
    New ctrl vector for $pmux cell $procmux$109: { $procmux$116_CMP $auto$opt_reduce.cc:132:opt_mux$154 $procmux$114_CMP $procmux$110_CMP }
    New ctrl vector for $pmux cell $procmux$83: { $procmux$116_CMP $auto$opt_reduce.cc:132:opt_mux$158 $auto$opt_reduce.cc:132:opt_mux$156 }
    New ctrl vector for $pmux cell $procmux$119: { $procmux$116_CMP $auto$opt_reduce.cc:132:opt_mux$160 $procmux$103_CMP $procmux$102_CMP $procmux$114_CMP $procmux$110_CMP $procmux$120_CMP }
    New input vector for $reduce_or cell $auto$opt_reduce.cc:126:opt_mux$147: { $procmux$103_CMP $procmux$117_CMP }
    New input vector for $reduce_or cell $auto$opt_reduce.cc:126:opt_mux$149: { $procmux$103_CMP $procmux$117_CMP }
    New input vector for $reduce_or cell $auto$opt_reduce.cc:126:opt_mux$151: { $procmux$103_CMP $procmux$117_CMP }
    New input vector for $reduce_or cell $auto$opt_reduce.cc:126:opt_mux$153: { $procmux$115_CMP $procmux$117_CMP }
    New input vector for $reduce_or cell $auto$opt_reduce.cc:126:opt_mux$157: { $procmux$102_CMP $procmux$103_CMP $procmux$110_CMP $procmux$114_CMP $procmux$117_CMP }
    New input vector for $reduce_or cell $auto$opt_reduce.cc:126:opt_mux$159: { $procmux$115_CMP $procmux$117_CMP }
  Optimizing cells in module \lcd_rst.
Performed a total of 12 changes.

2.10.5. Executing OPT_MERGE pass (detect identical cells).
Finding identical cells in module `\lcd_rst'.
<suppressed ~12 debug messages>
Removed a total of 4 cells.

2.10.6. Executing OPT_RMDFF pass (remove dff with constant values).
Removing $procdff$144 ($dff) from module lcd_rst.
Replaced 1 DFF cells.

2.10.7. Executing OPT_CLEAN pass (remove unused cells and wires).
Finding unused cells or wires in module \lcd_rst..
Removed 1 unused cells and 36 unused wires.
<suppressed ~2 debug messages>

2.10.8. Executing OPT_EXPR pass (perform const folding).
Optimizing module lcd_rst.

2.10.9. Rerunning OPT passes. (Maybe there is more to do..)

2.10.10. Executing OPT_MUXTREE pass (detect dead branches in mux trees).
Running muxtree optimizer on module \lcd_rst..
  Creating internal representation of mux trees.
  Evaluating internal representation of mux trees.
  Analyzing evaluation results.
Removed 0 multiplexer ports.
<suppressed ~10 debug messages>

2.10.11. Executing OPT_REDUCE pass (consolidate $*mux and $reduce_* inputs).
  Optimizing cells in module \lcd_rst.
Performed a total of 0 changes.

2.10.12. Executing OPT_MERGE pass (detect identical cells).
Finding identical cells in module `\lcd_rst'.
Removed a total of 0 cells.

2.10.13. Executing OPT_RMDFF pass (remove dff with constant values).

2.10.14. Executing OPT_CLEAN pass (remove unused cells and wires).
Finding unused cells or wires in module \lcd_rst..

2.10.15. Executing OPT_EXPR pass (perform const folding).
Optimizing module lcd_rst.

2.10.16. Finished OPT passes. (There is nothing left to do.)

2.11. Executing WREDUCE pass (reducing word size of cells).
Removed top 5 bits (of 26) from port B of cell lcd_rst.$eq$lcd-rst_sleep-out.v:51$2 ($eq).
Removed top 5 bits (of 26) from port B of cell lcd_rst.$eq$lcd-rst_sleep-out.v:155$8 ($eq).
Removed top 25 bits (of 26) from port B of cell lcd_rst.$add$lcd-rst_sleep-out.v:162$9 ($add).
Removed top 29 bits (of 32) from port B of cell lcd_rst.$procmux$102_CMP0 ($eq).
Removed top 29 bits (of 32) from port B of cell lcd_rst.$procmux$103_CMP0 ($eq).
Removed top 28 bits (of 32) from port B of cell lcd_rst.$procmux$110_CMP0 ($eq).
Removed top 31 bits (of 32) from port B of cell lcd_rst.$procmux$116_CMP0 ($eq).
Removed top 29 bits (of 32) from port B of cell lcd_rst.$procmux$114_CMP0 ($eq).
Removed top 30 bits (of 32) from port B of cell lcd_rst.$procmux$115_CMP0 ($eq).
Removed top 28 bits (of 32) from mux cell lcd_rst.$procmux$123 ($mux).
Removed top 28 bits (of 32) from port B of cell lcd_rst.$procmux$120_CMP0 ($eq).
Removed top 29 bits (of 32) from mux cell lcd_rst.$procmux$130 ($mux).
Removed top 28 bits (of 32) from wire lcd_rst.$procmux$123_Y.
Removed top 29 bits (of 32) from wire lcd_rst.$procmux$130_Y.

2.12. Executing PEEPOPT pass (run peephole optimizers).

2.13. Executing OPT_CLEAN pass (remove unused cells and wires).
Finding unused cells or wires in module \lcd_rst..
Removed 0 unused cells and 2 unused wires.
<suppressed ~1 debug messages>

2.14. Executing SHARE pass (SAT-based resource sharing).

2.15. Executing TECHMAP pass (map to technology primitives).

2.15.1. Executing Verilog-2005 frontend: /usr/bin/../share/yosys/cmp2lut.v
Parsing Verilog input from `/usr/bin/../share/yosys/cmp2lut.v' to AST representation.
Generating RTLIL representation for module `\_90_lut_cmp_'.
Successfully finished Verilog frontend.

2.15.2. Continuing TECHMAP pass.
Using template $paramod$77ad031fce233083715243f95e3cd2547d931e42\_90_lut_cmp_ for cells of type $eq.
No more expansions possible.
<suppressed ~168 debug messages>

2.16. Executing OPT_EXPR pass (perform const folding).
Optimizing module lcd_rst.

2.17. Executing OPT_CLEAN pass (remove unused cells and wires).
Finding unused cells or wires in module \lcd_rst..
Removed 0 unused cells and 3 unused wires.
<suppressed ~1 debug messages>

2.18. Executing ALUMACC pass (create $alu and $macc cells).
Extracting $alu and $macc cells in module lcd_rst:
  creating $macc model for $add$lcd-rst_sleep-out.v:118$6 ($add).
  creating $macc model for $add$lcd-rst_sleep-out.v:162$9 ($add).
  creating $macc model for $add$lcd-rst_sleep-out.v:65$4 ($add).
  creating $alu model for $macc $add$lcd-rst_sleep-out.v:65$4.
  creating $alu model for $macc $add$lcd-rst_sleep-out.v:162$9.
  creating $alu model for $macc $add$lcd-rst_sleep-out.v:118$6.
  creating $alu cell for $add$lcd-rst_sleep-out.v:118$6: $auto$alumacc.cc:474:replace_alu$165
  creating $alu cell for $add$lcd-rst_sleep-out.v:162$9: $auto$alumacc.cc:474:replace_alu$168
  creating $alu cell for $add$lcd-rst_sleep-out.v:65$4: $auto$alumacc.cc:474:replace_alu$171
  created 3 $alu and 0 $macc cells.

2.19. Executing OPT pass (performing simple optimizations).

2.19.1. Executing OPT_EXPR pass (perform const folding).
Optimizing module lcd_rst.

2.19.2. Executing OPT_MERGE pass (detect identical cells).
Finding identical cells in module `\lcd_rst'.
<suppressed ~5 debug messages>
Removed a total of 1 cells.

2.19.3. Executing OPT_MUXTREE pass (detect dead branches in mux trees).
Running muxtree optimizer on module \lcd_rst..
  Creating internal representation of mux trees.
  Evaluating internal representation of mux trees.
  Analyzing evaluation results.
Removed 0 multiplexer ports.
<suppressed ~10 debug messages>

2.19.4. Executing OPT_REDUCE pass (consolidate $*mux and $reduce_* inputs).
  Optimizing cells in module \lcd_rst.
Performed a total of 0 changes.

2.19.5. Executing OPT_MERGE pass (detect identical cells).
Finding identical cells in module `\lcd_rst'.
Removed a total of 0 cells.

2.19.6. Executing OPT_RMDFF pass (remove dff with constant values).

2.19.7. Executing OPT_CLEAN pass (remove unused cells and wires).
Finding unused cells or wires in module \lcd_rst..
Removed 0 unused cells and 3 unused wires.
<suppressed ~1 debug messages>

2.19.8. Executing OPT_EXPR pass (perform const folding).
Optimizing module lcd_rst.

2.19.9. Finished OPT passes. (There is nothing left to do.)

2.20. Executing FSM pass (extract and optimize FSM).

2.20.1. Executing FSM_DETECT pass (finding FSMs in design).
Not marking lcd_rst.state as FSM state register:
    Register has an initialization value.

2.20.2. Executing FSM_EXTRACT pass (extracting FSM from design).

2.20.3. Executing FSM_OPT pass (simple optimizations of FSMs).

2.20.4. Executing OPT_CLEAN pass (remove unused cells and wires).
Finding unused cells or wires in module \lcd_rst..

2.20.5. Executing FSM_OPT pass (simple optimizations of FSMs).

2.20.6. Executing FSM_RECODE pass (re-assigning FSM state encoding).

2.20.7. Executing FSM_INFO pass (dumping all available information on FSM cells).

2.20.8. Executing FSM_MAP pass (mapping FSMs to basic logic).

2.21. Executing OPT pass (performing simple optimizations).

2.21.1. Executing OPT_EXPR pass (perform const folding).
Optimizing module lcd_rst.

2.21.2. Executing OPT_MERGE pass (detect identical cells).
Finding identical cells in module `\lcd_rst'.
Removed a total of 0 cells.

2.21.3. Executing OPT_RMDFF pass (remove dff with constant values).

2.21.4. Executing OPT_CLEAN pass (remove unused cells and wires).
Finding unused cells or wires in module \lcd_rst..

2.21.5. Finished fast OPT passes.

2.22. Executing MEMORY pass.

2.22.1. Executing MEMORY_DFF pass (merging $dff cells to $memrd and $memwr).

2.22.2. Executing OPT_CLEAN pass (remove unused cells and wires).
Finding unused cells or wires in module \lcd_rst..

2.22.3. Executing MEMORY_SHARE pass (consolidating $memrd/$memwr cells).

2.22.4. Executing OPT_CLEAN pass (remove unused cells and wires).
Finding unused cells or wires in module \lcd_rst..

2.22.5. Executing MEMORY_COLLECT pass (generating $mem cells).

2.23. Executing OPT_CLEAN pass (remove unused cells and wires).
Finding unused cells or wires in module \lcd_rst..

2.24. Executing MEMORY_BRAM pass (mapping $mem cells to block memories).

2.25. Executing TECHMAP pass (map to technology primitives).

2.25.1. Executing Verilog-2005 frontend: /usr/bin/../share/yosys/ice40/brams_map.v
Parsing Verilog input from `/usr/bin/../share/yosys/ice40/brams_map.v' to AST representation.
Generating RTLIL representation for module `\$__ICE40_RAM4K'.
Generating RTLIL representation for module `\$__ICE40_RAM4K_M0'.
Generating RTLIL representation for module `\$__ICE40_RAM4K_M123'.
Successfully finished Verilog frontend.

2.25.2. Continuing TECHMAP pass.
No more expansions possible.

2.26. Executing ICE40_BRAMINIT pass.

2.27. Executing OPT pass (performing simple optimizations).

2.27.1. Executing OPT_EXPR pass (perform const folding).
Optimizing module lcd_rst.
<suppressed ~1 debug messages>

2.27.2. Executing OPT_MERGE pass (detect identical cells).
Finding identical cells in module `\lcd_rst'.
Removed a total of 0 cells.

2.27.3. Executing OPT_RMDFF pass (remove dff with constant values).

2.27.4. Executing OPT_CLEAN pass (remove unused cells and wires).
Finding unused cells or wires in module \lcd_rst..
Removed 0 unused cells and 1 unused wires.
<suppressed ~1 debug messages>

2.27.5. Finished fast OPT passes.

2.28. Executing MEMORY_MAP pass (converting $mem cells to logic and flip-flops).

2.29. Executing OPT pass (performing simple optimizations).

2.29.1. Executing OPT_EXPR pass (perform const folding).
Optimizing module lcd_rst.

2.29.2. Executing OPT_MERGE pass (detect identical cells).
Finding identical cells in module `\lcd_rst'.
Removed a total of 0 cells.

2.29.3. Executing OPT_MUXTREE pass (detect dead branches in mux trees).
Running muxtree optimizer on module \lcd_rst..
  Creating internal representation of mux trees.
  Evaluating internal representation of mux trees.
  Analyzing evaluation results.
Removed 0 multiplexer ports.
<suppressed ~9 debug messages>

2.29.4. Executing OPT_REDUCE pass (consolidate $*mux and $reduce_* inputs).
  Optimizing cells in module \lcd_rst.
    Consolidated identical input bits for $mux cell $procmux$123:
      Old ports: A=4'0111, B=4'1000, Y=$auto$wreduce.cc:455:run$161 [3:0]
      New ports: A=2'01, B=2'10, Y={ $auto$wreduce.cc:455:run$161 [3] $auto$wreduce.cc:455:run$161 [0] }
      New connections: $auto$wreduce.cc:455:run$161 [2:1] = { $auto$wreduce.cc:455:run$161 [0] $auto$wreduce.cc:455:run$161 [0] }
    Consolidated identical input bits for $mux cell $procmux$130:
      Old ports: A=3'010, B=3'100, Y=$auto$wreduce.cc:455:run$162 [2:0]
      New ports: A=2'01, B=2'10, Y=$auto$wreduce.cc:455:run$162 [2:1]
      New connections: $auto$wreduce.cc:455:run$162 [0] = 1'0
  Optimizing cells in module \lcd_rst.
Performed a total of 2 changes.

2.29.5. Executing OPT_MERGE pass (detect identical cells).
Finding identical cells in module `\lcd_rst'.
Removed a total of 0 cells.

2.29.6. Executing OPT_RMDFF pass (remove dff with constant values).

2.29.7. Executing OPT_CLEAN pass (remove unused cells and wires).
Finding unused cells or wires in module \lcd_rst..

2.29.8. Executing OPT_EXPR pass (perform const folding).
Optimizing module lcd_rst.

2.29.9. Rerunning OPT passes. (Maybe there is more to do..)

2.29.10. Executing OPT_MUXTREE pass (detect dead branches in mux trees).
Running muxtree optimizer on module \lcd_rst..
  Creating internal representation of mux trees.
  Evaluating internal representation of mux trees.
  Analyzing evaluation results.
Removed 0 multiplexer ports.
<suppressed ~9 debug messages>

2.29.11. Executing OPT_REDUCE pass (consolidate $*mux and $reduce_* inputs).
  Optimizing cells in module \lcd_rst.
Performed a total of 0 changes.

2.29.12. Executing OPT_MERGE pass (detect identical cells).
Finding identical cells in module `\lcd_rst'.
Removed a total of 0 cells.

2.29.13. Executing OPT_RMDFF pass (remove dff with constant values).

2.29.14. Executing OPT_CLEAN pass (remove unused cells and wires).
Finding unused cells or wires in module \lcd_rst..

2.29.15. Executing OPT_EXPR pass (perform const folding).
Optimizing module lcd_rst.

2.29.16. Finished OPT passes. (There is nothing left to do.)

2.30. Executing TECHMAP pass (map to technology primitives).

2.30.1. Executing Verilog-2005 frontend: /usr/bin/../share/yosys/techmap.v
Parsing Verilog input from `/usr/bin/../share/yosys/techmap.v' to AST representation.
Generating RTLIL representation for module `\_90_simplemap_bool_ops'.
Generating RTLIL representation for module `\_90_simplemap_reduce_ops'.
Generating RTLIL representation for module `\_90_simplemap_logic_ops'.
Generating RTLIL representation for module `\_90_simplemap_compare_ops'.
Generating RTLIL representation for module `\_90_simplemap_various'.
Generating RTLIL representation for module `\_90_simplemap_registers'.
Generating RTLIL representation for module `\_90_shift_ops_shr_shl_sshl_sshr'.
Generating RTLIL representation for module `\_90_shift_shiftx'.
Generating RTLIL representation for module `\_90_fa'.
Generating RTLIL representation for module `\_90_lcu'.
Generating RTLIL representation for module `\_90_alu'.
Generating RTLIL representation for module `\_90_macc'.
Generating RTLIL representation for module `\_90_alumacc'.
Generating RTLIL representation for module `\$__div_mod_u'.
Generating RTLIL representation for module `\$__div_mod'.
Generating RTLIL representation for module `\_90_div'.
Generating RTLIL representation for module `\_90_mod'.
Generating RTLIL representation for module `\_90_pow'.
Generating RTLIL representation for module `\_90_pmux'.
Generating RTLIL representation for module `\_90_lut'.
Successfully finished Verilog frontend.

2.30.2. Executing Verilog-2005 frontend: /usr/bin/../share/yosys/ice40/arith_map.v
Parsing Verilog input from `/usr/bin/../share/yosys/ice40/arith_map.v' to AST representation.
Generating RTLIL representation for module `\_80_ice40_alu'.
Successfully finished Verilog frontend.

2.30.3. Continuing TECHMAP pass.
Using extmapper simplemap for cells of type $eq.
Using extmapper simplemap for cells of type $mux.
Using template $paramod\_80_ice40_alu\A_SIGNED=0\B_SIGNED=0\A_WIDTH=1\B_WIDTH=3\Y_WIDTH=3 for cells of type $alu.
Using template $paramod\_90_pmux\WIDTH=3\S_WIDTH=2 for cells of type $pmux.
Using template $paramod\_80_ice40_alu\A_SIGNED=0\B_SIGNED=0\A_WIDTH=1\B_WIDTH=26\Y_WIDTH=26 for cells of type $alu.
Using template $paramod\_90_pmux\WIDTH=1\S_WIDTH=2 for cells of type $pmux.
Using template $paramod\_90_pmux\WIDTH=1\S_WIDTH=3 for cells of type $pmux.
Using extmapper simplemap for cells of type $reduce_or.
Using template $paramod\_90_pmux\WIDTH=8\S_WIDTH=2 for cells of type $pmux.
Using template $paramod\_90_pmux\WIDTH=26\S_WIDTH=4 for cells of type $pmux.
Using extmapper simplemap for cells of type $logic_not.
Using template $paramod\_90_pmux\WIDTH=32\S_WIDTH=7 for cells of type $pmux.
Using extmapper simplemap for cells of type $lut.
Using extmapper simplemap for cells of type $dff.
Using extmapper simplemap for cells of type $xor.
Using extmapper simplemap for cells of type $not.
Using extmapper simplemap for cells of type $pos.
Using extmapper simplemap for cells of type $and.
No more expansions possible.
<suppressed ~270 debug messages>

2.31. Executing ICE40_OPT pass (performing simple optimizations).

2.31.1. Running ICE40 specific optimizations.

2.31.2. Executing OPT_EXPR pass (perform const folding).
Optimizing module lcd_rst.
<suppressed ~818 debug messages>

2.31.3. Executing OPT_MERGE pass (detect identical cells).
Finding identical cells in module `\lcd_rst'.
<suppressed ~639 debug messages>
Removed a total of 213 cells.

2.31.4. Executing OPT_RMDFF pass (remove dff with constant values).

2.31.5. Executing OPT_CLEAN pass (remove unused cells and wires).
Finding unused cells or wires in module \lcd_rst..
Removed 35 unused cells and 404 unused wires.
<suppressed ~36 debug messages>

2.31.6. Rerunning OPT passes. (Removed registers in this run.)

2.31.7. Running ICE40 specific optimizations.
Optimized away SB_CARRY cell lcd_rst.$auto$alumacc.cc:474:replace_alu$165.slice[0].carry: CO=\bit_counter [0]
Optimized away SB_CARRY cell lcd_rst.$auto$alumacc.cc:474:replace_alu$168.slice[0].carry: CO=\counter [0]
Mapping SB_LUT4 cell lcd_rst.$auto$alumacc.cc:474:replace_alu$165.slice[1].adder back to logic.
Mapping SB_LUT4 cell lcd_rst.$auto$alumacc.cc:474:replace_alu$168.slice[1].adder back to logic.

2.31.8. Executing OPT_EXPR pass (perform const folding).
Optimizing module lcd_rst.
<suppressed ~26 debug messages>

2.31.9. Executing OPT_MERGE pass (detect identical cells).
Finding identical cells in module `\lcd_rst'.
Removed a total of 0 cells.

2.31.10. Executing OPT_RMDFF pass (remove dff with constant values).

2.31.11. Executing OPT_CLEAN pass (remove unused cells and wires).
Finding unused cells or wires in module \lcd_rst..
Removed 0 unused cells and 6 unused wires.
<suppressed ~1 debug messages>

2.31.12. Rerunning OPT passes. (Removed registers in this run.)

2.31.13. Running ICE40 specific optimizations.

2.31.14. Executing OPT_EXPR pass (perform const folding).
Optimizing module lcd_rst.

2.31.15. Executing OPT_MERGE pass (detect identical cells).
Finding identical cells in module `\lcd_rst'.
Removed a total of 0 cells.

2.31.16. Executing OPT_RMDFF pass (remove dff with constant values).

2.31.17. Executing OPT_CLEAN pass (remove unused cells and wires).
Finding unused cells or wires in module \lcd_rst..

2.31.18. Finished OPT passes. (There is nothing left to do.)

2.32. Executing DFFSR2DFF pass (mapping DFFSR cells to simpler FFs).

2.33. Executing DFF2DFFE pass (transform $dff to $dffe where applicable).
Selected cell types for direct conversion:
  $_DFF_PP1_ -> $__DFFE_PP1
  $_DFF_PP0_ -> $__DFFE_PP0
  $_DFF_PN1_ -> $__DFFE_PN1
  $_DFF_PN0_ -> $__DFFE_PN0
  $_DFF_NP1_ -> $__DFFE_NP1
  $_DFF_NP0_ -> $__DFFE_NP0
  $_DFF_NN1_ -> $__DFFE_NN1
  $_DFF_NN0_ -> $__DFFE_NN0
  $_DFF_N_ -> $_DFFE_NP_
  $_DFF_P_ -> $_DFFE_PP_
Transforming FF to FF+Enable cells in module lcd_rst:
  converting $_DFF_P_ cell $auto$simplemap.cc:420:simplemap_dff$1161 to $_DFFE_PP_ for $0\counter[25:0] [0] -> \counter [0].
  converting $_DFF_P_ cell $auto$simplemap.cc:420:simplemap_dff$1162 to $_DFFE_PP_ for $0\counter[25:0] [1] -> \counter [1].
  converting $_DFF_P_ cell $auto$simplemap.cc:420:simplemap_dff$1163 to $_DFFE_PP_ for $0\counter[25:0] [2] -> \counter [2].
  converting $_DFF_P_ cell $auto$simplemap.cc:420:simplemap_dff$1164 to $_DFFE_PP_ for $0\counter[25:0] [3] -> \counter [3].
  converting $_DFF_P_ cell $auto$simplemap.cc:420:simplemap_dff$1165 to $_DFFE_PP_ for $0\counter[25:0] [4] -> \counter [4].
  converting $_DFF_P_ cell $auto$simplemap.cc:420:simplemap_dff$1166 to $_DFFE_PP_ for $0\counter[25:0] [5] -> \counter [5].
  converting $_DFF_P_ cell $auto$simplemap.cc:420:simplemap_dff$1167 to $_DFFE_PP_ for $0\counter[25:0] [6] -> \counter [6].
  converting $_DFF_P_ cell $auto$simplemap.cc:420:simplemap_dff$1168 to $_DFFE_PP_ for $0\counter[25:0] [7] -> \counter [7].
  converting $_DFF_P_ cell $auto$simplemap.cc:420:simplemap_dff$1169 to $_DFFE_PP_ for $0\counter[25:0] [8] -> \counter [8].
  converting $_DFF_P_ cell $auto$simplemap.cc:420:simplemap_dff$1170 to $_DFFE_PP_ for $0\counter[25:0] [9] -> \counter [9].
  converting $_DFF_P_ cell $auto$simplemap.cc:420:simplemap_dff$1171 to $_DFFE_PP_ for $0\counter[25:0] [10] -> \counter [10].
  converting $_DFF_P_ cell $auto$simplemap.cc:420:simplemap_dff$1172 to $_DFFE_PP_ for $0\counter[25:0] [11] -> \counter [11].
  converting $_DFF_P_ cell $auto$simplemap.cc:420:simplemap_dff$1173 to $_DFFE_PP_ for $0\counter[25:0] [12] -> \counter [12].
  converting $_DFF_P_ cell $auto$simplemap.cc:420:simplemap_dff$1174 to $_DFFE_PP_ for $0\counter[25:0] [13] -> \counter [13].
  converting $_DFF_P_ cell $auto$simplemap.cc:420:simplemap_dff$1175 to $_DFFE_PP_ for $0\counter[25:0] [14] -> \counter [14].
  converting $_DFF_P_ cell $auto$simplemap.cc:420:simplemap_dff$1176 to $_DFFE_PP_ for $0\counter[25:0] [15] -> \counter [15].
  converting $_DFF_P_ cell $auto$simplemap.cc:420:simplemap_dff$1177 to $_DFFE_PP_ for $0\counter[25:0] [16] -> \counter [16].
  converting $_DFF_P_ cell $auto$simplemap.cc:420:simplemap_dff$1178 to $_DFFE_PP_ for $0\counter[25:0] [17] -> \counter [17].
  converting $_DFF_P_ cell $auto$simplemap.cc:420:simplemap_dff$1179 to $_DFFE_PP_ for $0\counter[25:0] [18] -> \counter [18].
  converting $_DFF_P_ cell $auto$simplemap.cc:420:simplemap_dff$1180 to $_DFFE_PP_ for $0\counter[25:0] [19] -> \counter [19].
  converting $_DFF_P_ cell $auto$simplemap.cc:420:simplemap_dff$1181 to $_DFFE_PP_ for $0\counter[25:0] [20] -> \counter [20].
  converting $_DFF_P_ cell $auto$simplemap.cc:420:simplemap_dff$1182 to $_DFFE_PP_ for $0\counter[25:0] [21] -> \counter [21].
  converting $_DFF_P_ cell $auto$simplemap.cc:420:simplemap_dff$1183 to $_DFFE_PP_ for $0\counter[25:0] [22] -> \counter [22].
  converting $_DFF_P_ cell $auto$simplemap.cc:420:simplemap_dff$1184 to $_DFFE_PP_ for $0\counter[25:0] [23] -> \counter [23].
  converting $_DFF_P_ cell $auto$simplemap.cc:420:simplemap_dff$1185 to $_DFFE_PP_ for $0\counter[25:0] [24] -> \counter [24].
  converting $_DFF_P_ cell $auto$simplemap.cc:420:simplemap_dff$1186 to $_DFFE_PP_ for $0\counter[25:0] [25] -> \counter [25].
  converting $_DFF_P_ cell $auto$simplemap.cc:420:simplemap_dff$1187 to $_DFFE_PP_ for $0\data[7:0] [0] -> \data [0].
  converting $_DFF_P_ cell $auto$simplemap.cc:420:simplemap_dff$1188 to $_DFFE_PP_ for $0\data[7:0] [1] -> \data [1].
  converting $_DFF_P_ cell $auto$simplemap.cc:420:simplemap_dff$1189 to $_DFFE_PP_ for $0\data[7:0] [2] -> \data [2].
  converting $_DFF_P_ cell $auto$simplemap.cc:420:simplemap_dff$1190 to $_DFFE_PP_ for $0\data[7:0] [3] -> \data [3].
  converting $_DFF_P_ cell $auto$simplemap.cc:420:simplemap_dff$1191 to $_DFFE_PP_ for $0\data[7:0] [4] -> \data [4].
  converting $_DFF_P_ cell $auto$simplemap.cc:420:simplemap_dff$1192 to $_DFFE_PP_ for $0\data[7:0] [5] -> \data [5].
  converting $_DFF_P_ cell $auto$simplemap.cc:420:simplemap_dff$1193 to $_DFFE_PP_ for $0\data[7:0] [6] -> \data [6].
  converting $_DFF_P_ cell $auto$simplemap.cc:420:simplemap_dff$1194 to $_DFFE_PP_ for $0\data[7:0] [7] -> \data [7].
  converting $_DFF_P_ cell $auto$simplemap.cc:420:simplemap_dff$1195 to $_DFFE_PP_ for $0\LED[0:0] -> \LED.
  converting $_DFF_P_ cell $auto$simplemap.cc:420:simplemap_dff$1196 to $_DFFE_PP_ for $0\SDA[0:0] -> \SDA.
  converting $_DFF_P_ cell $auto$simplemap.cc:420:simplemap_dff$1197 to $_DFFE_PP_ for $0\CS[0:0] -> \CS.
  converting $_DFF_P_ cell $auto$simplemap.cc:420:simplemap_dff$1198 to $_DFFE_PP_ for $0\SCK[0:0] -> \SCK.
  converting $_DFF_P_ cell $auto$simplemap.cc:420:simplemap_dff$1199 to $_DFFE_PP_ for $0\RST[0:0] -> \RST.
  converting $_DFF_P_ cell $auto$simplemap.cc:420:simplemap_dff$1200 to $_DFFE_PP_ for $0\bit_counter[2:0] [0] -> \bit_counter [0].
  converting $_DFF_P_ cell $auto$simplemap.cc:420:simplemap_dff$1201 to $_DFFE_PP_ for $0\bit_counter[2:0] [1] -> \bit_counter [1].
  converting $_DFF_P_ cell $auto$simplemap.cc:420:simplemap_dff$1202 to $_DFFE_PP_ for $0\bit_counter[2:0] [2] -> \bit_counter [2].

2.34. Executing TECHMAP pass (map to technology primitives).

2.34.1. Executing Verilog-2005 frontend: /usr/bin/../share/yosys/ice40/cells_map.v
Parsing Verilog input from `/usr/bin/../share/yosys/ice40/cells_map.v' to AST representation.
Generating RTLIL representation for module `\$_DFF_N_'.
Generating RTLIL representation for module `\$_DFF_P_'.
Generating RTLIL representation for module `\$_DFFE_NN_'.
Generating RTLIL representation for module `\$_DFFE_PN_'.
Generating RTLIL representation for module `\$_DFFE_NP_'.
Generating RTLIL representation for module `\$_DFFE_PP_'.
Generating RTLIL representation for module `\$_DFF_NN0_'.
Generating RTLIL representation for module `\$_DFF_NN1_'.
Generating RTLIL representation for module `\$_DFF_PN0_'.
Generating RTLIL representation for module `\$_DFF_PN1_'.
Generating RTLIL representation for module `\$_DFF_NP0_'.
Generating RTLIL representation for module `\$_DFF_NP1_'.
Generating RTLIL representation for module `\$_DFF_PP0_'.
Generating RTLIL representation for module `\$_DFF_PP1_'.
Generating RTLIL representation for module `\$__DFFE_NN0'.
Generating RTLIL representation for module `\$__DFFE_NN1'.
Generating RTLIL representation for module `\$__DFFE_PN0'.
Generating RTLIL representation for module `\$__DFFE_PN1'.
Generating RTLIL representation for module `\$__DFFE_NP0'.
Generating RTLIL representation for module `\$__DFFE_NP1'.
Generating RTLIL representation for module `\$__DFFE_PP0'.
Generating RTLIL representation for module `\$__DFFE_PP1'.
Successfully finished Verilog frontend.

2.34.2. Continuing TECHMAP pass.
Using template \$_DFF_P_ for cells of type $_DFF_P_.
Using template \$_DFFE_PP_ for cells of type $_DFFE_PP_.
No more expansions possible.
<suppressed ~74 debug messages>

2.35. Executing OPT_EXPR pass (perform const folding).
Optimizing module lcd_rst.
<suppressed ~84 debug messages>

2.36. Executing SIMPLEMAP pass (map simple cells to gate primitives).

2.37. Executing ICE40_FFINIT pass (implement FF init values).
Handling FF init values in lcd_rst.
FF init value for cell $auto$simplemap.cc:420:simplemap_dff$1202 (SB_DFFE): \bit_counter [2] = 0
FF init value for cell $auto$simplemap.cc:420:simplemap_dff$1200 (SB_DFFE): \bit_counter [0] = 0
FF init value for cell $auto$simplemap.cc:420:simplemap_dff$1129 (SB_DFF): \state [0] = 0
FF init value for cell $auto$simplemap.cc:420:simplemap_dff$1130 (SB_DFF): \state [1] = 0
FF init value for cell $auto$simplemap.cc:420:simplemap_dff$1131 (SB_DFF): \state [2] = 0
FF init value for cell $auto$simplemap.cc:420:simplemap_dff$1132 (SB_DFF): \state [3] = 0
FF init value for cell $auto$simplemap.cc:420:simplemap_dff$1133 (SB_DFF): \state [4] = 0
FF init value for cell $auto$simplemap.cc:420:simplemap_dff$1134 (SB_DFF): \state [5] = 0
FF init value for cell $auto$simplemap.cc:420:simplemap_dff$1135 (SB_DFF): \state [6] = 0
FF init value for cell $auto$simplemap.cc:420:simplemap_dff$1136 (SB_DFF): \state [7] = 0
FF init value for cell $auto$simplemap.cc:420:simplemap_dff$1138 (SB_DFF): \state [9] = 0
FF init value for cell $auto$simplemap.cc:420:simplemap_dff$1139 (SB_DFF): \state [10] = 0
FF init value for cell $auto$simplemap.cc:420:simplemap_dff$1140 (SB_DFF): \state [11] = 0
FF init value for cell $auto$simplemap.cc:420:simplemap_dff$1141 (SB_DFF): \state [12] = 0
FF init value for cell $auto$simplemap.cc:420:simplemap_dff$1142 (SB_DFF): \state [13] = 0
FF init value for cell $auto$simplemap.cc:420:simplemap_dff$1143 (SB_DFF): \state [14] = 0
FF init value for cell $auto$simplemap.cc:420:simplemap_dff$1144 (SB_DFF): \state [15] = 0
FF init value for cell $auto$simplemap.cc:420:simplemap_dff$1145 (SB_DFF): \state [16] = 0
FF init value for cell $auto$simplemap.cc:420:simplemap_dff$1146 (SB_DFF): \state [17] = 0
FF init value for cell $auto$simplemap.cc:420:simplemap_dff$1147 (SB_DFF): \state [18] = 0
FF init value for cell $auto$simplemap.cc:420:simplemap_dff$1148 (SB_DFF): \state [19] = 0
FF init value for cell $auto$simplemap.cc:420:simplemap_dff$1149 (SB_DFF): \state [20] = 0
FF init value for cell $auto$simplemap.cc:420:simplemap_dff$1150 (SB_DFF): \state [21] = 0
FF init value for cell $auto$simplemap.cc:420:simplemap_dff$1151 (SB_DFF): \state [22] = 0
FF init value for cell $auto$simplemap.cc:420:simplemap_dff$1152 (SB_DFF): \state [23] = 0
FF init value for cell $auto$simplemap.cc:420:simplemap_dff$1153 (SB_DFF): \state [24] = 0
FF init value for cell $auto$simplemap.cc:420:simplemap_dff$1154 (SB_DFF): \state [25] = 0
FF init value for cell $auto$simplemap.cc:420:simplemap_dff$1155 (SB_DFF): \state [26] = 0
FF init value for cell $auto$simplemap.cc:420:simplemap_dff$1156 (SB_DFF): \state [27] = 0
FF init value for cell $auto$simplemap.cc:420:simplemap_dff$1157 (SB_DFF): \state [28] = 0
FF init value for cell $auto$simplemap.cc:420:simplemap_dff$1158 (SB_DFF): \state [29] = 0
FF init value for cell $auto$simplemap.cc:420:simplemap_dff$1159 (SB_DFF): \state [30] = 0
FF init value for cell $auto$simplemap.cc:420:simplemap_dff$1160 (SB_DFF): \state [31] = 0
FF init value for cell $auto$simplemap.cc:420:simplemap_dff$1161 (SB_DFFE): \counter [0] = 0
FF init value for cell $auto$simplemap.cc:420:simplemap_dff$1162 (SB_DFFE): \counter [1] = 0
FF init value for cell $auto$simplemap.cc:420:simplemap_dff$1163 (SB_DFFE): \counter [2] = 0
FF init value for cell $auto$simplemap.cc:420:simplemap_dff$1164 (SB_DFFE): \counter [3] = 0
FF init value for cell $auto$simplemap.cc:420:simplemap_dff$1165 (SB_DFFE): \counter [4] = 0
FF init value for cell $auto$simplemap.cc:420:simplemap_dff$1166 (SB_DFFE): \counter [5] = 0
FF init value for cell $auto$simplemap.cc:420:simplemap_dff$1167 (SB_DFFE): \counter [6] = 0
FF init value for cell $auto$simplemap.cc:420:simplemap_dff$1137 (SB_DFF): \state [8] = 0
FF init value for cell $auto$simplemap.cc:420:simplemap_dff$1168 (SB_DFFE): \counter [7] = 0
FF init value for cell $auto$simplemap.cc:420:simplemap_dff$1170 (SB_DFFE): \counter [9] = 0
FF init value for cell $auto$simplemap.cc:420:simplemap_dff$1171 (SB_DFFE): \counter [10] = 0
FF init value for cell $auto$simplemap.cc:420:simplemap_dff$1172 (SB_DFFE): \counter [11] = 0
FF init value for cell $auto$simplemap.cc:420:simplemap_dff$1173 (SB_DFFE): \counter [12] = 0
FF init value for cell $auto$simplemap.cc:420:simplemap_dff$1174 (SB_DFFE): \counter [13] = 0
FF init value for cell $auto$simplemap.cc:420:simplemap_dff$1175 (SB_DFFE): \counter [14] = 0
FF init value for cell $auto$simplemap.cc:420:simplemap_dff$1176 (SB_DFFE): \counter [15] = 0
FF init value for cell $auto$simplemap.cc:420:simplemap_dff$1177 (SB_DFFE): \counter [16] = 0
FF init value for cell $auto$simplemap.cc:420:simplemap_dff$1178 (SB_DFFE): \counter [17] = 0
FF init value for cell $auto$simplemap.cc:420:simplemap_dff$1179 (SB_DFFE): \counter [18] = 0
FF init value for cell $auto$simplemap.cc:420:simplemap_dff$1180 (SB_DFFE): \counter [19] = 0
FF init value for cell $auto$simplemap.cc:420:simplemap_dff$1181 (SB_DFFE): \counter [20] = 0
FF init value for cell $auto$simplemap.cc:420:simplemap_dff$1182 (SB_DFFE): \counter [21] = 0
FF init value for cell $auto$simplemap.cc:420:simplemap_dff$1183 (SB_DFFE): \counter [22] = 0
FF init value for cell $auto$simplemap.cc:420:simplemap_dff$1184 (SB_DFFE): \counter [23] = 0
FF init value for cell $auto$simplemap.cc:420:simplemap_dff$1185 (SB_DFFE): \counter [24] = 0
FF init value for cell $auto$simplemap.cc:420:simplemap_dff$1186 (SB_DFFE): \counter [25] = 0
FF init value for cell $auto$simplemap.cc:420:simplemap_dff$1187 (SB_DFFE): \data [0] = 0
FF init value for cell $auto$simplemap.cc:420:simplemap_dff$1188 (SB_DFFE): \data [1] = 0
FF init value for cell $auto$simplemap.cc:420:simplemap_dff$1189 (SB_DFFE): \data [2] = 0
FF init value for cell $auto$simplemap.cc:420:simplemap_dff$1190 (SB_DFFE): \data [3] = 0
FF init value for cell $auto$simplemap.cc:420:simplemap_dff$1191 (SB_DFFE): \data [4] = 0
FF init value for cell $auto$simplemap.cc:420:simplemap_dff$1192 (SB_DFFE): \data [5] = 0
FF init value for cell $auto$simplemap.cc:420:simplemap_dff$1193 (SB_DFFE): \data [6] = 0
FF init value for cell $auto$simplemap.cc:420:simplemap_dff$1169 (SB_DFFE): \counter [8] = 0
FF init value for cell $auto$simplemap.cc:420:simplemap_dff$1194 (SB_DFFE): \data [7] = 0
FF init value for cell $auto$simplemap.cc:420:simplemap_dff$1201 (SB_DFFE): \bit_counter [1] = 0

2.38. Executing ICE40_FFSSR pass (merge synchronous set/reset into FF cells).
Merging set/reset $_MUX_ cells into SB_FFs in lcd_rst.
  Merging $auto$simplemap.cc:277:simplemap_mux$2178 (A=1'0, B=$procmux$119.Y_B [0], S=$techmap$procmux$119.$reduce_or$/usr/bin/../share/yosys/techmap.v:445$1044_Y) into $auto$simplemap.cc:420:simplemap_dff$1129 (SB_DFF).
  Merging $auto$simplemap.cc:277:simplemap_mux$2179 (A=1'0, B=$procmux$119.Y_B [1], S=$techmap$procmux$119.$reduce_or$/usr/bin/../share/yosys/techmap.v:445$1044_Y) into $auto$simplemap.cc:420:simplemap_dff$1130 (SB_DFF).
  Merging $auto$simplemap.cc:277:simplemap_mux$2180 (A=1'0, B=$procmux$119.Y_B [2], S=$techmap$procmux$119.$reduce_or$/usr/bin/../share/yosys/techmap.v:445$1044_Y) into $auto$simplemap.cc:420:simplemap_dff$1131 (SB_DFF).
  Merging $auto$simplemap.cc:277:simplemap_mux$2181 (A=1'0, B=$procmux$119.Y_B [3], S=$techmap$procmux$119.$reduce_or$/usr/bin/../share/yosys/techmap.v:445$1044_Y) into $auto$simplemap.cc:420:simplemap_dff$1132 (SB_DFF).
  Merging $auto$simplemap.cc:277:simplemap_mux$2182 (A=1'0, B=$auto$simplemap.cc:127:simplemap_reduce$1913 [1], S=$techmap$procmux$119.$reduce_or$/usr/bin/../share/yosys/techmap.v:445$1044_Y) into $auto$simplemap.cc:420:simplemap_dff$1133 (SB_DFF).
  Merging $auto$simplemap.cc:277:simplemap_mux$2183 (A=1'0, B=$auto$simplemap.cc:127:simplemap_reduce$1904 [1], S=$techmap$procmux$119.$reduce_or$/usr/bin/../share/yosys/techmap.v:445$1044_Y) into $auto$simplemap.cc:420:simplemap_dff$1134 (SB_DFF).
  Merging $auto$simplemap.cc:277:simplemap_mux$2184 (A=1'0, B=$auto$simplemap.cc:127:simplemap_reduce$1895 [1], S=$techmap$procmux$119.$reduce_or$/usr/bin/../share/yosys/techmap.v:445$1044_Y) into $auto$simplemap.cc:420:simplemap_dff$1135 (SB_DFF).
  Merging $auto$simplemap.cc:277:simplemap_mux$2185 (A=1'0, B=$auto$simplemap.cc:127:simplemap_reduce$1886 [1], S=$techmap$procmux$119.$reduce_or$/usr/bin/../share/yosys/techmap.v:445$1044_Y) into $auto$simplemap.cc:420:simplemap_dff$1136 (SB_DFF).
  Merging $auto$simplemap.cc:277:simplemap_mux$2187 (A=1'0, B=$auto$simplemap.cc:127:simplemap_reduce$1868 [1], S=$techmap$procmux$119.$reduce_or$/usr/bin/../share/yosys/techmap.v:445$1044_Y) into $auto$simplemap.cc:420:simplemap_dff$1138 (SB_DFF).
  Merging $auto$simplemap.cc:277:simplemap_mux$2188 (A=1'0, B=$auto$simplemap.cc:127:simplemap_reduce$1859 [1], S=$techmap$procmux$119.$reduce_or$/usr/bin/../share/yosys/techmap.v:445$1044_Y) into $auto$simplemap.cc:420:simplemap_dff$1139 (SB_DFF).
  Merging $auto$simplemap.cc:277:simplemap_mux$2189 (A=1'0, B=$auto$simplemap.cc:127:simplemap_reduce$1850 [1], S=$techmap$procmux$119.$reduce_or$/usr/bin/../share/yosys/techmap.v:445$1044_Y) into $auto$simplemap.cc:420:simplemap_dff$1140 (SB_DFF).
  Merging $auto$simplemap.cc:277:simplemap_mux$2190 (A=1'0, B=$auto$simplemap.cc:127:simplemap_reduce$1841 [1], S=$techmap$procmux$119.$reduce_or$/usr/bin/../share/yosys/techmap.v:445$1044_Y) into $auto$simplemap.cc:420:simplemap_dff$1141 (SB_DFF).
  Merging $auto$simplemap.cc:277:simplemap_mux$2191 (A=1'0, B=$auto$simplemap.cc:127:simplemap_reduce$1832 [1], S=$techmap$procmux$119.$reduce_or$/usr/bin/../share/yosys/techmap.v:445$1044_Y) into $auto$simplemap.cc:420:simplemap_dff$1142 (SB_DFF).
  Merging $auto$simplemap.cc:277:simplemap_mux$2192 (A=1'0, B=$auto$simplemap.cc:127:simplemap_reduce$1823 [1], S=$techmap$procmux$119.$reduce_or$/usr/bin/../share/yosys/techmap.v:445$1044_Y) into $auto$simplemap.cc:420:simplemap_dff$1143 (SB_DFF).
  Merging $auto$simplemap.cc:277:simplemap_mux$2193 (A=1'0, B=$auto$simplemap.cc:127:simplemap_reduce$1814 [1], S=$techmap$procmux$119.$reduce_or$/usr/bin/../share/yosys/techmap.v:445$1044_Y) into $auto$simplemap.cc:420:simplemap_dff$1144 (SB_DFF).
  Merging $auto$simplemap.cc:277:simplemap_mux$2194 (A=1'0, B=$auto$simplemap.cc:127:simplemap_reduce$1805 [1], S=$techmap$procmux$119.$reduce_or$/usr/bin/../share/yosys/techmap.v:445$1044_Y) into $auto$simplemap.cc:420:simplemap_dff$1145 (SB_DFF).
  Merging $auto$simplemap.cc:277:simplemap_mux$2195 (A=1'0, B=$auto$simplemap.cc:127:simplemap_reduce$1796 [1], S=$techmap$procmux$119.$reduce_or$/usr/bin/../share/yosys/techmap.v:445$1044_Y) into $auto$simplemap.cc:420:simplemap_dff$1146 (SB_DFF).
  Merging $auto$simplemap.cc:277:simplemap_mux$2196 (A=1'0, B=$auto$simplemap.cc:127:simplemap_reduce$1787 [1], S=$techmap$procmux$119.$reduce_or$/usr/bin/../share/yosys/techmap.v:445$1044_Y) into $auto$simplemap.cc:420:simplemap_dff$1147 (SB_DFF).
  Merging $auto$simplemap.cc:277:simplemap_mux$2197 (A=1'0, B=$auto$simplemap.cc:127:simplemap_reduce$1778 [1], S=$techmap$procmux$119.$reduce_or$/usr/bin/../share/yosys/techmap.v:445$1044_Y) into $auto$simplemap.cc:420:simplemap_dff$1148 (SB_DFF).
  Merging $auto$simplemap.cc:277:simplemap_mux$2198 (A=1'0, B=$auto$simplemap.cc:127:simplemap_reduce$1769 [1], S=$techmap$procmux$119.$reduce_or$/usr/bin/../share/yosys/techmap.v:445$1044_Y) into $auto$simplemap.cc:420:simplemap_dff$1149 (SB_DFF).
  Merging $auto$simplemap.cc:277:simplemap_mux$2199 (A=1'0, B=$auto$simplemap.cc:127:simplemap_reduce$1760 [1], S=$techmap$procmux$119.$reduce_or$/usr/bin/../share/yosys/techmap.v:445$1044_Y) into $auto$simplemap.cc:420:simplemap_dff$1150 (SB_DFF).
  Merging $auto$simplemap.cc:277:simplemap_mux$2200 (A=1'0, B=$auto$simplemap.cc:127:simplemap_reduce$1751 [1], S=$techmap$procmux$119.$reduce_or$/usr/bin/../share/yosys/techmap.v:445$1044_Y) into $auto$simplemap.cc:420:simplemap_dff$1151 (SB_DFF).
  Merging $auto$simplemap.cc:277:simplemap_mux$2201 (A=1'0, B=$auto$simplemap.cc:127:simplemap_reduce$1742 [1], S=$techmap$procmux$119.$reduce_or$/usr/bin/../share/yosys/techmap.v:445$1044_Y) into $auto$simplemap.cc:420:simplemap_dff$1152 (SB_DFF).
  Merging $auto$simplemap.cc:277:simplemap_mux$2202 (A=1'0, B=$auto$simplemap.cc:127:simplemap_reduce$1733 [1], S=$techmap$procmux$119.$reduce_or$/usr/bin/../share/yosys/techmap.v:445$1044_Y) into $auto$simplemap.cc:420:simplemap_dff$1153 (SB_DFF).
  Merging $auto$simplemap.cc:277:simplemap_mux$2203 (A=1'0, B=$auto$simplemap.cc:127:simplemap_reduce$1724 [1], S=$techmap$procmux$119.$reduce_or$/usr/bin/../share/yosys/techmap.v:445$1044_Y) into $auto$simplemap.cc:420:simplemap_dff$1154 (SB_DFF).
  Merging $auto$simplemap.cc:277:simplemap_mux$2204 (A=1'0, B=$auto$simplemap.cc:127:simplemap_reduce$1715 [1], S=$techmap$procmux$119.$reduce_or$/usr/bin/../share/yosys/techmap.v:445$1044_Y) into $auto$simplemap.cc:420:simplemap_dff$1155 (SB_DFF).
  Merging $auto$simplemap.cc:277:simplemap_mux$2205 (A=1'0, B=$auto$simplemap.cc:127:simplemap_reduce$1706 [1], S=$techmap$procmux$119.$reduce_or$/usr/bin/../share/yosys/techmap.v:445$1044_Y) into $auto$simplemap.cc:420:simplemap_dff$1156 (SB_DFF).
  Merging $auto$simplemap.cc:277:simplemap_mux$2206 (A=1'0, B=$auto$simplemap.cc:127:simplemap_reduce$1697 [1], S=$techmap$procmux$119.$reduce_or$/usr/bin/../share/yosys/techmap.v:445$1044_Y) into $auto$simplemap.cc:420:simplemap_dff$1157 (SB_DFF).
  Merging $auto$simplemap.cc:277:simplemap_mux$2207 (A=1'0, B=$auto$simplemap.cc:127:simplemap_reduce$1688 [1], S=$techmap$procmux$119.$reduce_or$/usr/bin/../share/yosys/techmap.v:445$1044_Y) into $auto$simplemap.cc:420:simplemap_dff$1158 (SB_DFF).
  Merging $auto$simplemap.cc:277:simplemap_mux$2208 (A=1'0, B=$auto$simplemap.cc:127:simplemap_reduce$1679 [1], S=$techmap$procmux$119.$reduce_or$/usr/bin/../share/yosys/techmap.v:445$1044_Y) into $auto$simplemap.cc:420:simplemap_dff$1159 (SB_DFF).
  Merging $auto$simplemap.cc:277:simplemap_mux$2209 (A=1'0, B=$auto$simplemap.cc:127:simplemap_reduce$1670 [1], S=$techmap$procmux$119.$reduce_or$/usr/bin/../share/yosys/techmap.v:445$1044_Y) into $auto$simplemap.cc:420:simplemap_dff$1160 (SB_DFF).
  Merging $auto$simplemap.cc:277:simplemap_mux$2186 (A=1'0, B=$auto$simplemap.cc:127:simplemap_reduce$1877 [1], S=$techmap$procmux$119.$reduce_or$/usr/bin/../share/yosys/techmap.v:445$1044_Y) into $auto$simplemap.cc:420:simplemap_dff$1137 (SB_DFF).

2.39. Executing ICE40_OPT pass (performing simple optimizations).

2.39.1. Running ICE40 specific optimizations.

2.39.2. Executing OPT_EXPR pass (perform const folding).
Optimizing module lcd_rst.
<suppressed ~92 debug messages>

2.39.3. Executing OPT_MERGE pass (detect identical cells).
Finding identical cells in module `\lcd_rst'.
<suppressed ~93 debug messages>
Removed a total of 31 cells.

2.39.4. Executing OPT_RMDFF pass (remove dff with constant values).

2.39.5. Executing OPT_CLEAN pass (remove unused cells and wires).
Finding unused cells or wires in module \lcd_rst..
Removed 32 unused cells and 388 unused wires.
<suppressed ~33 debug messages>

2.39.6. Rerunning OPT passes. (Removed registers in this run.)

2.39.7. Running ICE40 specific optimizations.

2.39.8. Executing OPT_EXPR pass (perform const folding).
Optimizing module lcd_rst.

2.39.9. Executing OPT_MERGE pass (detect identical cells).
Finding identical cells in module `\lcd_rst'.
Removed a total of 0 cells.

2.39.10. Executing OPT_RMDFF pass (remove dff with constant values).

2.39.11. Executing OPT_CLEAN pass (remove unused cells and wires).
Finding unused cells or wires in module \lcd_rst..

2.39.12. Finished OPT passes. (There is nothing left to do.)

2.40. Executing TECHMAP pass (map to technology primitives).

2.40.1. Executing Verilog-2005 frontend: /usr/bin/../share/yosys/ice40/latches_map.v
Parsing Verilog input from `/usr/bin/../share/yosys/ice40/latches_map.v' to AST representation.
Generating RTLIL representation for module `\$_DLATCH_N_'.
Generating RTLIL representation for module `\$_DLATCH_P_'.
Successfully finished Verilog frontend.

2.40.2. Continuing TECHMAP pass.
No more expansions possible.

2.41. Executing ABC pass (technology mapping using ABC).

2.41.1. Extracting gate netlist of module `\lcd_rst' to `<abc-temp-dir>/input.blif'..
Extracted 452 gates and 555 wires to a netlist network with 101 inputs and 83 outputs.

2.41.1.1. Executing ABC.
Running ABC command: berkeley-abc -s -f <abc-temp-dir>/abc.script 2>&1
ABC: ABC command line: "source <abc-temp-dir>/abc.script".
ABC: 
ABC: + read_blif <abc-temp-dir>/input.blif 
ABC: + read_lut <abc-temp-dir>/lutdefs.txt 
ABC: + strash 
ABC: + ifraig 
ABC: + scorr 
ABC: Warning: The network is combinational (run "fraig" or "fraig_sweep").
ABC: + dc2 
ABC: + dretime 
ABC: + retime 
ABC: + strash 
ABC: + dch -f 
ABC: + if 
ABC: + mfs2 
ABC: + lutpack -S 1 
ABC: + dress 
ABC: Total number of equiv classes                =      80.
ABC: Participating nodes from both networks       =     198.
ABC: Participating nodes from the first network   =     108. (  83.08 % of nodes)
ABC: Participating nodes from the second network  =      90. (  69.23 % of nodes)
ABC: Node pairs (any polarity)                    =      82. (  63.08 % of names can be moved)
ABC: Node pairs (same polarity)                   =      65. (  50.00 % of names can be moved)
ABC: Total runtime =     0.14 sec
ABC: + write_blif <abc-temp-dir>/output.blif 

2.41.1.2. Re-integrating ABC results.
ABC RESULTS:              $lut cells:      202
ABC RESULTS:        internal signals:      371
ABC RESULTS:           input signals:      101
ABC RESULTS:          output signals:       83
Removing temp directory.
Removed 0 unused cells and 304 unused wires.

2.42. Executing TECHMAP pass (map to technology primitives).

2.42.1. Executing Verilog-2005 frontend: /usr/bin/../share/yosys/ice40/cells_map.v
Parsing Verilog input from `/usr/bin/../share/yosys/ice40/cells_map.v' to AST representation.
Generating RTLIL representation for module `\$_DFF_N_'.
Generating RTLIL representation for module `\$_DFF_P_'.
Generating RTLIL representation for module `\$_DFFE_NN_'.
Generating RTLIL representation for module `\$_DFFE_PN_'.
Generating RTLIL representation for module `\$_DFFE_NP_'.
Generating RTLIL representation for module `\$_DFFE_PP_'.
Generating RTLIL representation for module `\$_DFF_NN0_'.
Generating RTLIL representation for module `\$_DFF_NN1_'.
Generating RTLIL representation for module `\$_DFF_PN0_'.
Generating RTLIL representation for module `\$_DFF_PN1_'.
Generating RTLIL representation for module `\$_DFF_NP0_'.
Generating RTLIL representation for module `\$_DFF_NP1_'.
Generating RTLIL representation for module `\$_DFF_PP0_'.
Generating RTLIL representation for module `\$_DFF_PP1_'.
Generating RTLIL representation for module `\$__DFFE_NN0'.
Generating RTLIL representation for module `\$__DFFE_NN1'.
Generating RTLIL representation for module `\$__DFFE_PN0'.
Generating RTLIL representation for module `\$__DFFE_PN1'.
Generating RTLIL representation for module `\$__DFFE_NP0'.
Generating RTLIL representation for module `\$__DFFE_NP1'.
Generating RTLIL representation for module `\$__DFFE_PP0'.
Generating RTLIL representation for module `\$__DFFE_PP1'.
Generating RTLIL representation for module `\$lut'.
Successfully finished Verilog frontend.

2.42.2. Continuing TECHMAP pass.
Using template $paramod\$lut\WIDTH=4\LUT=16'0001000000000000 for cells of type $lut.
Using template $paramod\$lut\WIDTH=4\LUT=16'0100000000000000 for cells of type $lut.
Using template $paramod\$lut\WIDTH=3\LUT=8'10000000 for cells of type $lut.
Using template $paramod\$lut\WIDTH=4\LUT=16'0000000000000001 for cells of type $lut.
Using template $paramod\$lut\WIDTH=4\LUT=16'1000000000000000 for cells of type $lut.
Using template $paramod\$lut\WIDTH=2\LUT=4'0001 for cells of type $lut.
Using template $paramod\$lut\WIDTH=2\LUT=4'0100 for cells of type $lut.
Using template $paramod\$lut\WIDTH=2\LUT=4'1000 for cells of type $lut.
Using template $paramod\$lut\WIDTH=3\LUT=8'01000000 for cells of type $lut.
Using template $paramod\$lut\WIDTH=4\LUT=16'1111111101000000 for cells of type $lut.
Using template $paramod\$lut\WIDTH=4\LUT=16'1111100010001000 for cells of type $lut.
Using template $paramod\$lut\WIDTH=4\LUT=16'0000000000000111 for cells of type $lut.
Using template $paramod\$lut\WIDTH=3\LUT=8'00000111 for cells of type $lut.
Using template $paramod\$lut\WIDTH=2\LUT=4'1110 for cells of type $lut.
Using template $paramod\$lut\WIDTH=3\LUT=8'10111111 for cells of type $lut.
Using template $paramod\$lut\WIDTH=3\LUT=8'11100000 for cells of type $lut.
Using template $paramod\$lut\WIDTH=3\LUT=8'00010000 for cells of type $lut.
Using template $paramod\$lut\WIDTH=4\LUT=16'1111111011111111 for cells of type $lut.
Using template $paramod\$lut\WIDTH=4\LUT=16'1111111111111110 for cells of type $lut.
Using template $paramod\$lut\WIDTH=3\LUT=8'00011111 for cells of type $lut.
Using template $paramod\$lut\WIDTH=3\LUT=8'11110100 for cells of type $lut.
Using template $paramod\$lut\WIDTH=3\LUT=8'11101111 for cells of type $lut.
Using template $paramod\$lut\WIDTH=3\LUT=8'11111110 for cells of type $lut.
Using template $paramod\$lut\WIDTH=3\LUT=8'10001111 for cells of type $lut.
Using template $paramod\$lut\WIDTH=4\LUT=16'1010101100110000 for cells of type $lut.
Using template $paramod\$lut\WIDTH=3\LUT=8'11111000 for cells of type $lut.
Using template $paramod\$lut\WIDTH=4\LUT=16'1111100011111111 for cells of type $lut.
Using template $paramod\$lut\WIDTH=4\LUT=16'1111100000000000 for cells of type $lut.
Using template $paramod\$lut\WIDTH=4\LUT=16'1111111111100000 for cells of type $lut.
Using template $paramod\$lut\WIDTH=4\LUT=16'1011101011000000 for cells of type $lut.
No more expansions possible.
<suppressed ~431 debug messages>
Removed 0 unused cells and 202 unused wires.

2.43. Executing HIERARCHY pass (managing design hierarchy).

2.43.1. Analyzing design hierarchy..
Top module:  \lcd_rst

2.43.2. Analyzing design hierarchy..
Top module:  \lcd_rst
Removed 0 unused modules.

2.44. Printing statistics.

=== lcd_rst ===

   Number of wires:                107
   Number of wire bits:            233
   Number of public wires:          11
   Number of public wire bits:      76
   Number of memories:               0
   Number of memory bits:            0
   Number of processes:              0
   Number of cells:                227
     SB_CARRY                       25
     SB_DFFE                        42
     SB_DFFSR                       32
     SB_LUT4                       128

2.45. Executing CHECK pass (checking for obvious problems).
checking module lcd_rst..
found and reported 0 problems.

2.46. Executing BLIF backend.

2.47. Executing JSON backend.

Warnings: 2 unique messages, 2 total
End of script. Logfile hash: c9ce22435f
CPU: user 1.24s system 0.13s, MEM: 46.09 MB total, 40.52 MB resident
Yosys 0.9 (git sha1 1979e0b)
Time spent: 17% 18x opt_expr (0 sec), 16% 10x read_verilog (0 sec), ...
