Info: constrained 'CLK' to bel 'X0/Y8/io1'
Info: constrained 'CMD' to bel 'X13/Y11/io0'
Info: constrained 'SD_CLK' to bel 'X10/Y0/io0'
Info: constrained 'DAT[3]' to bel 'X13/Y12/io0'
Info: constrained 'DAT[2]' to bel 'X13/Y9/io0'
Info: constrained 'DAT[1]' to bel 'X0/Y9/io1'
Info: constrained 'DAT[0]' to bel 'X0/Y8/io0'
Info: constrained 'LED' to bel 'X13/Y11/io1'

Info: Packing constants..
Info: Packing IOs..
Info: Packing LUT-FFs..
Info:      352 LCs used as LUT4 only
Info:      141 LCs used as LUT4 and DFF
Info: Packing non-LUT FFs..
Info:       21 LCs used as DFF only
Info: Packing carries..
Info:        9 LCs used as CARRY only
Info: Packing RAMs..
Info: Placing PLLs..
Info: Packing special functions..
Info: Packing PLLs..
Info: Promoting globals..
Info: promoting CLK$SB_IO_IN (fanout 149)
Info: promoting $abc$32840$auto$rtlil.cc:1969:NotGate$32760 [reset] (fanout 32)
Info: promoting $abc$32840$auto$dff2dffe.cc:175:make_patterns_logic$30582 [cen] (fanout 45)
Info: promoting $abc$32840$auto$dff2dffe.cc:158:make_patterns_logic$30335 [cen] (fanout 16)
Info: promoting $abc$32840$auto$dff2dffe.cc:175:make_patterns_logic$31390 [cen] (fanout 16)
Info: promoting one_hundredkhz (fanout 14)
Info: promoting $PACKER_GND_NET (fanout 1)
Info: Constraining chains...
Info:        9 LCs used to legalise carry chains.
Info: Checksum: 0xb6b2b814

Info: Annotating ports with timing budgets for target frequency 36.00 MHz
Info: Checksum: 0x8861108f

Info: Device utilisation:
Info: 	         ICESTORM_LC:   534/ 1280    41%
Info: 	        ICESTORM_RAM:     1/   16     6%
Info: 	               SB_IO:     8/  112     7%
Info: 	               SB_GB:     7/    8    87%
Info: 	        ICESTORM_PLL:     0/    1     0%
Info: 	         SB_WARMBOOT:     0/    1     0%

Info: Placed 8 cells based on constraints.
Info: Creating initial analytic placement for 488 cells, random placement wirelen = 6820.
Info:     at initial placer iter 0, wirelen = 117
Info:     at initial placer iter 1, wirelen = 72
Info:     at initial placer iter 2, wirelen = 77
Info:     at initial placer iter 3, wirelen = 66
Info: Running main analytical placer.
Info:     at iteration #1, type ALL: wirelen solved = 77, spread = 2426, legal = 2610; time = 0.09s
Info:     at iteration #2, type ALL: wirelen solved = 111, spread = 1831, legal = 2017; time = 0.06s
Info:     at iteration #3, type ALL: wirelen solved = 174, spread = 1766, legal = 1880; time = 0.07s
Info:     at iteration #4, type ALL: wirelen solved = 226, spread = 1629, legal = 1755; time = 0.07s
Info:     at iteration #5, type ALL: wirelen solved = 272, spread = 1484, legal = 1721; time = 0.06s
Info:     at iteration #6, type ALL: wirelen solved = 356, spread = 1365, legal = 1688; time = 0.06s
Info:     at iteration #7, type ALL: wirelen solved = 369, spread = 1371, legal = 1531; time = 0.04s
Info:     at iteration #8, type ALL: wirelen solved = 377, spread = 1423, legal = 1619; time = 0.06s
Info:     at iteration #9, type ALL: wirelen solved = 449, spread = 1469, legal = 1745; time = 0.05s
Info:     at iteration #10, type ALL: wirelen solved = 464, spread = 1389, legal = 1728; time = 0.05s
Info:     at iteration #11, type ALL: wirelen solved = 537, spread = 1440, legal = 1707; time = 0.27s
Info:     at iteration #12, type ALL: wirelen solved = 575, spread = 1391, legal = 1626; time = 0.03s
Info: HeAP Placer Time: 1.25s
Info:   of which solving equations: 0.79s
Info:   of which spreading cells: 0.04s
Info:   of which strict legalisation: 0.27s

Info: Running simulated annealing placer for refinement.
Info:   at iteration #1: temp = 0.000000, timing cost = 226, wirelen = 1531
Info:   at iteration #5: temp = 0.000000, timing cost = 142, wirelen = 1259
Info:   at iteration #10: temp = 0.000000, timing cost = 106, wirelen = 1215
Info:   at iteration #15: temp = 0.000000, timing cost = 93, wirelen = 1157
Info:   at iteration #20: temp = 0.000000, timing cost = 114, wirelen = 1112
Info:   at iteration #24: temp = 0.000000, timing cost = 111, wirelen = 1091 
Info: SA placement time 1.23s

Info: Max frequency for clock 'one_hundredkhz_$glb_clk': 138.52 MHz (PASS at 36.00 MHz)
Info: Max frequency for clock   'CLK$SB_IO_IN_$glb_clk': 80.40 MHz (PASS at 36.00 MHz)

Info: Max delay <async>                         -> posedge CLK$SB_IO_IN_$glb_clk: 10.01 ns
Info: Max delay posedge CLK$SB_IO_IN_$glb_clk   -> <async>                      : 5.80 ns
Info: Max delay posedge one_hundredkhz_$glb_clk -> posedge CLK$SB_IO_IN_$glb_clk: 10.06 ns

Info: Slack histogram:
Info:  legend: * represents 1 endpoint(s)
Info:          + represents [1,1) endpoint(s)
Info: [ 15339,  15854) |********+
Info: [ 15854,  16369) | 
Info: [ 16369,  16884) | 
Info: [ 16884,  17399) |*********************************+
Info: [ 17399,  17914) |*********************+
Info: [ 17914,  18429) |********************+
Info: [ 18429,  18944) |***********+
Info: [ 18944,  19459) |************+
Info: [ 19459,  19974) |***************+
Info: [ 19974,  20489) |*****************************************************+
Info: [ 20489,  21004) |********************+
Info: [ 21004,  21519) |*******************************+
Info: [ 21519,  22034) |************************************+
Info: [ 22034,  22549) |*****************+
Info: [ 22549,  23064) |***************+
Info: [ 23064,  23579) |*******+
Info: [ 23579,  24094) |******+
Info: [ 24094,  24609) |*******+
Info: [ 24609,  25124) |***+
Info: [ 25124,  25639) |************************************************************ 
Info: Checksum: 0xc3ab18c3

Info: Routing..
Info: Setting up routing queue.
Info: Routing 1836 arcs.
Info:            |   (re-)routed arcs  |   delta    | remaining|       time spent     |
Info:    IterCnt |  w/ripup   wo/ripup |  w/r  wo/r |      arcs| batch(sec) total(sec)|
Info:       1000 |       58        897 |   58   897 |       910|       0.22       0.22|
Info:       2000 |      234       1721 |  176   824 |       122|       0.22       0.44|
Info:       2128 |      241       1843 |    7   122 |         0|       0.05       0.49|
Info: Routing complete.
Info: Router1 time 0.49s
Info: Checksum: 0xf70450f8

Info: Critical path report for clock 'one_hundredkhz_$glb_clk' (posedge -> posedge):
Info: curr total
Info:  0.8  0.8  Source $abc$32840$auto$blifparse.cc:492:parse_blif$33253_LC.O
Info:  1.4  2.2    Net init_delay[1] budget 4.783000 ns (1,10) -> (2,7)
Info:                Sink $abc$32840$auto$blifparse.cc:492:parse_blif$33004_LC.I1
Info:                Defined in:
Info:                  microsd.v:31
Info:  0.6  2.8  Source $abc$32840$auto$blifparse.cc:492:parse_blif$33004_LC.O
Info:  0.9  3.7    Net $abc$32840$auto$simplemap.cc:127:simplemap_reduce$24951[0]_new_inv_ budget 4.783000 ns (2,7) -> (2,8)
Info:                Sink $abc$32840$auto$blifparse.cc:492:parse_blif$33002_LC.I1
Info:  0.6  4.3  Source $abc$32840$auto$blifparse.cc:492:parse_blif$33002_LC.O
Info:  0.9  5.1    Net $abc$32840$auto$dff2dffe.cc:158:make_patterns_logic$32377 budget 6.243000 ns (2,8) -> (2,9)
Info:                Sink $abc$32840$auto$blifparse.cc:492:parse_blif$33196_LC.I1
Info:  0.6  5.7  Source $abc$32840$auto$blifparse.cc:492:parse_blif$33196_LC.O
Info:  1.9  7.6    Net $abc$32840$auto$dff2dffe.cc:175:make_patterns_logic$32398 budget 6.242000 ns (2,9) -> (1,10)
Info:                Sink $abc$32840$auto$blifparse.cc:492:parse_blif$33253_LC.CEN
Info:  0.1  7.7  Setup $abc$32840$auto$blifparse.cc:492:parse_blif$33253_LC.CEN
Info: 2.7 ns logic, 5.1 ns routing

Info: Critical path report for clock 'CLK$SB_IO_IN_$glb_clk' (posedge -> posedge):
Info: curr total
Info:  0.8  0.8  Source $abc$32840$auto$blifparse.cc:492:parse_blif$33209_LC.O
Info:  1.3  2.1    Net sd_cmd[44] budget 4.606000 ns (9,4) -> (8,4)
Info:                Sink $abc$32840$auto$blifparse.cc:492:parse_blif$32884_LC.I1
Info:                Defined in:
Info:                  microsd.v:43
Info:  0.6  2.7  Source $abc$32840$auto$blifparse.cc:492:parse_blif$32884_LC.O
Info:  2.3  5.1    Net $abc$32840$new_n441_ budget 4.605000 ns (8,4) -> (2,3)
Info:                Sink $abc$32840$auto$blifparse.cc:492:parse_blif$32883_LC.I2
Info:  0.6  5.6  Source $abc$32840$auto$blifparse.cc:492:parse_blif$32883_LC.O
Info:  1.9  7.5    Net $abc$32840$auto$simplemap.cc:256:simplemap_eqne$25169_new_inv_ budget 4.771000 ns (2,3) -> (4,2)
Info:                Sink $abc$32840$auto$blifparse.cc:492:parse_blif$33155_LC.I0
Info:  0.7  8.2  Source $abc$32840$auto$blifparse.cc:492:parse_blif$33155_LC.O
Info:  0.9  9.0    Net $abc$32840$new_n734_ budget 4.770000 ns (4,2) -> (5,3)
Info:                Sink $abc$32840$auto$blifparse.cc:492:parse_blif$33157_LC.I0
Info:  0.7  9.7  Source $abc$32840$auto$blifparse.cc:492:parse_blif$33157_LC.O
Info:  0.9 10.6    Net $abc$32840$new_n737_ budget 4.770000 ns (5,3) -> (5,4)
Info:                Sink $abc$32840$auto$blifparse.cc:492:parse_blif$33156_LC.I2
Info:  0.6 11.1  Setup $abc$32840$auto$blifparse.cc:492:parse_blif$33156_LC.I2
Info: 3.9 ns logic, 7.3 ns routing

Info: Critical path report for cross-domain path '<async>' -> 'posedge CLK$SB_IO_IN_$glb_clk':
Info: curr total
Info:  0.0  0.0  Source CMD$sb_io.D_IN_0
Info:  2.5  2.5    Net CMD$SB_IO_IN budget 6.312000 ns (13,11) -> (4,5)
Info:                Sink $abc$32840$auto$blifparse.cc:492:parse_blif$32886_LC.I1
Info:                Defined in:
Info:                  microsd.v:13
Info:  0.6  3.0  Source $abc$32840$auto$blifparse.cc:492:parse_blif$32886_LC.O
Info:  1.9  4.9    Net $abc$32840$auto$simplemap.cc:250:simplemap_eqne$25145 budget 6.478000 ns (4,5) -> (2,8)
Info:                Sink $abc$32840$auto$blifparse.cc:492:parse_blif$32889_LC.I1
Info:  0.6  5.5  Source $abc$32840$auto$blifparse.cc:492:parse_blif$32889_LC.O
Info:  0.9  6.4    Net $abc$32840$auto$simplemap.cc:127:simplemap_reduce$30168[1]_new_inv_ budget 4.862000 ns (2,8) -> (2,8)
Info:                Sink $abc$32840$auto$blifparse.cc:492:parse_blif$33189_LC.I1
Info:  0.6  7.0  Source $abc$32840$auto$blifparse.cc:492:parse_blif$33189_LC.O
Info:  2.5  9.4    Net $abc$32840$auto$dff2dffe.cc:175:make_patterns_logic$30193 budget 4.862000 ns (2,8) -> (2,11)
Info:                Sink $abc$32840$auto$blifparse.cc:492:parse_blif$33203_LC.CEN
Info:  0.1  9.5  Setup $abc$32840$auto$blifparse.cc:492:parse_blif$33203_LC.CEN
Info: 1.9 ns logic, 7.7 ns routing

Info: Critical path report for cross-domain path 'posedge CLK$SB_IO_IN_$glb_clk' -> '<async>':
Info: curr total
Info:  0.8  0.8  Source $abc$32840$auto$blifparse.cc:492:parse_blif$32841_LC.O
Info:  1.9  2.7    Net $abc$32840$auto$ice40_ffinit.cc:141:execute$32656 budget 13.161000 ns (5,6) -> (8,10)
Info:                Sink $abc$32840$auto$blifparse.cc:492:parse_blif$33226_LC.I0
Info:  0.7  3.3  Source $abc$32840$auto$blifparse.cc:492:parse_blif$33226_LC.O
Info:  1.9  5.2    Net cmd budget 13.160000 ns (8,10) -> (13,11)
Info:                Sink CMD$sb_io.D_OUT_0
Info:                Defined in:
Info:                  microsd.v:19
Info: 1.5 ns logic, 3.8 ns routing

Info: Critical path report for cross-domain path 'posedge one_hundredkhz_$glb_clk' -> 'posedge CLK$SB_IO_IN_$glb_clk':
Info: curr total
Info:  0.8  0.8  Source $abc$32840$auto$blifparse.cc:492:parse_blif$33253_LC.O
Info:  1.4  2.2    Net init_delay[1] budget 4.783000 ns (1,10) -> (2,7)
Info:                Sink $abc$32840$auto$blifparse.cc:492:parse_blif$33004_LC.I1
Info:                Defined in:
Info:                  microsd.v:31
Info:  0.6  2.8  Source $abc$32840$auto$blifparse.cc:492:parse_blif$33004_LC.O
Info:  0.9  3.7    Net $abc$32840$auto$simplemap.cc:127:simplemap_reduce$24951[0]_new_inv_ budget 4.783000 ns (2,7) -> (2,8)
Info:                Sink $abc$32840$auto$blifparse.cc:492:parse_blif$33002_LC.I1
Info:  0.6  4.3  Source $abc$32840$auto$blifparse.cc:492:parse_blif$33002_LC.O
Info:  0.9  5.1    Net $abc$32840$auto$dff2dffe.cc:158:make_patterns_logic$32377 budget 4.783000 ns (2,8) -> (2,7)
Info:                Sink $abc$32840$auto$blifparse.cc:492:parse_blif$33001_LC.I0
Info:  0.7  5.8  Source $abc$32840$auto$blifparse.cc:492:parse_blif$33001_LC.O
Info:  1.3  7.1    Net $abc$32840$procmux$24523.B_AND_S[32]_new_ budget 4.783000 ns (2,7) -> (4,7)
Info:                Sink $abc$32840$auto$blifparse.cc:492:parse_blif$32999_LC.I1
Info:                Defined in:
Info:                  microsd.v:486
Info:                  microsd.v:168
Info:                  /usr/bin/../share/yosys/techmap.v:432
Info:  0.6  7.7  Source $abc$32840$auto$blifparse.cc:492:parse_blif$32999_LC.O
Info:  0.9  8.6    Net $abc$32840$new_n556_ budget 4.783000 ns (4,7) -> (4,6)
Info:                Sink $abc$32840$auto$blifparse.cc:492:parse_blif$32997_LC.I3
Info:  0.5  9.1  Setup $abc$32840$auto$blifparse.cc:492:parse_blif$32997_LC.I3
Info: 3.7 ns logic, 5.3 ns routing

Info: Max frequency for clock 'one_hundredkhz_$glb_clk': 129.37 MHz (PASS at 36.00 MHz)
Info: Max frequency for clock   'CLK$SB_IO_IN_$glb_clk': 89.76 MHz (PASS at 36.00 MHz)

Info: Max delay <async>                         -> posedge CLK$SB_IO_IN_$glb_clk: 9.54 ns
Info: Max delay posedge CLK$SB_IO_IN_$glb_clk   -> <async>                      : 5.21 ns
Info: Max delay posedge one_hundredkhz_$glb_clk -> posedge CLK$SB_IO_IN_$glb_clk: 9.06 ns

Info: Slack histogram:
Info:  legend: * represents 1 endpoint(s)
Info:          + represents [1,1) endpoint(s)
Info: [ 16636,  17086) |****+
Info: [ 17086,  17536) |******+
Info: [ 17536,  17986) |************+
Info: [ 17986,  18436) |******************+
Info: [ 18436,  18886) |*****+
Info: [ 18886,  19336) |****************************** 
Info: [ 19336,  19786) |***************************************+
Info: [ 19786,  20236) |***********************+
Info: [ 20236,  20686) |*******************************+
Info: [ 20686,  21136) |********************************+
Info: [ 21136,  21586) |*******************************************+
Info: [ 21586,  22036) |**********************+
Info: [ 22036,  22486) |********************+
Info: [ 22486,  22936) |********+
Info: [ 22936,  23386) |********+
Info: [ 23386,  23836) |***+
Info: [ 23836,  24286) |******+
Info: [ 24286,  24736) |****+
Info: [ 24736,  25186) |******+
Info: [ 25186,  25636) |************************************************************ 

Info: Program finished normally.
