Info: constrained 'CLK' to bel 'X0/Y8/io1'
Info: constrained 'RST' to bel 'X0/Y13/io0'
Info: constrained 'SCL' to bel 'X0/Y13/io1'
Info: constrained 'DC' to bel 'X0/Y8/io0'
Info: constrained 'MOSI' to bel 'X13/Y11/io0'
Info: constrained 'CS' to bel 'X13/Y9/io0'

Info: Packing constants..
Info: Packing IOs..
Info: Packing LUT-FFs..
Info:      344 LCs used as LUT4 only
Info:       63 LCs used as LUT4 and DFF
Info: Packing non-LUT FFs..
Info:       21 LCs used as DFF only
Info: Packing carries..
Info:       96 LCs used as CARRY only
Info: Packing RAMs..
Info: Placing PLLs..
Info: Packing special functions..
Info: Packing PLLs..
Info: Promoting globals..
Info: promoting CLK$SB_IO_IN (fanout 84)
Info: promoting $abc$6521$auto$dff2dffe.cc:175:make_patterns_logic$5574 [cen] (fanout 16)
Info: promoting $abc$6521$auto$dff2dffe.cc:158:make_patterns_logic$5344 [cen] (fanout 16)
Info: Constraining chains...
Info:       16 LCs used to legalise carry chains.
Info: Checksum: 0xa8c113b5

Info: Annotating ports with timing budgets for target frequency 36.00 MHz
Info: Checksum: 0xf2dfc82f

Info: Device utilisation:
Info: 	         ICESTORM_LC:   542/ 1280    42%
Info: 	        ICESTORM_RAM:     0/   16     0%
Info: 	               SB_IO:     6/  112     5%
Info: 	               SB_GB:     3/    8    37%
Info: 	        ICESTORM_PLL:     0/    1     0%
Info: 	         SB_WARMBOOT:     0/    1     0%

Info: Placed 6 cells based on constraints.
Info: Creating initial analytic placement for 403 cells, random placement wirelen = 5983.
Info:     at initial placer iter 0, wirelen = 143
Info:     at initial placer iter 1, wirelen = 166
Info:     at initial placer iter 2, wirelen = 139
Info:     at initial placer iter 3, wirelen = 167
Info: Running main analytical placer.
Info:     at iteration #1, type ALL: wirelen solved = 138, spread = 1909, legal = 2094; time = 0.03s
Info:     at iteration #2, type ALL: wirelen solved = 172, spread = 1594, legal = 1687; time = 0.05s
Info:     at iteration #3, type ALL: wirelen solved = 149, spread = 1493, legal = 1547; time = 0.05s
Info:     at iteration #4, type ALL: wirelen solved = 213, spread = 1364, legal = 1428; time = 0.04s
Info:     at iteration #5, type ALL: wirelen solved = 238, spread = 1314, legal = 1405; time = 0.04s
Info:     at iteration #6, type ALL: wirelen solved = 282, spread = 1275, legal = 1311; time = 0.05s
Info:     at iteration #7, type ALL: wirelen solved = 331, spread = 1232, legal = 1346; time = 0.04s
Info:     at iteration #8, type ALL: wirelen solved = 338, spread = 1274, legal = 1346; time = 0.05s
Info:     at iteration #9, type ALL: wirelen solved = 351, spread = 1254, legal = 1316; time = 0.05s
Info:     at iteration #10, type ALL: wirelen solved = 361, spread = 1270, legal = 1334; time = 0.04s
Info:     at iteration #11, type ALL: wirelen solved = 357, spread = 1254, legal = 1427; time = 0.04s
Info: HeAP Placer Time: 0.75s
Info:   of which solving equations: 0.58s
Info:   of which spreading cells: 0.03s
Info:   of which strict legalisation: 0.02s

Info: Running simulated annealing placer for refinement.
Info:   at iteration #1: temp = 0.000000, timing cost = 170, wirelen = 1311
Info:   at iteration #5: temp = 0.000000, timing cost = 124, wirelen = 1117
Info:   at iteration #10: temp = 0.000000, timing cost = 143, wirelen = 1071
Info:   at iteration #13: temp = 0.000000, timing cost = 135, wirelen = 1045 
Info: SA placement time 0.46s

Info: Max frequency for clock 'CLK$SB_IO_IN_$glb_clk': 49.47 MHz (PASS at 36.00 MHz)

Info: Max delay posedge CLK$SB_IO_IN_$glb_clk -> <async>: 4.54 ns

Info: Slack histogram:
Info:  legend: * represents 1 endpoint(s)
Info:          + represents [1,1) endpoint(s)
Info: [  7564,   8463) |* 
Info: [  8463,   9362) |***** 
Info: [  9362,  10261) |************** 
Info: [ 10261,  11160) | 
Info: [ 11160,  12059) |** 
Info: [ 12059,  12958) |******************************* 
Info: [ 12958,  13857) |****************** 
Info: [ 13857,  14756) |****************** 
Info: [ 14756,  15655) |********* 
Info: [ 15655,  16554) |************** 
Info: [ 16554,  17453) |************* 
Info: [ 17453,  18352) |************************** 
Info: [ 18352,  19251) |************* 
Info: [ 19251,  20150) |***************** 
Info: [ 20150,  21049) |********** 
Info: [ 21049,  21948) |********* 
Info: [ 21948,  22847) |*********** 
Info: [ 22847,  23746) |******** 
Info: [ 23746,  24645) |************ 
Info: [ 24645,  25544) |************************ 
Info: Checksum: 0x20151241

Info: Routing..
Info: Setting up routing queue.
Info: Routing 1574 arcs.
Info:            |   (re-)routed arcs  |   delta    | remaining|       time spent     |
Info:    IterCnt |  w/ripup   wo/ripup |  w/r  wo/r |      arcs| batch(sec) total(sec)|
Info:       1000 |       59        819 |   59   819 |       637|       0.13       0.13|
Info:       1847 |      232       1494 |  173   675 |         0|       0.19       0.32|
Info: Routing complete.
Info: Router1 time 0.32s
Info: Checksum: 0xfda90fdb

Info: Critical path report for clock 'CLK$SB_IO_IN_$glb_clk' (posedge -> posedge):
Info: curr total
Info:  0.8  0.8  Source $abc$6521$auto$blifparse.cc:492:parse_blif$6722_LC.O
Info:  1.9  2.7    Net delay[0] budget 0.000000 ns (2,7) -> (4,3)
Info:                Sink $abc$6521$auto$blifparse.cc:492:parse_blif$6828_LC.I0
Info:                Defined in:
Info:                  demo.v:49
Info:  0.7  3.3  Source $abc$6521$auto$blifparse.cc:492:parse_blif$6828_LC.O
Info:  1.9  5.2    Net $auto$alumacc.cc:474:replace_alu$1095.C[1] budget 0.000000 ns (4,3) -> (2,4)
Info:                Sink $nextpnr_ICESTORM_LC_1.I1
Info:                Defined in:
Info:                  demo.v:273
Info:                  /usr/bin/../share/yosys/ice40/arith_map.v:43
Info:  0.4  5.6  Source $nextpnr_ICESTORM_LC_1.COUT
Info:  0.0  5.6    Net $nextpnr_ICESTORM_LC_1$O budget 0.000000 ns (2,4) -> (2,4)
Info:                Sink $auto$alumacc.cc:474:replace_alu$1095.slice[1].carry$CARRY.CIN
Info:  0.2  5.8  Source $auto$alumacc.cc:474:replace_alu$1095.slice[1].carry$CARRY.COUT
Info:  0.0  5.8    Net $auto$alumacc.cc:474:replace_alu$1095.C[2] budget 0.000000 ns (2,4) -> (2,4)
Info:                Sink $auto$alumacc.cc:474:replace_alu$1095.slice[2].carry$CARRY.CIN
Info:                Defined in:
Info:                  demo.v:647
Info:                  /usr/bin/../share/yosys/ice40/arith_map.v:43
Info:  0.2  6.0  Source $auto$alumacc.cc:474:replace_alu$1095.slice[2].carry$CARRY.COUT
Info:  0.0  6.0    Net $auto$alumacc.cc:474:replace_alu$1095.C[3] budget 0.000000 ns (2,4) -> (2,4)
Info:                Sink $auto$alumacc.cc:474:replace_alu$1095.slice[3].carry$CARRY.CIN
Info:                Defined in:
Info:                  demo.v:647
Info:                  /usr/bin/../share/yosys/ice40/arith_map.v:43
Info:  0.2  6.2  Source $auto$alumacc.cc:474:replace_alu$1095.slice[3].carry$CARRY.COUT
Info:  0.0  6.2    Net $auto$alumacc.cc:474:replace_alu$1095.C[4] budget 0.000000 ns (2,4) -> (2,4)
Info:                Sink $auto$alumacc.cc:474:replace_alu$1095.slice[4].carry$CARRY.CIN
Info:                Defined in:
Info:                  demo.v:647
Info:                  /usr/bin/../share/yosys/ice40/arith_map.v:43
Info:  0.2  6.3  Source $auto$alumacc.cc:474:replace_alu$1095.slice[4].carry$CARRY.COUT
Info:  0.0  6.3    Net $auto$alumacc.cc:474:replace_alu$1095.C[5] budget 0.000000 ns (2,4) -> (2,4)
Info:                Sink $auto$alumacc.cc:474:replace_alu$1095.slice[5].carry$CARRY.CIN
Info:                Defined in:
Info:                  demo.v:647
Info:                  /usr/bin/../share/yosys/ice40/arith_map.v:43
Info:  0.2  6.5  Source $auto$alumacc.cc:474:replace_alu$1095.slice[5].carry$CARRY.COUT
Info:  0.0  6.5    Net $auto$alumacc.cc:474:replace_alu$1095.C[6] budget 0.000000 ns (2,4) -> (2,4)
Info:                Sink $auto$alumacc.cc:474:replace_alu$1095.slice[6].carry$CARRY.CIN
Info:                Defined in:
Info:                  demo.v:647
Info:                  /usr/bin/../share/yosys/ice40/arith_map.v:43
Info:  0.2  6.7  Source $auto$alumacc.cc:474:replace_alu$1095.slice[6].carry$CARRY.COUT
Info:  0.0  6.7    Net $auto$alumacc.cc:474:replace_alu$1095.C[7] budget 0.000000 ns (2,4) -> (2,4)
Info:                Sink $auto$alumacc.cc:474:replace_alu$1095.slice[7].carry$CARRY.CIN
Info:                Defined in:
Info:                  demo.v:647
Info:                  /usr/bin/../share/yosys/ice40/arith_map.v:43
Info:  0.2  6.9  Source $auto$alumacc.cc:474:replace_alu$1095.slice[7].carry$CARRY.COUT
Info:  0.3  7.2    Net $auto$alumacc.cc:474:replace_alu$1095.C[8] budget 0.290000 ns (2,4) -> (2,5)
Info:                Sink $auto$alumacc.cc:474:replace_alu$1095.slice[8].carry$CARRY.CIN
Info:                Defined in:
Info:                  demo.v:647
Info:                  /usr/bin/../share/yosys/ice40/arith_map.v:43
Info:  0.2  7.4  Source $auto$alumacc.cc:474:replace_alu$1095.slice[8].carry$CARRY.COUT
Info:  0.0  7.4    Net $auto$alumacc.cc:474:replace_alu$1095.C[9] budget 0.000000 ns (2,5) -> (2,5)
Info:                Sink $auto$alumacc.cc:474:replace_alu$1095.slice[9].carry$CARRY.CIN
Info:                Defined in:
Info:                  demo.v:647
Info:                  /usr/bin/../share/yosys/ice40/arith_map.v:43
Info:  0.2  7.6  Source $auto$alumacc.cc:474:replace_alu$1095.slice[9].carry$CARRY.COUT
Info:  0.0  7.6    Net $auto$alumacc.cc:474:replace_alu$1095.C[10] budget 0.000000 ns (2,5) -> (2,5)
Info:                Sink $auto$alumacc.cc:474:replace_alu$1095.slice[10].carry$CARRY.CIN
Info:                Defined in:
Info:                  demo.v:647
Info:                  /usr/bin/../share/yosys/ice40/arith_map.v:43
Info:  0.2  7.7  Source $auto$alumacc.cc:474:replace_alu$1095.slice[10].carry$CARRY.COUT
Info:  0.0  7.7    Net $auto$alumacc.cc:474:replace_alu$1095.C[11] budget 0.000000 ns (2,5) -> (2,5)
Info:                Sink $auto$alumacc.cc:474:replace_alu$1095.slice[11].carry$CARRY.CIN
Info:                Defined in:
Info:                  demo.v:647
Info:                  /usr/bin/../share/yosys/ice40/arith_map.v:43
Info:  0.2  7.9  Source $auto$alumacc.cc:474:replace_alu$1095.slice[11].carry$CARRY.COUT
Info:  0.0  7.9    Net $auto$alumacc.cc:474:replace_alu$1095.C[12] budget 0.000000 ns (2,5) -> (2,5)
Info:                Sink $auto$alumacc.cc:474:replace_alu$1095.slice[12].carry$CARRY.CIN
Info:                Defined in:
Info:                  demo.v:647
Info:                  /usr/bin/../share/yosys/ice40/arith_map.v:43
Info:  0.2  8.1  Source $auto$alumacc.cc:474:replace_alu$1095.slice[12].carry$CARRY.COUT
Info:  0.0  8.1    Net $auto$alumacc.cc:474:replace_alu$1095.C[13] budget 0.000000 ns (2,5) -> (2,5)
Info:                Sink $auto$alumacc.cc:474:replace_alu$1095.slice[13].carry$CARRY.CIN
Info:                Defined in:
Info:                  demo.v:647
Info:                  /usr/bin/../share/yosys/ice40/arith_map.v:43
Info:  0.2  8.3  Source $auto$alumacc.cc:474:replace_alu$1095.slice[13].carry$CARRY.COUT
Info:  0.0  8.3    Net $auto$alumacc.cc:474:replace_alu$1095.C[14] budget 0.000000 ns (2,5) -> (2,5)
Info:                Sink $auto$alumacc.cc:474:replace_alu$1095.slice[14].carry$CARRY.CIN
Info:                Defined in:
Info:                  demo.v:647
Info:                  /usr/bin/../share/yosys/ice40/arith_map.v:43
Info:  0.2  8.5  Source $auto$alumacc.cc:474:replace_alu$1095.slice[14].carry$CARRY.COUT
Info:  0.0  8.5    Net $auto$alumacc.cc:474:replace_alu$1095.C[15] budget 0.000000 ns (2,5) -> (2,5)
Info:                Sink $auto$alumacc.cc:474:replace_alu$1095.slice[15].carry$CARRY.CIN
Info:                Defined in:
Info:                  demo.v:647
Info:                  /usr/bin/../share/yosys/ice40/arith_map.v:43
Info:  0.2  8.7  Source $auto$alumacc.cc:474:replace_alu$1095.slice[15].carry$CARRY.COUT
Info:  0.7  9.3    Net $nextpnr_ICESTORM_LC_2$I3 budget 0.670000 ns (2,5) -> (2,6)
Info:                Sink $nextpnr_ICESTORM_LC_2.I3
Info:  0.5  9.8  Source $nextpnr_ICESTORM_LC_2.O
Info:  1.4 11.2    Net $abc$6521$auto$alumacc.cc:491:replace_alu$1097[15] budget 7.194000 ns (2,6) -> (2,8)
Info:                Sink $abc$6521$auto$blifparse.cc:492:parse_blif$6707_LC.I2
Info:  0.6 11.8  Source $abc$6521$auto$blifparse.cc:492:parse_blif$6707_LC.O
Info:  0.9 12.6    Net $abc$6521$auto$rtlil.cc:1863:Or$1103_new_inv_ budget 2.398000 ns (2,8) -> (2,9)
Info:                Sink $abc$6521$auto$blifparse.cc:492:parse_blif$6858_LC.I0
Info:  0.7 13.3  Source $abc$6521$auto$blifparse.cc:492:parse_blif$6858_LC.O
Info:  0.9 14.2    Net $abc$6521$new_n626_ budget 2.398000 ns (2,9) -> (2,9)
Info:                Sink $abc$6521$auto$blifparse.cc:492:parse_blif$6859_LC.I0
Info:  0.7 14.8  Source $abc$6521$auto$blifparse.cc:492:parse_blif$6859_LC.O
Info:  1.9 16.7    Net $abc$6521$new_n627_ budget 2.398000 ns (2,9) -> (4,8)
Info:                Sink $abc$6521$auto$blifparse.cc:492:parse_blif$6862_LC.I0
Info:  0.7 17.4  Source $abc$6521$auto$blifparse.cc:492:parse_blif$6862_LC.O
Info:  0.9 18.3    Net $abc$6521$new_n630_ budget 2.398000 ns (4,8) -> (5,7)
Info:                Sink $abc$6521$auto$blifparse.cc:492:parse_blif$6767_LC.I3
Info:  0.5 18.7  Source $abc$6521$auto$blifparse.cc:492:parse_blif$6767_LC.O
Info:  0.9 19.6    Net $abc$6521$new_n508_ budget 2.397000 ns (5,7) -> (5,7)
Info:                Sink $abc$6521$auto$blifparse.cc:492:parse_blif$6765_LC.I3
Info:  0.5 20.1  Setup $abc$6521$auto$blifparse.cc:492:parse_blif$6765_LC.I3
Info: 8.6 ns logic, 11.5 ns routing

Info: Critical path report for cross-domain path 'posedge CLK$SB_IO_IN_$glb_clk' -> '<async>':
Info: curr total
Info:  0.8  0.8  Source $auto$simplemap.cc:420:simplemap_dff$3903_DFFLC.O
Info:  0.9  1.7    Net $0\scl[0:0] budget 12.815000 ns (5,11) -> (5,11)
Info:                Sink $abc$6521$auto$blifparse.cc:492:parse_blif$6817_LC.I0
Info:                Defined in:
Info:                  demo.v:222
Info:  0.7  2.3  Source $abc$6521$auto$blifparse.cc:492:parse_blif$6817_LC.O
Info:  2.5  4.8    Net SCL$SB_IO_OUT budget 13.160000 ns (5,11) -> (0,13)
Info:                Sink SCL$sb_io.D_OUT_0
Info:                Defined in:
Info:                  demo.v:47
Info: 1.5 ns logic, 3.3 ns routing

Info: Max frequency for clock 'CLK$SB_IO_IN_$glb_clk': 49.79 MHz (PASS at 36.00 MHz)

Info: Max delay posedge CLK$SB_IO_IN_$glb_clk -> <async>: 4.78 ns

Info: Slack histogram:
Info:  legend: * represents 1 endpoint(s)
Info:          + represents [1,1) endpoint(s)
Info: [  7694,   8586) |** 
Info: [  8586,   9478) |**** 
Info: [  9478,  10370) |************* 
Info: [ 10370,  11262) |** 
Info: [ 11262,  12154) |* 
Info: [ 12154,  13046) |******* 
Info: [ 13046,  13938) |********* 
Info: [ 13938,  14830) |******************* 
Info: [ 14830,  15722) |********************************************* 
Info: [ 15722,  16614) |******* 
Info: [ 16614,  17506) |************* 
Info: [ 17506,  18398) |********** 
Info: [ 18398,  19290) |********************************* 
Info: [ 19290,  20182) |************** 
Info: [ 20182,  21074) |******** 
Info: [ 21074,  21966) |******************* 
Info: [ 21966,  22858) |******* 
Info: [ 22858,  23750) |**** 
Info: [ 23750,  24642) |**************** 
Info: [ 24642,  25534) |********************** 

Info: Program finished normally.
