Info: constrained 'CLK' to bel 'X0/Y8/io1'
Info: constrained 'RST' to bel 'X0/Y13/io0'
Info: constrained 'SCL' to bel 'X0/Y13/io1'
Info: constrained 'DC' to bel 'X0/Y8/io0'
Info: constrained 'MOSI' to bel 'X13/Y11/io0'
Info: constrained 'CS' to bel 'X13/Y9/io0'

Info: Packing constants..
Info: Packing IOs..
Info: Packing LUT-FFs..
Info:      256 LCs used as LUT4 only
Info:       62 LCs used as LUT4 and DFF
Info: Packing non-LUT FFs..
Info:       22 LCs used as DFF only
Info: Packing carries..
Info:       32 LCs used as CARRY only
Info: Packing RAMs..
Info: Placing PLLs..
Info: Packing special functions..
Info: Packing PLLs..
Info: Promoting globals..
Info: promoting CLK$SB_IO_IN (fanout 84)
Info: promoting $abc$5012$auto$dff2dffe.cc:175:make_patterns_logic$4065 [cen] (fanout 16)
Info: promoting $abc$5012$auto$dff2dffe.cc:158:make_patterns_logic$3835 [cen] (fanout 16)
Info: Constraining chains...
Info:        9 LCs used to legalise carry chains.
Info: Checksum: 0xb5a4d96c

Info: Annotating ports with timing budgets for target frequency 36.00 MHz
Info: Checksum: 0x529ddf0f

Info: Device utilisation:
Info: 	         ICESTORM_LC:   383/ 1280    29%
Info: 	        ICESTORM_RAM:     0/   16     0%
Info: 	               SB_IO:     6/  112     5%
Info: 	               SB_GB:     3/    8    37%
Info: 	        ICESTORM_PLL:     0/    1     0%
Info: 	         SB_WARMBOOT:     0/    1     0%

Info: Placed 6 cells based on constraints.
Info: Creating initial analytic placement for 312 cells, random placement wirelen = 4728.
Info:     at initial placer iter 0, wirelen = 85
Info:     at initial placer iter 1, wirelen = 92
Info:     at initial placer iter 2, wirelen = 89
Info:     at initial placer iter 3, wirelen = 91
Info: Running main analytical placer.
Info:     at iteration #1, type ALL: wirelen solved = 89, spread = 1594, legal = 1634; time = 0.02s
Info:     at iteration #2, type ALL: wirelen solved = 110, spread = 1132, legal = 1207; time = 0.03s
Info:     at iteration #3, type ALL: wirelen solved = 111, spread = 1090, legal = 1140; time = 0.02s
Info:     at iteration #4, type ALL: wirelen solved = 136, spread = 1102, legal = 1161; time = 0.02s
Info:     at iteration #5, type ALL: wirelen solved = 186, spread = 1070, legal = 1121; time = 0.02s
Info:     at iteration #6, type ALL: wirelen solved = 189, spread = 1094, legal = 1106; time = 0.02s
Info:     at iteration #7, type ALL: wirelen solved = 209, spread = 925, legal = 963; time = 0.02s
Info:     at iteration #8, type ALL: wirelen solved = 229, spread = 971, legal = 1004; time = 0.02s
Info:     at iteration #9, type ALL: wirelen solved = 264, spread = 821, legal = 856; time = 0.03s
Info:     at iteration #10, type ALL: wirelen solved = 255, spread = 797, legal = 927; time = 0.03s
Info:     at iteration #11, type ALL: wirelen solved = 305, spread = 821, legal = 912; time = 0.02s
Info:     at iteration #12, type ALL: wirelen solved = 272, spread = 857, legal = 932; time = 0.02s
Info:     at iteration #13, type ALL: wirelen solved = 282, spread = 909, legal = 937; time = 0.02s
Info:     at iteration #14, type ALL: wirelen solved = 335, spread = 839, legal = 880; time = 0.03s
Info: HeAP Placer Time: 0.59s
Info:   of which solving equations: 0.39s
Info:   of which spreading cells: 0.01s
Info:   of which strict legalisation: 0.02s

Info: Running simulated annealing placer for refinement.
Info:   at iteration #1: temp = 0.000000, timing cost = 171, wirelen = 856
Info:   at iteration #5: temp = 0.000000, timing cost = 143, wirelen = 727
Info:   at iteration #10: temp = 0.000000, timing cost = 131, wirelen = 683
Info:   at iteration #11: temp = 0.000000, timing cost = 154, wirelen = 677 
Info: SA placement time 0.29s

Info: Max frequency for clock 'CLK$SB_IO_IN_$glb_clk': 74.53 MHz (PASS at 36.00 MHz)

Info: Max delay posedge CLK$SB_IO_IN_$glb_clk -> <async>: 4.36 ns

Info: Slack histogram:
Info:  legend: * represents 1 endpoint(s)
Info:          + represents [1,1) endpoint(s)
Info: [ 14360,  14919) |************************ 
Info: [ 14919,  15478) |***************** 
Info: [ 15478,  16037) |********* 
Info: [ 16037,  16596) |********* 
Info: [ 16596,  17155) |****************** 
Info: [ 17155,  17714) |**************************** 
Info: [ 17714,  18273) |********* 
Info: [ 18273,  18832) |********************************* 
Info: [ 18832,  19391) |************ 
Info: [ 19391,  19950) |************* 
Info: [ 19950,  20509) |***** 
Info: [ 20509,  21068) |** 
Info: [ 21068,  21627) |******* 
Info: [ 21627,  22186) |*********** 
Info: [ 22186,  22745) |********* 
Info: [ 22745,  23304) |****** 
Info: [ 23304,  23863) |****** 
Info: [ 23863,  24422) |*********** 
Info: [ 24422,  24981) |****** 
Info: [ 24981,  25540) |************************* 
Info: Checksum: 0x4c293fdb

Info: Routing..
Info: Setting up routing queue.
Info: Routing 1141 arcs.
Info:            |   (re-)routed arcs  |   delta    | remaining|       time spent     |
Info:    IterCnt |  w/ripup   wo/ripup |  w/r  wo/r |      arcs| batch(sec) total(sec)|
Info:       1000 |       79        859 |   79   859 |       246|       0.15       0.15|
Info:       1334 |      149       1124 |   70   265 |         0|       0.09       0.24|
Info: Routing complete.
Info: Router1 time 0.24s
Info: Checksum: 0x41108135

Info: Critical path report for clock 'CLK$SB_IO_IN_$glb_clk' (posedge -> posedge):
Info: curr total
Info:  0.8  0.8  Source $abc$5012$auto$blifparse.cc:492:parse_blif$5180_LC.O
Info:  0.9  1.7    Net state[0] budget 3.178000 ns (2,4) -> (2,4)
Info:                Sink $abc$5012$auto$blifparse.cc:492:parse_blif$5015_LC.I0
Info:                Defined in:
Info:                  demo.v:26
Info:  0.7  2.3  Source $abc$5012$auto$blifparse.cc:492:parse_blif$5015_LC.O
Info:  0.9  3.2    Net $abc$5012$auto$simplemap.cc:127:simplemap_reduce$2139[0]_new_inv_ budget 3.303000 ns (2,4) -> (2,4)
Info:                Sink $abc$5012$auto$blifparse.cc:492:parse_blif$5022_LC.I2
Info:  0.6  3.7  Source $abc$5012$auto$blifparse.cc:492:parse_blif$5022_LC.O
Info:  0.9  4.6    Net $abc$5012$new_n237_ budget 3.303000 ns (2,4) -> (2,4)
Info:                Sink $abc$5012$auto$blifparse.cc:492:parse_blif$5021_LC.I0
Info:  0.7  5.3  Source $abc$5012$auto$blifparse.cc:492:parse_blif$5021_LC.O
Info:  1.9  7.2    Net $abc$5012$auto$dff2dffe.cc:158:make_patterns_logic$4059_new_ budget 3.303000 ns (2,4) -> (5,6)
Info:                Sink $abc$5012$auto$blifparse.cc:492:parse_blif$5162_LC.I0
Info:  0.7  7.8  Source $abc$5012$auto$blifparse.cc:492:parse_blif$5162_LC.O
Info:  1.7  9.5    Net $abc$5012$auto$dff2dffe.cc:158:make_patterns_logic$4799 budget 3.303000 ns (5,6) -> (2,6)
Info:                Sink $abc$5012$auto$blifparse.cc:492:parse_blif$5165_LC.I2
Info:  0.6 10.0  Source $abc$5012$auto$blifparse.cc:492:parse_blif$5165_LC.O
Info:  0.9 10.9    Net $abc$5012$new_n422_ budget 3.303000 ns (2,6) -> (1,5)
Info:                Sink $abc$5012$auto$blifparse.cc:492:parse_blif$5185_LC.I0
Info:  0.7 11.6  Source $abc$5012$auto$blifparse.cc:492:parse_blif$5185_LC.O
Info:  2.9 14.5    Net $abc$5012$auto$dff2dffe.cc:158:make_patterns_logic$3799 budget 3.303000 ns (1,5) -> (2,4)
Info:                Sink $abc$5012$auto$blifparse.cc:492:parse_blif$5180_LC.CEN
Info:  0.1 14.6  Setup $abc$5012$auto$blifparse.cc:492:parse_blif$5180_LC.CEN
Info: 4.7 ns logic, 9.9 ns routing

Info: Critical path report for cross-domain path 'posedge CLK$SB_IO_IN_$glb_clk' -> '<async>':
Info: curr total
Info:  0.8  0.8  Source $auto$simplemap.cc:420:simplemap_dff$2814_DFFLC.O
Info:  0.9  1.7    Net $0\scl[0:0] budget 12.815000 ns (1,9) -> (1,9)
Info:                Sink $abc$5012$auto$blifparse.cc:492:parse_blif$5224_LC.I0
Info:                Defined in:
Info:                  demo.v:186
Info:  0.7  2.3  Source $abc$5012$auto$blifparse.cc:492:parse_blif$5224_LC.O
Info:  1.9  4.2    Net SCL$SB_IO_OUT budget 13.160000 ns (1,9) -> (0,13)
Info:                Sink SCL$sb_io.D_OUT_0
Info:                Defined in:
Info:                  demo.v:25
Info: 1.5 ns logic, 2.8 ns routing

Info: Max frequency for clock 'CLK$SB_IO_IN_$glb_clk': 68.51 MHz (PASS at 36.00 MHz)

Info: Max delay posedge CLK$SB_IO_IN_$glb_clk -> <async>: 4.21 ns

Info: Slack histogram:
Info:  legend: * represents 1 endpoint(s)
Info:          + represents [1,1) endpoint(s)
Info: [ 13181,  13799) |* 
Info: [ 13799,  14417) |****** 
Info: [ 14417,  15035) |******************* 
Info: [ 15035,  15653) |****** 
Info: [ 15653,  16271) |******************************* 
Info: [ 16271,  16889) |***************** 
Info: [ 16889,  17507) |************** 
Info: [ 17507,  18125) |**************** 
Info: [ 18125,  18743) |******************* 
Info: [ 18743,  19361) |********** 
Info: [ 19361,  19979) |************ 
Info: [ 19979,  20597) |************************* 
Info: [ 20597,  21215) |******** 
Info: [ 21215,  21833) |************** 
Info: [ 21833,  22451) |******** 
Info: [ 22451,  23069) |********* 
Info: [ 23069,  23687) |*** 
Info: [ 23687,  24305) |************ 
Info: [ 24305,  24923) |**** 
Info: [ 24923,  25541) |************************** 

Info: Program finished normally.
