Info: constrained 'CLK' to bel 'X0/Y8/io1'
Info: constrained 'INSTR_B1' to bel 'X0/Y13/io0'
Info: constrained 'INSTR_B2' to bel 'X0/Y13/io1'
Info: constrained 'INSTR_B3' to bel 'X0/Y8/io0'
Info: constrained 'INSTR_B4' to bel 'X6/Y0/io0'

Info: Packing constants..
Info: Packing IOs..
Info: Packing LUT-FFs..
Info:       61 LCs used as LUT4 only
Info:       65 LCs used as LUT4 and DFF
Info: Packing non-LUT FFs..
Info:        9 LCs used as DFF only
Info: Packing carries..
Info:       34 LCs used as CARRY only
Info: Packing RAMs..
Info: Placing PLLs..
Info: Packing special functions..
Info: Packing PLLs..
Info: Promoting globals..
Info: promoting CLK$SB_IO_IN (fanout 78)
Info: promoting $abc$9762$auto$dff2dffe.cc:158:make_patterns_logic$9370 [cen] (fanout 32)
Info: promoting $abc$9762$auto$dff2dffe.cc:158:make_patterns_logic$9159 [cen] (fanout 32)
Info: promoting $PACKER_GND_NET (fanout 4)
Info: Constraining chains...
Info:        3 LCs used to legalise carry chains.
Info: Checksum: 0xaec27a8f

Info: Annotating ports with timing budgets for target frequency 36.00 MHz
Info: Checksum: 0xf6ca1830

Info: Device utilisation:
Info: 	         ICESTORM_LC:   174/ 1280    13%
Info: 	        ICESTORM_RAM:     4/   16    25%
Info: 	               SB_IO:     5/  112     4%
Info: 	               SB_GB:     4/    8    50%
Info: 	        ICESTORM_PLL:     0/    1     0%
Info: 	         SB_WARMBOOT:     0/    1     0%

Info: Placed 5 cells based on constraints.
Info: Creating initial analytic placement for 85 cells, random placement wirelen = 1568.
Info:     at initial placer iter 0, wirelen = 96
Info:     at initial placer iter 1, wirelen = 87
Info:     at initial placer iter 2, wirelen = 88
Info:     at initial placer iter 3, wirelen = 87
Info: Running main analytical placer.
Info:     at iteration #1, type ICESTORM_LC: wirelen solved = 104, spread = 734, legal = 739; time = 0.00s
Info:     at iteration #1, type SB_GB: wirelen solved = 732, spread = 754, legal = 752; time = 0.00s
Info:     at iteration #1, type ICESTORM_RAM: wirelen solved = 727, spread = 735, legal = 747; time = 0.00s
Info:     at iteration #1, type ALL: wirelen solved = 107, spread = 915, legal = 904; time = 0.00s
Info:     at iteration #2, type ICESTORM_LC: wirelen solved = 160, spread = 583, legal = 683; time = 0.00s
Info:     at iteration #2, type SB_GB: wirelen solved = 667, spread = 668, legal = 691; time = 0.00s
Info:     at iteration #2, type ICESTORM_RAM: wirelen solved = 689, spread = 699, legal = 699; time = 0.00s
Info:     at iteration #2, type ALL: wirelen solved = 118, spread = 848, legal = 880; time = 0.00s
Info:     at iteration #3, type ICESTORM_LC: wirelen solved = 165, spread = 433, legal = 591; time = 0.00s
Info:     at iteration #3, type SB_GB: wirelen solved = 576, spread = 577, legal = 592; time = 0.00s
Info:     at iteration #3, type ICESTORM_RAM: wirelen solved = 586, spread = 594, legal = 602; time = 0.00s
Info:     at iteration #3, type ALL: wirelen solved = 115, spread = 678, legal = 688; time = 0.00s
Info:     at iteration #4, type ICESTORM_LC: wirelen solved = 153, spread = 498, legal = 733; time = 0.00s
Info:     at iteration #4, type SB_GB: wirelen solved = 718, spread = 735, legal = 733; time = 0.00s
Info:     at iteration #4, type ICESTORM_RAM: wirelen solved = 716, spread = 726, legal = 737; time = 0.00s
Info:     at iteration #4, type ALL: wirelen solved = 126, spread = 703, legal = 721; time = 0.00s
Info:     at iteration #5, type ICESTORM_LC: wirelen solved = 166, spread = 516, legal = 740; time = 0.01s
Info:     at iteration #5, type SB_GB: wirelen solved = 726, spread = 741, legal = 739; time = 0.00s
Info:     at iteration #5, type ICESTORM_RAM: wirelen solved = 720, spread = 732, legal = 746; time = 0.00s
Info:     at iteration #5, type ALL: wirelen solved = 132, spread = 732, legal = 760; time = 0.01s
Info:     at iteration #6, type ICESTORM_LC: wirelen solved = 184, spread = 559, legal = 655; time = 0.00s
Info:     at iteration #6, type SB_GB: wirelen solved = 627, spread = 630, legal = 638; time = 0.00s
Info:     at iteration #6, type ICESTORM_RAM: wirelen solved = 618, spread = 618, legal = 631; time = 0.00s
Info:     at iteration #6, type ALL: wirelen solved = 128, spread = 426, legal = 552; time = 0.00s
Info:     at iteration #7, type ICESTORM_LC: wirelen solved = 157, spread = 393, legal = 510; time = 0.00s
Info:     at iteration #7, type SB_GB: wirelen solved = 492, spread = 510, legal = 507; time = 0.00s
Info:     at iteration #7, type ICESTORM_RAM: wirelen solved = 489, spread = 509, legal = 511; time = 0.00s
Info:     at iteration #7, type ALL: wirelen solved = 101, spread = 686, legal = 721; time = 0.00s
Info:     at iteration #8, type ICESTORM_LC: wirelen solved = 159, spread = 457, legal = 499; time = 0.00s
Info:     at iteration #8, type SB_GB: wirelen solved = 480, spread = 501, legal = 498; time = 0.00s
Info:     at iteration #8, type ICESTORM_RAM: wirelen solved = 480, spread = 495, legal = 506; time = 0.00s
Info:     at iteration #8, type ALL: wirelen solved = 107, spread = 466, legal = 563; time = 0.01s
Info:     at iteration #9, type ICESTORM_LC: wirelen solved = 166, spread = 583, legal = 610; time = 0.00s
Info:     at iteration #9, type SB_GB: wirelen solved = 596, spread = 599, legal = 609; time = 0.00s
Info:     at iteration #9, type ICESTORM_RAM: wirelen solved = 593, spread = 612, legal = 623; time = 0.00s
Info:     at iteration #9, type ALL: wirelen solved = 118, spread = 485, legal = 557; time = 0.00s
Info:     at iteration #10, type ICESTORM_LC: wirelen solved = 211, spread = 419, legal = 594; time = 0.00s
Info:     at iteration #10, type SB_GB: wirelen solved = 578, spread = 580, legal = 600; time = 0.00s
Info:     at iteration #10, type ICESTORM_RAM: wirelen solved = 560, spread = 582, legal = 588; time = 0.00s
Info:     at iteration #10, type ALL: wirelen solved = 143, spread = 410, legal = 543; time = 0.00s
Info:     at iteration #11, type ICESTORM_LC: wirelen solved = 203, spread = 418, legal = 612; time = 0.00s
Info:     at iteration #11, type SB_GB: wirelen solved = 597, spread = 598, legal = 611; time = 0.00s
Info:     at iteration #11, type ICESTORM_RAM: wirelen solved = 573, spread = 597, legal = 609; time = 0.00s
Info:     at iteration #11, type ALL: wirelen solved = 143, spread = 438, legal = 530; time = 0.00s
Info:     at iteration #12, type ICESTORM_LC: wirelen solved = 196, spread = 445, legal = 493; time = 0.00s
Info:     at iteration #12, type SB_GB: wirelen solved = 483, spread = 485, legal = 493; time = 0.00s
Info:     at iteration #12, type ICESTORM_RAM: wirelen solved = 463, spread = 475, legal = 507; time = 0.00s
Info:     at iteration #12, type ALL: wirelen solved = 147, spread = 485, legal = 551; time = 0.00s
Info:     at iteration #13, type ICESTORM_LC: wirelen solved = 199, spread = 520, legal = 545; time = 0.01s
Info:     at iteration #13, type SB_GB: wirelen solved = 530, spread = 532, legal = 551; time = 0.00s
Info:     at iteration #13, type ICESTORM_RAM: wirelen solved = 517, spread = 542, legal = 557; time = 0.00s
Info:     at iteration #13, type ALL: wirelen solved = 140, spread = 520, legal = 578; time = 0.00s
Info:     at iteration #14, type ICESTORM_LC: wirelen solved = 183, spread = 416, legal = 591; time = 0.00s
Info:     at iteration #14, type SB_GB: wirelen solved = 583, spread = 584, legal = 591; time = 0.00s
Info:     at iteration #14, type ICESTORM_RAM: wirelen solved = 557, spread = 578, legal = 586; time = 0.00s
Info:     at iteration #14, type ALL: wirelen solved = 115, spread = 533, legal = 574; time = 0.00s
Info:     at iteration #15, type ICESTORM_LC: wirelen solved = 211, spread = 542, legal = 572; time = 0.01s
Info:     at iteration #15, type SB_GB: wirelen solved = 563, spread = 565, legal = 572; time = 0.00s
Info:     at iteration #15, type ICESTORM_RAM: wirelen solved = 536, spread = 559, legal = 569; time = 0.00s
Info:     at iteration #15, type ALL: wirelen solved = 149, spread = 505, legal = 555; time = 0.00s
Info:     at iteration #16, type ICESTORM_LC: wirelen solved = 211, spread = 423, legal = 645; time = 0.00s
Info:     at iteration #16, type SB_GB: wirelen solved = 636, spread = 638, legal = 660; time = 0.00s
Info:     at iteration #16, type ICESTORM_RAM: wirelen solved = 635, spread = 656, legal = 665; time = 0.00s
Info:     at iteration #16, type ALL: wirelen solved = 144, spread = 513, legal = 574; time = 0.00s
Info: HeAP Placer Time: 0.48s
Info:   of which solving equations: 0.20s
Info:   of which spreading cells: 0.02s
Info:   of which strict legalisation: 0.01s

Info: Running simulated annealing placer for refinement.
Info:   at iteration #1: temp = 0.000000, timing cost = 39, wirelen = 530
Info:   at iteration #5: temp = 0.000000, timing cost = 28, wirelen = 326
Info:   at iteration #10: temp = 0.000000, timing cost = 28, wirelen = 281
Info:   at iteration #15: temp = 0.000000, timing cost = 28, wirelen = 284
Info:   at iteration #19: temp = 0.000000, timing cost = 27, wirelen = 282 
Info: SA placement time 0.18s

Info: Max frequency for clock 'CLK$SB_IO_IN_$glb_clk': 51.26 MHz (PASS at 36.00 MHz)

Info: Max delay posedge CLK$SB_IO_IN_$glb_clk -> <async>: 3.36 ns

Info: Slack histogram:
Info:  legend: * represents 1 endpoint(s)
Info:          + represents [1,1) endpoint(s)
Info: [  8268,   9156) |****************************+
Info: [  9156,  10044) | 
Info: [ 10044,  10932) | 
Info: [ 10932,  11820) | 
Info: [ 11820,  12708) |*************+
Info: [ 12708,  13596) |****************+
Info: [ 13596,  14484) | 
Info: [ 14484,  15372) | 
Info: [ 15372,  16260) |*+
Info: [ 16260,  17148) |*****+
Info: [ 17148,  18036) |**+
Info: [ 18036,  18924) |*******+
Info: [ 18924,  19812) |*******+
Info: [ 19812,  20700) |*******+
Info: [ 20700,  21588) |*******+
Info: [ 21588,  22476) |********+
Info: [ 22476,  23364) |*********+
Info: [ 23364,  24252) |******+
Info: [ 24252,  25140) |*******+
Info: [ 25140,  26028) |************************************************************ 
Info: Checksum: 0x5072453d

Info: Routing..
Info: Setting up routing queue.
Info: Routing 470 arcs.
Info:            |   (re-)routed arcs  |   delta    | remaining|       time spent     |
Info:    IterCnt |  w/ripup   wo/ripup |  w/r  wo/r |      arcs| batch(sec) total(sec)|
Info:        474 |        4        386 |    4   386 |         0|       0.09       0.09|
Info: Routing complete.
Info: Router1 time 0.09s
Info: Checksum: 0x87bb122e

Info: Critical path report for clock 'CLK$SB_IO_IN_$glb_clk' (posedge -> posedge):
Info: curr total
Info:  0.8  0.8  Source $auto$alumacc.cc:474:replace_alu$8305.slice[0].adder_LC.O
Info:  0.9  1.7    Net fetchInst.init[0] budget 4.464000 ns (5,11) -> (6,11)
Info:                Sink $abc$9762$auto$blifparse.cc:492:parse_blif$9818_LC.I0
Info:                Defined in:
Info:                  mips.v:25
Info:                  fetch/fetch.v:70
Info:  0.7  2.3  Source $abc$9762$auto$blifparse.cc:492:parse_blif$9818_LC.O
Info:  0.9  3.2    Net $auto$alumacc.cc:474:replace_alu$8294.C[1] budget 4.463000 ns (6,11) -> (6,12)
Info:                Sink $nextpnr_ICESTORM_LC_0.I1
Info:                Defined in:
Info:                  mips.v:25
Info:                  fetch/fetch.v:104
Info:                  /usr/bin/../share/yosys/ice40/arith_map.v:43
Info:  0.4  3.6  Source $nextpnr_ICESTORM_LC_0.COUT
Info:  0.0  3.6    Net $nextpnr_ICESTORM_LC_0$O budget 0.000000 ns (6,12) -> (6,12)
Info:                Sink $auto$alumacc.cc:474:replace_alu$8294.slice[1].carry$CARRY.CIN
Info:  0.2  3.8  Source $auto$alumacc.cc:474:replace_alu$8294.slice[1].carry$CARRY.COUT
Info:  0.0  3.8    Net $auto$alumacc.cc:474:replace_alu$8294.C[2] budget 0.000000 ns (6,12) -> (6,12)
Info:                Sink $auto$alumacc.cc:474:replace_alu$8294.slice[2].carry$CARRY.CIN
Info:                Defined in:
Info:                  mips.v:25
Info:                  fetch/fetch.v:104
Info:                  /usr/bin/../share/yosys/ice40/arith_map.v:43
Info:  0.2  3.9  Source $auto$alumacc.cc:474:replace_alu$8294.slice[2].carry$CARRY.COUT
Info:  0.0  3.9    Net $auto$alumacc.cc:474:replace_alu$8294.C[3] budget 0.000000 ns (6,12) -> (6,12)
Info:                Sink $auto$alumacc.cc:474:replace_alu$8294.slice[3].carry$CARRY.CIN
Info:                Defined in:
Info:                  mips.v:25
Info:                  fetch/fetch.v:104
Info:                  /usr/bin/../share/yosys/ice40/arith_map.v:43
Info:  0.2  4.1  Source $auto$alumacc.cc:474:replace_alu$8294.slice[3].carry$CARRY.COUT
Info:  0.0  4.1    Net $auto$alumacc.cc:474:replace_alu$8294.C[4] budget 0.000000 ns (6,12) -> (6,12)
Info:                Sink $auto$alumacc.cc:474:replace_alu$8294.slice[4].carry$CARRY.CIN
Info:                Defined in:
Info:                  mips.v:25
Info:                  fetch/fetch.v:104
Info:                  /usr/bin/../share/yosys/ice40/arith_map.v:43
Info:  0.2  4.3  Source $auto$alumacc.cc:474:replace_alu$8294.slice[4].carry$CARRY.COUT
Info:  0.0  4.3    Net $auto$alumacc.cc:474:replace_alu$8294.C[5] budget 0.000000 ns (6,12) -> (6,12)
Info:                Sink $auto$alumacc.cc:474:replace_alu$8294.slice[5].carry$CARRY.CIN
Info:                Defined in:
Info:                  mips.v:25
Info:                  fetch/fetch.v:104
Info:                  /usr/bin/../share/yosys/ice40/arith_map.v:43
Info:  0.2  4.5  Source $auto$alumacc.cc:474:replace_alu$8294.slice[5].carry$CARRY.COUT
Info:  0.0  4.5    Net $auto$alumacc.cc:474:replace_alu$8294.C[6] budget 0.000000 ns (6,12) -> (6,12)
Info:                Sink $auto$alumacc.cc:474:replace_alu$8294.slice[6].carry$CARRY.CIN
Info:                Defined in:
Info:                  mips.v:25
Info:                  fetch/fetch.v:104
Info:                  /usr/bin/../share/yosys/ice40/arith_map.v:43
Info:  0.2  4.7  Source $auto$alumacc.cc:474:replace_alu$8294.slice[6].carry$CARRY.COUT
Info:  0.0  4.7    Net $auto$alumacc.cc:474:replace_alu$8294.C[7] budget 0.000000 ns (6,12) -> (6,12)
Info:                Sink $auto$alumacc.cc:474:replace_alu$8294.slice[7].carry$CARRY.CIN
Info:                Defined in:
Info:                  mips.v:25
Info:                  fetch/fetch.v:104
Info:                  /usr/bin/../share/yosys/ice40/arith_map.v:43
Info:  0.2  4.9  Source $auto$alumacc.cc:474:replace_alu$8294.slice[7].carry$CARRY.COUT
Info:  0.3  5.2    Net $auto$alumacc.cc:474:replace_alu$8294.C[8] budget 0.290000 ns (6,12) -> (6,13)
Info:                Sink $auto$alumacc.cc:474:replace_alu$8294.slice[8].carry$CARRY.CIN
Info:                Defined in:
Info:                  mips.v:25
Info:                  fetch/fetch.v:104
Info:                  /usr/bin/../share/yosys/ice40/arith_map.v:43
Info:  0.2  5.3  Source $auto$alumacc.cc:474:replace_alu$8294.slice[8].carry$CARRY.COUT
Info:  0.0  5.3    Net $auto$alumacc.cc:474:replace_alu$8294.C[9] budget 0.000000 ns (6,13) -> (6,13)
Info:                Sink $auto$alumacc.cc:474:replace_alu$8294.slice[9].carry$CARRY.CIN
Info:                Defined in:
Info:                  mips.v:25
Info:                  fetch/fetch.v:104
Info:                  /usr/bin/../share/yosys/ice40/arith_map.v:43
Info:  0.2  5.5  Source $auto$alumacc.cc:474:replace_alu$8294.slice[9].carry$CARRY.COUT
Info:  0.0  5.5    Net $auto$alumacc.cc:474:replace_alu$8294.C[10] budget 0.000000 ns (6,13) -> (6,13)
Info:                Sink $auto$alumacc.cc:474:replace_alu$8294.slice[10].carry$CARRY.CIN
Info:                Defined in:
Info:                  mips.v:25
Info:                  fetch/fetch.v:104
Info:                  /usr/bin/../share/yosys/ice40/arith_map.v:43
Info:  0.2  5.7  Source $auto$alumacc.cc:474:replace_alu$8294.slice[10].carry$CARRY.COUT
Info:  0.0  5.7    Net $auto$alumacc.cc:474:replace_alu$8294.C[11] budget 0.000000 ns (6,13) -> (6,13)
Info:                Sink $auto$alumacc.cc:474:replace_alu$8294.slice[11].carry$CARRY.CIN
Info:                Defined in:
Info:                  mips.v:25
Info:                  fetch/fetch.v:104
Info:                  /usr/bin/../share/yosys/ice40/arith_map.v:43
Info:  0.2  5.9  Source $auto$alumacc.cc:474:replace_alu$8294.slice[11].carry$CARRY.COUT
Info:  0.0  5.9    Net $auto$alumacc.cc:474:replace_alu$8294.C[12] budget 0.000000 ns (6,13) -> (6,13)
Info:                Sink $auto$alumacc.cc:474:replace_alu$8294.slice[12].carry$CARRY.CIN
Info:                Defined in:
Info:                  mips.v:25
Info:                  fetch/fetch.v:104
Info:                  /usr/bin/../share/yosys/ice40/arith_map.v:43
Info:  0.2  6.1  Source $auto$alumacc.cc:474:replace_alu$8294.slice[12].carry$CARRY.COUT
Info:  0.0  6.1    Net $auto$alumacc.cc:474:replace_alu$8294.C[13] budget 0.000000 ns (6,13) -> (6,13)
Info:                Sink $auto$alumacc.cc:474:replace_alu$8294.slice[13].carry$CARRY.CIN
Info:                Defined in:
Info:                  mips.v:25
Info:                  fetch/fetch.v:104
Info:                  /usr/bin/../share/yosys/ice40/arith_map.v:43
Info:  0.2  6.3  Source $auto$alumacc.cc:474:replace_alu$8294.slice[13].carry$CARRY.COUT
Info:  0.0  6.3    Net $auto$alumacc.cc:474:replace_alu$8294.C[14] budget 0.000000 ns (6,13) -> (6,13)
Info:                Sink $auto$alumacc.cc:474:replace_alu$8294.slice[14].carry$CARRY.CIN
Info:                Defined in:
Info:                  mips.v:25
Info:                  fetch/fetch.v:104
Info:                  /usr/bin/../share/yosys/ice40/arith_map.v:43
Info:  0.2  6.5  Source $auto$alumacc.cc:474:replace_alu$8294.slice[14].carry$CARRY.COUT
Info:  0.0  6.5    Net $auto$alumacc.cc:474:replace_alu$8294.C[15] budget 0.000000 ns (6,13) -> (6,13)
Info:                Sink $auto$alumacc.cc:474:replace_alu$8294.slice[15].carry$CARRY.CIN
Info:                Defined in:
Info:                  mips.v:25
Info:                  fetch/fetch.v:104
Info:                  /usr/bin/../share/yosys/ice40/arith_map.v:43
Info:  0.2  6.7  Source $auto$alumacc.cc:474:replace_alu$8294.slice[15].carry$CARRY.COUT
Info:  0.3  6.9    Net $auto$alumacc.cc:474:replace_alu$8294.C[16] budget 0.290000 ns (6,13) -> (6,14)
Info:                Sink $auto$alumacc.cc:474:replace_alu$8294.slice[16].carry$CARRY.CIN
Info:                Defined in:
Info:                  mips.v:25
Info:                  fetch/fetch.v:104
Info:                  /usr/bin/../share/yosys/ice40/arith_map.v:43
Info:  0.2  7.1  Source $auto$alumacc.cc:474:replace_alu$8294.slice[16].carry$CARRY.COUT
Info:  0.0  7.1    Net $auto$alumacc.cc:474:replace_alu$8294.C[17] budget 0.000000 ns (6,14) -> (6,14)
Info:                Sink $auto$alumacc.cc:474:replace_alu$8294.slice[17].carry$CARRY.CIN
Info:                Defined in:
Info:                  mips.v:25
Info:                  fetch/fetch.v:104
Info:                  /usr/bin/../share/yosys/ice40/arith_map.v:43
Info:  0.2  7.3  Source $auto$alumacc.cc:474:replace_alu$8294.slice[17].carry$CARRY.COUT
Info:  0.0  7.3    Net $auto$alumacc.cc:474:replace_alu$8294.C[18] budget 0.000000 ns (6,14) -> (6,14)
Info:                Sink $auto$alumacc.cc:474:replace_alu$8294.slice[18].carry$CARRY.CIN
Info:                Defined in:
Info:                  mips.v:25
Info:                  fetch/fetch.v:104
Info:                  /usr/bin/../share/yosys/ice40/arith_map.v:43
Info:  0.2  7.5  Source $auto$alumacc.cc:474:replace_alu$8294.slice[18].carry$CARRY.COUT
Info:  0.0  7.5    Net $auto$alumacc.cc:474:replace_alu$8294.C[19] budget 0.000000 ns (6,14) -> (6,14)
Info:                Sink $auto$alumacc.cc:474:replace_alu$8294.slice[19].carry$CARRY.CIN
Info:                Defined in:
Info:                  mips.v:25
Info:                  fetch/fetch.v:104
Info:                  /usr/bin/../share/yosys/ice40/arith_map.v:43
Info:  0.2  7.7  Source $auto$alumacc.cc:474:replace_alu$8294.slice[19].carry$CARRY.COUT
Info:  0.0  7.7    Net $auto$alumacc.cc:474:replace_alu$8294.C[20] budget 0.000000 ns (6,14) -> (6,14)
Info:                Sink $auto$alumacc.cc:474:replace_alu$8294.slice[20].carry$CARRY.CIN
Info:                Defined in:
Info:                  mips.v:25
Info:                  fetch/fetch.v:104
Info:                  /usr/bin/../share/yosys/ice40/arith_map.v:43
Info:  0.2  7.9  Source $auto$alumacc.cc:474:replace_alu$8294.slice[20].carry$CARRY.COUT
Info:  0.0  7.9    Net $auto$alumacc.cc:474:replace_alu$8294.C[21] budget 0.000000 ns (6,14) -> (6,14)
Info:                Sink $auto$alumacc.cc:474:replace_alu$8294.slice[21].carry$CARRY.CIN
Info:                Defined in:
Info:                  mips.v:25
Info:                  fetch/fetch.v:104
Info:                  /usr/bin/../share/yosys/ice40/arith_map.v:43
Info:  0.2  8.1  Source $auto$alumacc.cc:474:replace_alu$8294.slice[21].carry$CARRY.COUT
Info:  0.0  8.1    Net $auto$alumacc.cc:474:replace_alu$8294.C[22] budget 0.000000 ns (6,14) -> (6,14)
Info:                Sink $auto$alumacc.cc:474:replace_alu$8294.slice[22].carry$CARRY.CIN
Info:                Defined in:
Info:                  mips.v:25
Info:                  fetch/fetch.v:104
Info:                  /usr/bin/../share/yosys/ice40/arith_map.v:43
Info:  0.2  8.2  Source $auto$alumacc.cc:474:replace_alu$8294.slice[22].carry$CARRY.COUT
Info:  0.0  8.2    Net $auto$alumacc.cc:474:replace_alu$8294.C[23] budget 0.000000 ns (6,14) -> (6,14)
Info:                Sink $auto$alumacc.cc:474:replace_alu$8294.slice[23].carry$CARRY.CIN
Info:                Defined in:
Info:                  mips.v:25
Info:                  fetch/fetch.v:104
Info:                  /usr/bin/../share/yosys/ice40/arith_map.v:43
Info:  0.2  8.4  Source $auto$alumacc.cc:474:replace_alu$8294.slice[23].carry$CARRY.COUT
Info:  0.3  8.7    Net $auto$alumacc.cc:474:replace_alu$8294.C[24] budget 0.290000 ns (6,14) -> (6,15)
Info:                Sink $auto$alumacc.cc:474:replace_alu$8294.slice[24].carry$CARRY.CIN
Info:                Defined in:
Info:                  mips.v:25
Info:                  fetch/fetch.v:104
Info:                  /usr/bin/../share/yosys/ice40/arith_map.v:43
Info:  0.2  8.9  Source $auto$alumacc.cc:474:replace_alu$8294.slice[24].carry$CARRY.COUT
Info:  0.0  8.9    Net $auto$alumacc.cc:474:replace_alu$8294.C[25] budget 0.000000 ns (6,15) -> (6,15)
Info:                Sink $auto$alumacc.cc:474:replace_alu$8294.slice[25].carry$CARRY.CIN
Info:                Defined in:
Info:                  mips.v:25
Info:                  fetch/fetch.v:104
Info:                  /usr/bin/../share/yosys/ice40/arith_map.v:43
Info:  0.2  9.1  Source $auto$alumacc.cc:474:replace_alu$8294.slice[25].carry$CARRY.COUT
Info:  0.0  9.1    Net $auto$alumacc.cc:474:replace_alu$8294.C[26] budget 0.000000 ns (6,15) -> (6,15)
Info:                Sink $auto$alumacc.cc:474:replace_alu$8294.slice[26].carry$CARRY.CIN
Info:                Defined in:
Info:                  mips.v:25
Info:                  fetch/fetch.v:104
Info:                  /usr/bin/../share/yosys/ice40/arith_map.v:43
Info:  0.2  9.3  Source $auto$alumacc.cc:474:replace_alu$8294.slice[26].carry$CARRY.COUT
Info:  0.0  9.3    Net $auto$alumacc.cc:474:replace_alu$8294.C[27] budget 0.000000 ns (6,15) -> (6,15)
Info:                Sink $auto$alumacc.cc:474:replace_alu$8294.slice[27].carry$CARRY.CIN
Info:                Defined in:
Info:                  mips.v:25
Info:                  fetch/fetch.v:104
Info:                  /usr/bin/../share/yosys/ice40/arith_map.v:43
Info:  0.2  9.5  Source $auto$alumacc.cc:474:replace_alu$8294.slice[27].carry$CARRY.COUT
Info:  0.0  9.5    Net $auto$alumacc.cc:474:replace_alu$8294.C[28] budget 0.000000 ns (6,15) -> (6,15)
Info:                Sink $auto$alumacc.cc:474:replace_alu$8294.slice[28].carry$CARRY.CIN
Info:                Defined in:
Info:                  mips.v:25
Info:                  fetch/fetch.v:104
Info:                  /usr/bin/../share/yosys/ice40/arith_map.v:43
Info:  0.2  9.6  Source $auto$alumacc.cc:474:replace_alu$8294.slice[28].carry$CARRY.COUT
Info:  0.0  9.6    Net $auto$alumacc.cc:474:replace_alu$8294.C[29] budget 0.000000 ns (6,15) -> (6,15)
Info:                Sink $auto$alumacc.cc:474:replace_alu$8294.slice[29].carry$CARRY.CIN
Info:                Defined in:
Info:                  mips.v:25
Info:                  fetch/fetch.v:104
Info:                  /usr/bin/../share/yosys/ice40/arith_map.v:43
Info:  0.2  9.8  Source $auto$alumacc.cc:474:replace_alu$8294.slice[29].carry$CARRY.COUT
Info:  0.0  9.8    Net $auto$alumacc.cc:474:replace_alu$8294.C[30] budget 0.000000 ns (6,15) -> (6,15)
Info:                Sink $auto$alumacc.cc:474:replace_alu$8294.slice[30].carry$CARRY.CIN
Info:                Defined in:
Info:                  mips.v:25
Info:                  fetch/fetch.v:104
Info:                  /usr/bin/../share/yosys/ice40/arith_map.v:43
Info:  0.2 10.0  Source $auto$alumacc.cc:474:replace_alu$8294.slice[30].carry$CARRY.COUT
Info:  0.0 10.0    Net $auto$alumacc.cc:474:replace_alu$8294.C[31] budget 0.000000 ns (6,15) -> (6,15)
Info:                Sink $auto$alumacc.cc:474:replace_alu$8294.slice[31].carry$CARRY.CIN
Info:                Defined in:
Info:                  mips.v:25
Info:                  fetch/fetch.v:104
Info:                  /usr/bin/../share/yosys/ice40/arith_map.v:43
Info:  0.2 10.2  Source $auto$alumacc.cc:474:replace_alu$8294.slice[31].carry$CARRY.COUT
Info:  0.3 10.5    Net $auto$alumacc.cc:474:replace_alu$8294.C[32] budget 0.290000 ns (6,15) -> (6,16)
Info:                Sink $auto$alumacc.cc:474:replace_alu$8294.slice[32].carry$CARRY.CIN
Info:                Defined in:
Info:                  mips.v:25
Info:                  fetch/fetch.v:104
Info:                  /usr/bin/../share/yosys/ice40/arith_map.v:43
Info:  0.2 10.7  Source $auto$alumacc.cc:474:replace_alu$8294.slice[32].carry$CARRY.COUT
Info:  0.4 11.1    Net $abc$9762$auto$alumacc.cc:491:replace_alu$8296[32] budget 0.380000 ns (6,16) -> (6,16)
Info:                Sink $abc$9762$auto$blifparse.cc:492:parse_blif$9763_LC.I3
Info:  0.5 11.5  Source $abc$9762$auto$blifparse.cc:492:parse_blif$9763_LC.O
Info:  0.9 12.4    Net $abc$9762$auto$dff2dffe.cc:158:make_patterns_logic$9370 budget 2.975000 ns (6,16) -> (7,16)
Info:                Sink $abc$9762$auto$blifparse.cc:492:parse_blif$9819_LC.I0
Info:  0.7 13.1  Source $abc$9762$auto$blifparse.cc:492:parse_blif$9819_LC.O
Info:  2.1 15.1    Net $abc$9762$auto$dff2dffe.cc:158:make_patterns_logic$9159 budget 2.975000 ns (7,16) -> (13,8)
Info:                Sink $gbuf_$abc$9762$auto$dff2dffe.cc:158:make_patterns_logic$9159_$glb_ce.USER_SIGNAL_TO_GLOBAL_BUFFER
Info:  0.9 16.0  Source $gbuf_$abc$9762$auto$dff2dffe.cc:158:make_patterns_logic$9159_$glb_ce.GLOBAL_BUFFER_OUTPUT
Info:  0.9 16.9    Net $abc$9762$auto$dff2dffe.cc:158:make_patterns_logic$9159_$glb_ce budget 2.975000 ns (13,8) -> (2,10)
Info:                Sink $auto$alumacc.cc:474:replace_alu$8308.slice[0].adder_LC.CEN
Info:  0.1 17.0  Setup $auto$alumacc.cc:474:replace_alu$8308.slice[0].adder_LC.CEN
Info: 9.9 ns logic, 7.1 ns routing

Info: Critical path report for cross-domain path 'posedge CLK$SB_IO_IN_$glb_clk' -> '<async>':
Info: curr total
Info:  0.8  0.8  Source $auto$simplemap.cc:420:simplemap_dff$8468_DFFLC.O
Info:  2.5  3.3    Net INSTR_B2$SB_IO_OUT budget 26.982000 ns (2,7) -> (0,13)
Info:                Sink INSTR_B2$sb_io.D_OUT_0
Info:                Defined in:
Info:                  mips.v:21
Info: 0.8 ns logic, 2.5 ns routing

Info: Max frequency for clock 'CLK$SB_IO_IN_$glb_clk': 58.73 MHz (PASS at 36.00 MHz)

Info: Max delay posedge CLK$SB_IO_IN_$glb_clk -> <async>: 3.30 ns

Info: Slack histogram:
Info:  legend: * represents 1 endpoint(s)
Info:          + represents [1,1) endpoint(s)
Info: [ 10750,  11489) |*****************************+
Info: [ 11489,  12228) |*+
Info: [ 12228,  12967) | 
Info: [ 12967,  13706) | 
Info: [ 13706,  14445) |*****************************+
Info: [ 14445,  15184) | 
Info: [ 15184,  15923) | 
Info: [ 15923,  16662) |*******+
Info: [ 16662,  17401) |+
Info: [ 17401,  18140) |***+
Info: [ 18140,  18879) |******+
Info: [ 18879,  19618) |******+
Info: [ 19618,  20357) |*****+
Info: [ 20357,  21096) |*****+
Info: [ 21096,  21835) |******+
Info: [ 21835,  22574) |*********+
Info: [ 22574,  23313) |*******+
Info: [ 23313,  24052) |******+
Info: [ 24052,  24791) |***********+
Info: [ 24791,  25530) |************************************************************ 

Info: Program finished normally.
