
 /----------------------------------------------------------------------------\
 |                                                                            |
 |  yosys -- Yosys Open SYnthesis Suite                                       |
 |                                                                            |
 |  Copyright (C) 2012 - 2019  Clifford Wolf <clifford@clifford.at>           |
 |                                                                            |
 |  Permission to use, copy, modify, and/or distribute this software for any  |
 |  purpose with or without fee is hereby granted, provided that the above    |
 |  copyright notice and this permission notice appear in all copies.         |
 |                                                                            |
 |  THE SOFTWARE IS PROVIDED "AS IS" AND THE AUTHOR DISCLAIMS ALL WARRANTIES  |
 |  WITH REGARD TO THIS SOFTWARE INCLUDING ALL IMPLIED WARRANTIES OF          |
 |  MERCHANTABILITY AND FITNESS. IN NO EVENT SHALL THE AUTHOR BE LIABLE FOR   |
 |  ANY SPECIAL, DIRECT, INDIRECT, OR CONSEQUENTIAL DAMAGES OR ANY DAMAGES    |
 |  WHATSOEVER RESULTING FROM LOSS OF USE, DATA OR PROFITS, WHETHER IN AN     |
 |  ACTION OF CONTRACT, NEGLIGENCE OR OTHER TORTIOUS ACTION, ARISING OUT OF   |
 |  OR IN CONNECTION WITH THE USE OR PERFORMANCE OF THIS SOFTWARE.            |
 |                                                                            |
 \----------------------------------------------------------------------------/

 Yosys 0.9 (git sha1 1979e0b)


-- Parsing `frmctr3.v' using frontend `verilog' --

1. Executing Verilog-2005 frontend: frmctr3.v
Parsing Verilog input from `frmctr3.v' to AST representation.
Generating RTLIL representation for module `\reset'.
Successfully finished Verilog frontend.

-- Running command `synth_ice40 -json frmctr3.json -blif frmctr3.blif' --

2. Executing SYNTH_ICE40 pass.

2.1. Executing Verilog-2005 frontend: /usr/bin/../share/yosys/ice40/cells_sim.v
Parsing Verilog input from `/usr/bin/../share/yosys/ice40/cells_sim.v' to AST representation.
Generating RTLIL representation for module `\SB_IO'.
Generating RTLIL representation for module `\SB_GB_IO'.
Generating RTLIL representation for module `\SB_GB'.
Generating RTLIL representation for module `\SB_LUT4'.
Generating RTLIL representation for module `\SB_CARRY'.
Generating RTLIL representation for module `\SB_DFF'.
Generating RTLIL representation for module `\SB_DFFE'.
Generating RTLIL representation for module `\SB_DFFSR'.
Generating RTLIL representation for module `\SB_DFFR'.
Generating RTLIL representation for module `\SB_DFFSS'.
Generating RTLIL representation for module `\SB_DFFS'.
Generating RTLIL representation for module `\SB_DFFESR'.
Generating RTLIL representation for module `\SB_DFFER'.
Generating RTLIL representation for module `\SB_DFFESS'.
Generating RTLIL representation for module `\SB_DFFES'.
Generating RTLIL representation for module `\SB_DFFN'.
Generating RTLIL representation for module `\SB_DFFNE'.
Generating RTLIL representation for module `\SB_DFFNSR'.
Generating RTLIL representation for module `\SB_DFFNR'.
Generating RTLIL representation for module `\SB_DFFNSS'.
Generating RTLIL representation for module `\SB_DFFNS'.
Generating RTLIL representation for module `\SB_DFFNESR'.
Generating RTLIL representation for module `\SB_DFFNER'.
Generating RTLIL representation for module `\SB_DFFNESS'.
Generating RTLIL representation for module `\SB_DFFNES'.
Generating RTLIL representation for module `\SB_RAM40_4K'.
Generating RTLIL representation for module `\SB_RAM40_4KNR'.
Generating RTLIL representation for module `\SB_RAM40_4KNW'.
Generating RTLIL representation for module `\SB_RAM40_4KNRNW'.
Generating RTLIL representation for module `\ICESTORM_LC'.
Generating RTLIL representation for module `\SB_PLL40_CORE'.
Generating RTLIL representation for module `\SB_PLL40_PAD'.
Generating RTLIL representation for module `\SB_PLL40_2_PAD'.
Generating RTLIL representation for module `\SB_PLL40_2F_CORE'.
Generating RTLIL representation for module `\SB_PLL40_2F_PAD'.
Generating RTLIL representation for module `\SB_WARMBOOT'.
Generating RTLIL representation for module `\SB_SPRAM256KA'.
Generating RTLIL representation for module `\SB_HFOSC'.
Generating RTLIL representation for module `\SB_LFOSC'.
Generating RTLIL representation for module `\SB_RGBA_DRV'.
Generating RTLIL representation for module `\SB_LED_DRV_CUR'.
Generating RTLIL representation for module `\SB_RGB_DRV'.
Generating RTLIL representation for module `\SB_I2C'.
Generating RTLIL representation for module `\SB_SPI'.
Generating RTLIL representation for module `\SB_LEDDA_IP'.
Generating RTLIL representation for module `\SB_FILTER_50NS'.
Generating RTLIL representation for module `\SB_IO_I3C'.
Generating RTLIL representation for module `\SB_IO_OD'.
Generating RTLIL representation for module `\SB_MAC16'.
Successfully finished Verilog frontend.

2.2. Executing HIERARCHY pass (managing design hierarchy).

2.2.1. Finding top of design hierarchy..
root of   0 design levels: reset               
Automatically selected reset as design top module.

2.2.2. Analyzing design hierarchy..
Top module:  \reset

2.2.3. Analyzing design hierarchy..
Top module:  \reset
Removed 0 unused modules.

2.3. Executing PROC pass (convert processes to netlists).

2.3.1. Executing PROC_CLEAN pass (remove empty switches from decision trees).
Cleaned up 0 empty switches.

2.3.2. Executing PROC_RMDEAD pass (remove dead branches from decision trees).
Marked 2 switch rules as full_case in process $proc$frmctr3.v:73$10 in module reset.
Removed a total of 0 dead cases.

2.3.3. Executing PROC_INIT pass (extract init attributes).
Found init rule in `\reset.$proc$frmctr3.v:47$25'.
  Set init value: \scl = 1'1
  Set init value: \state = 6'000000
  Set init value: \cmd = 8'00000000
  Set init value: \cmd_counter = 1'0

2.3.4. Executing PROC_ARST pass (detect async resets in processes).

2.3.5. Executing PROC_MUX pass (convert decision trees to multiplexers).
Creating decoders for process `\reset.$proc$frmctr3.v:47$25'.
     1/22: $0\data[7:0]
     2/22: $0\param_counter[1:0]
     3/22: $1\cmd_counter[0:0]
     4/22: $0\bit_counter[2:0]
     5/22: $0\param[7:0]
     6/22: $1\cmd[7:0]
     7/22: $0$memwr$\frmctr3_p$frmctr3.v:59$7_DATA[7:0]$39
     8/22: $0$memwr$\frmctr3_p$frmctr3.v:59$7_ADDR[31:0]$38
     9/22: $0$memwr$\frmctr3_p$frmctr3.v:58$6_DATA[7:0]$37
    10/22: $0$memwr$\frmctr3_p$frmctr3.v:58$6_ADDR[31:0]$36
    11/22: $0$memwr$\frmctr3_p$frmctr3.v:57$5_DATA[7:0]$35
    12/22: $0$memwr$\frmctr3_p$frmctr3.v:57$5_ADDR[31:0]$34
    13/22: $0$memwr$\frmctr3_num_params$frmctr3.v:55$4_DATA[7:0]$33
    14/22: $0$memwr$\frmctr3_num_params$frmctr3.v:55$4_ADDR[31:0]$32
    15/22: $0$memwr$\frmctr3_num_params$frmctr3.v:54$3_DATA[7:0]$31
    16/22: $0$memwr$\frmctr3_num_params$frmctr3.v:54$3_ADDR[31:0]$30
    17/22: $0$memwr$\frmctr3_c$frmctr3.v:53$2_DATA[7:0]$29
    18/22: $0$memwr$\frmctr3_c$frmctr3.v:53$2_ADDR[31:0]$28
    19/22: $0$memwr$\frmctr3_c$frmctr3.v:52$1_DATA[7:0]$27
    20/22: $0$memwr$\frmctr3_c$frmctr3.v:52$1_ADDR[31:0]$26
    21/22: $1\scl[0:0]
    22/22: $1\state[5:0]
Creating decoders for process `\reset.$proc$frmctr3.v:73$10'.
     1/8: $0\cmd_counter[0:0]
     2/8: $0\cmd[7:0]
     3/8: $0\delay[15:0]
     4/8: $0\state[5:0]
     5/8: $0\cs[0:0]
     6/8: $0\mosi[0:0]
     7/8: $0\dc[0:0]
     8/8: $0\rst[0:0]
Creating decoders for process `\reset.$proc$frmctr3.v:70$8'.
     1/1: $0\scl[0:0]

2.3.6. Executing PROC_DLATCH pass (convert process syncs to latches).
No latch inferred for signal `\reset.\param' from process `\reset.$proc$frmctr3.v:47$25'.
No latch inferred for signal `\reset.\bit_counter' from process `\reset.$proc$frmctr3.v:47$25'.
No latch inferred for signal `\reset.\param_counter' from process `\reset.$proc$frmctr3.v:47$25'.
No latch inferred for signal `\reset.\data' from process `\reset.$proc$frmctr3.v:47$25'.
No latch inferred for signal `\reset.$memwr$\frmctr3_c$frmctr3.v:52$1_ADDR' from process `\reset.$proc$frmctr3.v:47$25'.
No latch inferred for signal `\reset.$memwr$\frmctr3_c$frmctr3.v:52$1_DATA' from process `\reset.$proc$frmctr3.v:47$25'.
No latch inferred for signal `\reset.$memwr$\frmctr3_c$frmctr3.v:53$2_ADDR' from process `\reset.$proc$frmctr3.v:47$25'.
No latch inferred for signal `\reset.$memwr$\frmctr3_c$frmctr3.v:53$2_DATA' from process `\reset.$proc$frmctr3.v:47$25'.
No latch inferred for signal `\reset.$memwr$\frmctr3_num_params$frmctr3.v:54$3_ADDR' from process `\reset.$proc$frmctr3.v:47$25'.
No latch inferred for signal `\reset.$memwr$\frmctr3_num_params$frmctr3.v:54$3_DATA' from process `\reset.$proc$frmctr3.v:47$25'.
No latch inferred for signal `\reset.$memwr$\frmctr3_num_params$frmctr3.v:55$4_ADDR' from process `\reset.$proc$frmctr3.v:47$25'.
No latch inferred for signal `\reset.$memwr$\frmctr3_num_params$frmctr3.v:55$4_DATA' from process `\reset.$proc$frmctr3.v:47$25'.
No latch inferred for signal `\reset.$memwr$\frmctr3_p$frmctr3.v:57$5_ADDR' from process `\reset.$proc$frmctr3.v:47$25'.
No latch inferred for signal `\reset.$memwr$\frmctr3_p$frmctr3.v:57$5_DATA' from process `\reset.$proc$frmctr3.v:47$25'.
No latch inferred for signal `\reset.$memwr$\frmctr3_p$frmctr3.v:58$6_ADDR' from process `\reset.$proc$frmctr3.v:47$25'.
No latch inferred for signal `\reset.$memwr$\frmctr3_p$frmctr3.v:58$6_DATA' from process `\reset.$proc$frmctr3.v:47$25'.
No latch inferred for signal `\reset.$memwr$\frmctr3_p$frmctr3.v:59$7_ADDR' from process `\reset.$proc$frmctr3.v:47$25'.
No latch inferred for signal `\reset.$memwr$\frmctr3_p$frmctr3.v:59$7_DATA' from process `\reset.$proc$frmctr3.v:47$25'.

2.3.7. Executing PROC_DFF pass (convert process syncs to FFs).
Creating register for signal `\reset.\rst' using process `\reset.$proc$frmctr3.v:73$10'.
  created $dff cell `$procdff$101' with positive edge clock.
Creating register for signal `\reset.\dc' using process `\reset.$proc$frmctr3.v:73$10'.
  created $dff cell `$procdff$102' with positive edge clock.
Creating register for signal `\reset.\mosi' using process `\reset.$proc$frmctr3.v:73$10'.
  created $dff cell `$procdff$103' with positive edge clock.
Creating register for signal `\reset.\cs' using process `\reset.$proc$frmctr3.v:73$10'.
  created $dff cell `$procdff$104' with positive edge clock.
Creating register for signal `\reset.\state' using process `\reset.$proc$frmctr3.v:73$10'.
  created $dff cell `$procdff$105' with positive edge clock.
Creating register for signal `\reset.\delay' using process `\reset.$proc$frmctr3.v:73$10'.
  created $dff cell `$procdff$106' with positive edge clock.
Creating register for signal `\reset.\cmd' using process `\reset.$proc$frmctr3.v:73$10'.
  created $dff cell `$procdff$107' with positive edge clock.
Creating register for signal `\reset.\cmd_counter' using process `\reset.$proc$frmctr3.v:73$10'.
  created $dff cell `$procdff$108' with positive edge clock.
Creating register for signal `\reset.\scl' using process `\reset.$proc$frmctr3.v:70$8'.
  created $dff cell `$procdff$109' with positive edge clock.

2.3.8. Executing PROC_CLEAN pass (remove empty switches from decision trees).
Removing empty process `reset.$proc$frmctr3.v:47$25'.
Found and cleaned up 3 empty switches in `\reset.$proc$frmctr3.v:73$10'.
Removing empty process `reset.$proc$frmctr3.v:73$10'.
Removing empty process `reset.$proc$frmctr3.v:70$8'.
Cleaned up 3 empty switches.

2.4. Executing FLATTEN pass (flatten design).
No more expansions possible.

2.5. Executing TRIBUF pass.

2.6. Executing DEMINOUT pass (demote inout ports to input or output).

2.7. Executing OPT_EXPR pass (perform const folding).
Optimizing module reset.
<suppressed ~7 debug messages>

2.8. Executing OPT_CLEAN pass (remove unused cells and wires).
Finding unused cells or wires in module \reset..
Removed 8 unused cells and 58 unused wires.
<suppressed ~10 debug messages>

2.9. Executing CHECK pass (checking for obvious problems).
checking module reset..
found and reported 0 problems.

2.10. Executing OPT pass (performing simple optimizations).

2.10.1. Executing OPT_EXPR pass (perform const folding).
Optimizing module reset.

2.10.2. Executing OPT_MERGE pass (detect identical cells).
Finding identical cells in module `\reset'.
<suppressed ~33 debug messages>
Removed a total of 11 cells.

2.10.3. Executing OPT_MUXTREE pass (detect dead branches in mux trees).
Running muxtree optimizer on module \reset..
  Creating internal representation of mux trees.
  Evaluating internal representation of mux trees.
  Analyzing evaluation results.
Removed 0 multiplexer ports.
<suppressed ~6 debug messages>

2.10.4. Executing OPT_REDUCE pass (consolidate $*mux and $reduce_* inputs).
  Optimizing cells in module \reset.
Performed a total of 0 changes.

2.10.5. Executing OPT_MERGE pass (detect identical cells).
Finding identical cells in module `\reset'.
Removed a total of 0 cells.

2.10.6. Executing OPT_RMDFF pass (remove dff with constant values).
Removing $procdff$104 ($dff) from module reset.
Promoting init spec \cmd = 8'00000000 to constant driver in module reset.
Promoting init spec \cmd_counter = 1'0 to constant driver in module reset.
Promoted 2 init specs to constant drivers.
Replaced 1 DFF cells.

2.10.7. Executing OPT_CLEAN pass (remove unused cells and wires).
Finding unused cells or wires in module \reset..
Removed 1 unused cells and 12 unused wires.
<suppressed ~2 debug messages>

2.10.8. Executing OPT_EXPR pass (perform const folding).
Optimizing module reset.

2.10.9. Rerunning OPT passes. (Maybe there is more to do..)

2.10.10. Executing OPT_MUXTREE pass (detect dead branches in mux trees).
Running muxtree optimizer on module \reset..
  Creating internal representation of mux trees.
  Evaluating internal representation of mux trees.
  Analyzing evaluation results.
Removed 0 multiplexer ports.
<suppressed ~5 debug messages>

2.10.11. Executing OPT_REDUCE pass (consolidate $*mux and $reduce_* inputs).
  Optimizing cells in module \reset.
Performed a total of 0 changes.

2.10.12. Executing OPT_MERGE pass (detect identical cells).
Finding identical cells in module `\reset'.
Removed a total of 0 cells.

2.10.13. Executing OPT_RMDFF pass (remove dff with constant values).

2.10.14. Executing OPT_CLEAN pass (remove unused cells and wires).
Finding unused cells or wires in module \reset..

2.10.15. Executing OPT_EXPR pass (perform const folding).
Optimizing module reset.

2.10.16. Finished OPT passes. (There is nothing left to do.)

2.11. Executing WREDUCE pass (reducing word size of cells).
Removed top 31 address bits (of 32) from memory init port reset.$meminit$\frmctr3_c$frmctr3.v:52$18 (frmctr3_c).
Removed top 31 address bits (of 32) from memory init port reset.$meminit$\frmctr3_c$frmctr3.v:53$19 (frmctr3_c).
Removed top 31 address bits (of 32) from memory init port reset.$meminit$\frmctr3_num_params$frmctr3.v:54$20 (frmctr3_num_params).
Removed top 31 address bits (of 32) from memory init port reset.$meminit$\frmctr3_num_params$frmctr3.v:55$21 (frmctr3_num_params).
Removed top 30 address bits (of 32) from memory init port reset.$meminit$\frmctr3_p$frmctr3.v:57$22 (frmctr3_p).
Removed top 30 address bits (of 32) from memory init port reset.$meminit$\frmctr3_p$frmctr3.v:58$23 (frmctr3_p).
Removed top 30 address bits (of 32) from memory init port reset.$meminit$\frmctr3_p$frmctr3.v:59$24 (frmctr3_p).
Removed top 9 bits (of 16) from port B of cell reset.$le$frmctr3.v:89$11 ($le).
Removed top 15 bits (of 16) from port B of cell reset.$add$frmctr3.v:103$14 ($add).
Removed top 4 bits (of 6) from port B of cell reset.$procmux$55_CMP0 ($eq).
Removed top 4 bits (of 6) from port B of cell reset.$procmux$59_CMP0 ($eq).
Removed top 3 bits (of 6) from port B of cell reset.$procmux$63_CMP0 ($eq).
Removed top 3 bits (of 6) from port B of cell reset.$procmux$64_CMP0 ($eq).
Removed top 5 bits (of 6) from port B of cell reset.$procmux$73_CMP0 ($eq).
Removed top 3 bits (of 6) from port B of cell reset.$procmux$84_CMP0 ($eq).

2.12. Executing PEEPOPT pass (run peephole optimizers).

2.13. Executing OPT_CLEAN pass (remove unused cells and wires).
Finding unused cells or wires in module \reset..

2.14. Executing SHARE pass (SAT-based resource sharing).

2.15. Executing TECHMAP pass (map to technology primitives).

2.15.1. Executing Verilog-2005 frontend: /usr/bin/../share/yosys/cmp2lut.v
Parsing Verilog input from `/usr/bin/../share/yosys/cmp2lut.v' to AST representation.
Generating RTLIL representation for module `\_90_lut_cmp_'.
Successfully finished Verilog frontend.

2.15.2. Continuing TECHMAP pass.
No more expansions possible.
<suppressed ~132 debug messages>

2.16. Executing OPT_EXPR pass (perform const folding).
Optimizing module reset.

2.17. Executing OPT_CLEAN pass (remove unused cells and wires).
Finding unused cells or wires in module \reset..

2.18. Executing ALUMACC pass (create $alu and $macc cells).
Extracting $alu and $macc cells in module reset:
  creating $macc model for $add$frmctr3.v:103$14 ($add).
  creating $alu model for $macc $add$frmctr3.v:103$14.
  creating $alu model for $le$frmctr3.v:101$13 ($le): new $alu
  creating $alu model for $le$frmctr3.v:89$11 ($le): new $alu
  creating $alu cell for $le$frmctr3.v:89$11: $auto$alumacc.cc:474:replace_alu$112
  creating $alu cell for $le$frmctr3.v:101$13: $auto$alumacc.cc:474:replace_alu$125
  creating $alu cell for $add$frmctr3.v:103$14: $auto$alumacc.cc:474:replace_alu$134
  created 3 $alu and 0 $macc cells.

2.19. Executing OPT pass (performing simple optimizations).

2.19.1. Executing OPT_EXPR pass (perform const folding).
Optimizing module reset.

2.19.2. Executing OPT_MERGE pass (detect identical cells).
Finding identical cells in module `\reset'.
Removed a total of 0 cells.

2.19.3. Executing OPT_MUXTREE pass (detect dead branches in mux trees).
Running muxtree optimizer on module \reset..
  Creating internal representation of mux trees.
  Evaluating internal representation of mux trees.
  Analyzing evaluation results.
Removed 0 multiplexer ports.
<suppressed ~5 debug messages>

2.19.4. Executing OPT_REDUCE pass (consolidate $*mux and $reduce_* inputs).
  Optimizing cells in module \reset.
    New input vector for $reduce_or cell $auto$alumacc.cc:509:replace_alu$123: { $auto$rtlil.cc:1832:Not$122 $auto$rtlil.cc:1835:ReduceAnd$116 }
    New input vector for $reduce_and cell $auto$alumacc.cc:64:get_eq$115: { $auto$alumacc.cc:490:replace_alu$113 [0] $auto$alumacc.cc:490:replace_alu$113 [1] $auto$alumacc.cc:490:replace_alu$113 [2] $auto$alumacc.cc:490:replace_alu$113 [3] $auto$alumacc.cc:490:replace_alu$113 [4] $auto$alumacc.cc:490:replace_alu$113 [5] $auto$alumacc.cc:490:replace_alu$113 [6] $auto$alumacc.cc:490:replace_alu$113 [7] $auto$alumacc.cc:490:replace_alu$113 [8] $auto$alumacc.cc:490:replace_alu$113 [9] $auto$alumacc.cc:490:replace_alu$113 [10] $auto$alumacc.cc:490:replace_alu$113 [11] $auto$alumacc.cc:490:replace_alu$113 [12] $auto$alumacc.cc:490:replace_alu$113 [13] $auto$alumacc.cc:490:replace_alu$113 [14] $auto$alumacc.cc:490:replace_alu$113 [15] }
    New input vector for $reduce_and cell $auto$alumacc.cc:64:get_eq$130: { $auto$alumacc.cc:490:replace_alu$126 [0] $auto$alumacc.cc:490:replace_alu$126 [1] $auto$alumacc.cc:490:replace_alu$126 [2] $auto$alumacc.cc:490:replace_alu$126 [3] $auto$alumacc.cc:490:replace_alu$126 [4] $auto$alumacc.cc:490:replace_alu$126 [5] $auto$alumacc.cc:490:replace_alu$126 [6] $auto$alumacc.cc:490:replace_alu$126 [7] $auto$alumacc.cc:490:replace_alu$126 [8] $auto$alumacc.cc:490:replace_alu$126 [9] $auto$alumacc.cc:490:replace_alu$126 [10] $auto$alumacc.cc:490:replace_alu$126 [11] $auto$alumacc.cc:490:replace_alu$126 [12] $auto$alumacc.cc:490:replace_alu$126 [13] $auto$alumacc.cc:490:replace_alu$126 [14] $auto$alumacc.cc:490:replace_alu$126 [15] }
  Optimizing cells in module \reset.
Performed a total of 3 changes.

2.19.5. Executing OPT_MERGE pass (detect identical cells).
Finding identical cells in module `\reset'.
Removed a total of 0 cells.

2.19.6. Executing OPT_RMDFF pass (remove dff with constant values).

2.19.7. Executing OPT_CLEAN pass (remove unused cells and wires).
Finding unused cells or wires in module \reset..
Removed 0 unused cells and 2 unused wires.
<suppressed ~1 debug messages>

2.19.8. Executing OPT_EXPR pass (perform const folding).
Optimizing module reset.

2.19.9. Rerunning OPT passes. (Maybe there is more to do..)

2.19.10. Executing OPT_MUXTREE pass (detect dead branches in mux trees).
Running muxtree optimizer on module \reset..
  Creating internal representation of mux trees.
  Evaluating internal representation of mux trees.
  Analyzing evaluation results.
Removed 0 multiplexer ports.
<suppressed ~5 debug messages>

2.19.11. Executing OPT_REDUCE pass (consolidate $*mux and $reduce_* inputs).
  Optimizing cells in module \reset.
Performed a total of 0 changes.

2.19.12. Executing OPT_MERGE pass (detect identical cells).
Finding identical cells in module `\reset'.
Removed a total of 0 cells.

2.19.13. Executing OPT_RMDFF pass (remove dff with constant values).

2.19.14. Executing OPT_CLEAN pass (remove unused cells and wires).
Finding unused cells or wires in module \reset..

2.19.15. Executing OPT_EXPR pass (perform const folding).
Optimizing module reset.

2.19.16. Finished OPT passes. (There is nothing left to do.)

2.20. Executing FSM pass (extract and optimize FSM).

2.20.1. Executing FSM_DETECT pass (finding FSMs in design).
Not marking reset.state as FSM state register:
    Register has an initialization value.

2.20.2. Executing FSM_EXTRACT pass (extracting FSM from design).

2.20.3. Executing FSM_OPT pass (simple optimizations of FSMs).

2.20.4. Executing OPT_CLEAN pass (remove unused cells and wires).
Finding unused cells or wires in module \reset..

2.20.5. Executing FSM_OPT pass (simple optimizations of FSMs).

2.20.6. Executing FSM_RECODE pass (re-assigning FSM state encoding).

2.20.7. Executing FSM_INFO pass (dumping all available information on FSM cells).

2.20.8. Executing FSM_MAP pass (mapping FSMs to basic logic).

2.21. Executing OPT pass (performing simple optimizations).

2.21.1. Executing OPT_EXPR pass (perform const folding).
Optimizing module reset.

2.21.2. Executing OPT_MERGE pass (detect identical cells).
Finding identical cells in module `\reset'.
Removed a total of 0 cells.

2.21.3. Executing OPT_RMDFF pass (remove dff with constant values).

2.21.4. Executing OPT_CLEAN pass (remove unused cells and wires).
Finding unused cells or wires in module \reset..

2.21.5. Finished fast OPT passes.

2.22. Executing MEMORY pass.

2.22.1. Executing MEMORY_DFF pass (merging $dff cells to $memrd and $memwr).

2.22.2. Executing OPT_CLEAN pass (remove unused cells and wires).
Finding unused cells or wires in module \reset..

2.22.3. Executing MEMORY_SHARE pass (consolidating $memrd/$memwr cells).

2.22.4. Executing OPT_CLEAN pass (remove unused cells and wires).
Finding unused cells or wires in module \reset..

2.22.5. Executing MEMORY_COLLECT pass (generating $mem cells).
Collecting $memrd, $memwr and $meminit for memory `\frmctr3_c' in module `\reset':
  $meminit$\frmctr3_c$frmctr3.v:52$18 ($meminit)
  $meminit$\frmctr3_c$frmctr3.v:53$19 ($meminit)
Collecting $memrd, $memwr and $meminit for memory `\frmctr3_num_params' in module `\reset':
  $meminit$\frmctr3_num_params$frmctr3.v:54$20 ($meminit)
  $meminit$\frmctr3_num_params$frmctr3.v:55$21 ($meminit)
Collecting $memrd, $memwr and $meminit for memory `\frmctr3_p' in module `\reset':
  $meminit$\frmctr3_p$frmctr3.v:57$22 ($meminit)
  $meminit$\frmctr3_p$frmctr3.v:58$23 ($meminit)
  $meminit$\frmctr3_p$frmctr3.v:59$24 ($meminit)

2.23. Executing OPT_CLEAN pass (remove unused cells and wires).
Finding unused cells or wires in module \reset..
Removed 3 unused cells and 0 unused wires.
<suppressed ~3 debug messages>

2.24. Executing MEMORY_BRAM pass (mapping $mem cells to block memories).

2.25. Executing TECHMAP pass (map to technology primitives).

2.25.1. Executing Verilog-2005 frontend: /usr/bin/../share/yosys/ice40/brams_map.v
Parsing Verilog input from `/usr/bin/../share/yosys/ice40/brams_map.v' to AST representation.
Generating RTLIL representation for module `\$__ICE40_RAM4K'.
Generating RTLIL representation for module `\$__ICE40_RAM4K_M0'.
Generating RTLIL representation for module `\$__ICE40_RAM4K_M123'.
Successfully finished Verilog frontend.

2.25.2. Continuing TECHMAP pass.
No more expansions possible.

2.26. Executing ICE40_BRAMINIT pass.

2.27. Executing OPT pass (performing simple optimizations).

2.27.1. Executing OPT_EXPR pass (perform const folding).
Optimizing module reset.

2.27.2. Executing OPT_MERGE pass (detect identical cells).
Finding identical cells in module `\reset'.
Removed a total of 0 cells.

2.27.3. Executing OPT_RMDFF pass (remove dff with constant values).

2.27.4. Executing OPT_CLEAN pass (remove unused cells and wires).
Finding unused cells or wires in module \reset..

2.27.5. Finished fast OPT passes.

2.28. Executing MEMORY_MAP pass (converting $mem cells to logic and flip-flops).

2.29. Executing OPT pass (performing simple optimizations).

2.29.1. Executing OPT_EXPR pass (perform const folding).
Optimizing module reset.

2.29.2. Executing OPT_MERGE pass (detect identical cells).
Finding identical cells in module `\reset'.
Removed a total of 0 cells.

2.29.3. Executing OPT_MUXTREE pass (detect dead branches in mux trees).
Running muxtree optimizer on module \reset..
  Creating internal representation of mux trees.
  Evaluating internal representation of mux trees.
  Analyzing evaluation results.
Removed 0 multiplexer ports.
<suppressed ~5 debug messages>

2.29.4. Executing OPT_REDUCE pass (consolidate $*mux and $reduce_* inputs).
  Optimizing cells in module \reset.
Performed a total of 0 changes.

2.29.5. Executing OPT_MERGE pass (detect identical cells).
Finding identical cells in module `\reset'.
Removed a total of 0 cells.

2.29.6. Executing OPT_RMDFF pass (remove dff with constant values).

2.29.7. Executing OPT_CLEAN pass (remove unused cells and wires).
Finding unused cells or wires in module \reset..

2.29.8. Executing OPT_EXPR pass (perform const folding).
Optimizing module reset.

2.29.9. Finished OPT passes. (There is nothing left to do.)

2.30. Executing TECHMAP pass (map to technology primitives).

2.30.1. Executing Verilog-2005 frontend: /usr/bin/../share/yosys/techmap.v
Parsing Verilog input from `/usr/bin/../share/yosys/techmap.v' to AST representation.
Generating RTLIL representation for module `\_90_simplemap_bool_ops'.
Generating RTLIL representation for module `\_90_simplemap_reduce_ops'.
Generating RTLIL representation for module `\_90_simplemap_logic_ops'.
Generating RTLIL representation for module `\_90_simplemap_compare_ops'.
Generating RTLIL representation for module `\_90_simplemap_various'.
Generating RTLIL representation for module `\_90_simplemap_registers'.
Generating RTLIL representation for module `\_90_shift_ops_shr_shl_sshl_sshr'.
Generating RTLIL representation for module `\_90_shift_shiftx'.
Generating RTLIL representation for module `\_90_fa'.
Generating RTLIL representation for module `\_90_lcu'.
Generating RTLIL representation for module `\_90_alu'.
Generating RTLIL representation for module `\_90_macc'.
Generating RTLIL representation for module `\_90_alumacc'.
Generating RTLIL representation for module `\$__div_mod_u'.
Generating RTLIL representation for module `\$__div_mod'.
Generating RTLIL representation for module `\_90_div'.
Generating RTLIL representation for module `\_90_mod'.
Generating RTLIL representation for module `\_90_pow'.
Generating RTLIL representation for module `\_90_pmux'.
Generating RTLIL representation for module `\_90_lut'.
Successfully finished Verilog frontend.

2.30.2. Executing Verilog-2005 frontend: /usr/bin/../share/yosys/ice40/arith_map.v
Parsing Verilog input from `/usr/bin/../share/yosys/ice40/arith_map.v' to AST representation.
Generating RTLIL representation for module `\_80_ice40_alu'.
Successfully finished Verilog frontend.

2.30.3. Continuing TECHMAP pass.
Using extmapper simplemap for cells of type $or.
Using extmapper simplemap for cells of type $not.
Using extmapper simplemap for cells of type $mux.
Using extmapper simplemap for cells of type $eq.
Using template $paramod\_90_pmux\WIDTH=16\S_WIDTH=3 for cells of type $pmux.
Using template $paramod\_90_pmux\WIDTH=6\S_WIDTH=6 for cells of type $pmux.
Using extmapper simplemap for cells of type $reduce_or.
Using template $paramod\_80_ice40_alu\A_SIGNED=0\B_SIGNED=0\A_WIDTH=7\B_WIDTH=16\Y_WIDTH=16 for cells of type $alu.
Using template $paramod\_90_pmux\WIDTH=1\S_WIDTH=2 for cells of type $pmux.
Using extmapper simplemap for cells of type $reduce_and.
Using template $paramod\_80_ice40_alu\A_SIGNED=0\B_SIGNED=0\A_WIDTH=1\B_WIDTH=16\Y_WIDTH=16 for cells of type $alu.
Using template $paramod\_90_pmux\WIDTH=1\S_WIDTH=3 for cells of type $pmux.
Using template $paramod\_80_ice40_alu\A_SIGNED=0\B_SIGNED=0\A_WIDTH=16\B_WIDTH=16\Y_WIDTH=16 for cells of type $alu.
Using extmapper simplemap for cells of type $logic_not.
Using extmapper simplemap for cells of type $dff.
Using extmapper simplemap for cells of type $and.
Using extmapper simplemap for cells of type $xor.
Using extmapper simplemap for cells of type $pos.
No more expansions possible.
<suppressed ~187 debug messages>

2.31. Executing ICE40_OPT pass (performing simple optimizations).

2.31.1. Running ICE40 specific optimizations.

2.31.2. Executing OPT_EXPR pass (perform const folding).
Optimizing module reset.
<suppressed ~208 debug messages>

2.31.3. Executing OPT_MERGE pass (detect identical cells).
Finding identical cells in module `\reset'.
<suppressed ~117 debug messages>
Removed a total of 39 cells.

2.31.4. Executing OPT_RMDFF pass (remove dff with constant values).

2.31.5. Executing OPT_CLEAN pass (remove unused cells and wires).
Finding unused cells or wires in module \reset..
Removed 33 unused cells and 199 unused wires.
<suppressed ~34 debug messages>

2.31.6. Rerunning OPT passes. (Removed registers in this run.)

2.31.7. Running ICE40 specific optimizations.
Optimized away SB_CARRY cell reset.$auto$alumacc.cc:474:replace_alu$112.slice[0].carry: CO=$auto$alumacc.cc:474:replace_alu$112.BB [0]
Optimized away SB_CARRY cell reset.$auto$alumacc.cc:474:replace_alu$125.slice[0].carry: CO=1'1
Optimized away SB_CARRY cell reset.$auto$alumacc.cc:474:replace_alu$134.slice[0].carry: CO=\delay [0]
Mapping SB_LUT4 cell reset.$auto$alumacc.cc:474:replace_alu$134.slice[1].adder back to logic.

2.31.8. Executing OPT_EXPR pass (perform const folding).
Optimizing module reset.
<suppressed ~13 debug messages>

2.31.9. Executing OPT_MERGE pass (detect identical cells).
Finding identical cells in module `\reset'.
<suppressed ~3 debug messages>
Removed a total of 1 cells.

2.31.10. Executing OPT_RMDFF pass (remove dff with constant values).

2.31.11. Executing OPT_CLEAN pass (remove unused cells and wires).
Finding unused cells or wires in module \reset..
Removed 0 unused cells and 4 unused wires.
<suppressed ~1 debug messages>

2.31.12. Rerunning OPT passes. (Removed registers in this run.)

2.31.13. Running ICE40 specific optimizations.
Optimized away SB_CARRY cell reset.$auto$alumacc.cc:474:replace_alu$125.slice[1].carry: CO=1'1

2.31.14. Executing OPT_EXPR pass (perform const folding).
Optimizing module reset.

2.31.15. Executing OPT_MERGE pass (detect identical cells).
Finding identical cells in module `\reset'.
Removed a total of 0 cells.

2.31.16. Executing OPT_RMDFF pass (remove dff with constant values).

2.31.17. Executing OPT_CLEAN pass (remove unused cells and wires).
Finding unused cells or wires in module \reset..

2.31.18. Rerunning OPT passes. (Removed registers in this run.)

2.31.19. Running ICE40 specific optimizations.
Optimized away SB_CARRY cell reset.$auto$alumacc.cc:474:replace_alu$125.slice[2].carry: CO=1'1

2.31.20. Executing OPT_EXPR pass (perform const folding).
Optimizing module reset.

2.31.21. Executing OPT_MERGE pass (detect identical cells).
Finding identical cells in module `\reset'.
Removed a total of 0 cells.

2.31.22. Executing OPT_RMDFF pass (remove dff with constant values).

2.31.23. Executing OPT_CLEAN pass (remove unused cells and wires).
Finding unused cells or wires in module \reset..

2.31.24. Rerunning OPT passes. (Removed registers in this run.)

2.31.25. Running ICE40 specific optimizations.
Optimized away SB_CARRY cell reset.$auto$alumacc.cc:474:replace_alu$125.slice[3].carry: CO=1'1

2.31.26. Executing OPT_EXPR pass (perform const folding).
Optimizing module reset.

2.31.27. Executing OPT_MERGE pass (detect identical cells).
Finding identical cells in module `\reset'.
Removed a total of 0 cells.

2.31.28. Executing OPT_RMDFF pass (remove dff with constant values).

2.31.29. Executing OPT_CLEAN pass (remove unused cells and wires).
Finding unused cells or wires in module \reset..

2.31.30. Rerunning OPT passes. (Removed registers in this run.)

2.31.31. Running ICE40 specific optimizations.
Optimized away SB_CARRY cell reset.$auto$alumacc.cc:474:replace_alu$125.slice[4].carry: CO=1'1

2.31.32. Executing OPT_EXPR pass (perform const folding).
Optimizing module reset.

2.31.33. Executing OPT_MERGE pass (detect identical cells).
Finding identical cells in module `\reset'.
Removed a total of 0 cells.

2.31.34. Executing OPT_RMDFF pass (remove dff with constant values).

2.31.35. Executing OPT_CLEAN pass (remove unused cells and wires).
Finding unused cells or wires in module \reset..

2.31.36. Rerunning OPT passes. (Removed registers in this run.)

2.31.37. Running ICE40 specific optimizations.
Optimized away SB_CARRY cell reset.$auto$alumacc.cc:474:replace_alu$125.slice[5].carry: CO=\delay [5]

2.31.38. Executing OPT_EXPR pass (perform const folding).
Optimizing module reset.

2.31.39. Executing OPT_MERGE pass (detect identical cells).
Finding identical cells in module `\reset'.
Removed a total of 0 cells.

2.31.40. Executing OPT_RMDFF pass (remove dff with constant values).

2.31.41. Executing OPT_CLEAN pass (remove unused cells and wires).
Finding unused cells or wires in module \reset..

2.31.42. Rerunning OPT passes. (Removed registers in this run.)

2.31.43. Running ICE40 specific optimizations.

2.31.44. Executing OPT_EXPR pass (perform const folding).
Optimizing module reset.

2.31.45. Executing OPT_MERGE pass (detect identical cells).
Finding identical cells in module `\reset'.
Removed a total of 0 cells.

2.31.46. Executing OPT_RMDFF pass (remove dff with constant values).

2.31.47. Executing OPT_CLEAN pass (remove unused cells and wires).
Finding unused cells or wires in module \reset..

2.31.48. Finished OPT passes. (There is nothing left to do.)

2.32. Executing DFFSR2DFF pass (mapping DFFSR cells to simpler FFs).

2.33. Executing DFF2DFFE pass (transform $dff to $dffe where applicable).
Selected cell types for direct conversion:
  $_DFF_PP1_ -> $__DFFE_PP1
  $_DFF_PP0_ -> $__DFFE_PP0
  $_DFF_PN1_ -> $__DFFE_PN1
  $_DFF_PN0_ -> $__DFFE_PN0
  $_DFF_NP1_ -> $__DFFE_NP1
  $_DFF_NP0_ -> $__DFFE_NP0
  $_DFF_NN1_ -> $__DFFE_NN1
  $_DFF_NN0_ -> $__DFFE_NN0
  $_DFF_N_ -> $_DFFE_NP_
  $_DFF_P_ -> $_DFFE_PP_
Transforming FF to FF+Enable cells in module reset:
  converting $_DFF_P_ cell $auto$simplemap.cc:420:simplemap_dff$466 to $_DFFE_PP_ for $0\rst[0:0] -> \rst.
  converting $_DFF_P_ cell $auto$simplemap.cc:420:simplemap_dff$467 to $_DFFE_PP_ for $0\dc[0:0] -> \dc.
  converting $_DFF_P_ cell $auto$simplemap.cc:420:simplemap_dff$468 to $_DFFE_PP_ for $0\mosi[0:0] -> \mosi.
  converting $_DFF_P_ cell $auto$simplemap.cc:420:simplemap_dff$469 to $_DFFE_PP_ for $0\state[5:0] [0] -> \state [0].
  converting $_DFF_P_ cell $auto$simplemap.cc:420:simplemap_dff$470 to $_DFFE_PP_ for $0\state[5:0] [1] -> \state [1].
  converting $_DFF_P_ cell $auto$simplemap.cc:420:simplemap_dff$471 to $_DFFE_PP_ for $0\state[5:0] [2] -> \state [2].
  converting $_DFF_P_ cell $auto$simplemap.cc:420:simplemap_dff$472 to $_DFFE_PP_ for $0\state[5:0] [3] -> \state [3].
  converting $_DFF_P_ cell $auto$simplemap.cc:420:simplemap_dff$473 to $_DFFE_PP_ for $0\state[5:0] [4] -> \state [4].
  converting $_DFF_P_ cell $auto$simplemap.cc:420:simplemap_dff$474 to $_DFFE_PP_ for $0\state[5:0] [5] -> \state [5].
  converting $_DFF_P_ cell $auto$simplemap.cc:420:simplemap_dff$475 to $_DFFE_PP_ for $0\delay[15:0] [0] -> \delay [0].
  converting $_DFF_P_ cell $auto$simplemap.cc:420:simplemap_dff$476 to $_DFFE_PP_ for $0\delay[15:0] [1] -> \delay [1].
  converting $_DFF_P_ cell $auto$simplemap.cc:420:simplemap_dff$477 to $_DFFE_PP_ for $0\delay[15:0] [2] -> \delay [2].
  converting $_DFF_P_ cell $auto$simplemap.cc:420:simplemap_dff$478 to $_DFFE_PP_ for $0\delay[15:0] [3] -> \delay [3].
  converting $_DFF_P_ cell $auto$simplemap.cc:420:simplemap_dff$479 to $_DFFE_PP_ for $0\delay[15:0] [4] -> \delay [4].
  converting $_DFF_P_ cell $auto$simplemap.cc:420:simplemap_dff$480 to $_DFFE_PP_ for $0\delay[15:0] [5] -> \delay [5].
  converting $_DFF_P_ cell $auto$simplemap.cc:420:simplemap_dff$481 to $_DFFE_PP_ for $0\delay[15:0] [6] -> \delay [6].
  converting $_DFF_P_ cell $auto$simplemap.cc:420:simplemap_dff$482 to $_DFFE_PP_ for $0\delay[15:0] [7] -> \delay [7].
  converting $_DFF_P_ cell $auto$simplemap.cc:420:simplemap_dff$483 to $_DFFE_PP_ for $0\delay[15:0] [8] -> \delay [8].
  converting $_DFF_P_ cell $auto$simplemap.cc:420:simplemap_dff$484 to $_DFFE_PP_ for $0\delay[15:0] [9] -> \delay [9].
  converting $_DFF_P_ cell $auto$simplemap.cc:420:simplemap_dff$485 to $_DFFE_PP_ for $0\delay[15:0] [10] -> \delay [10].
  converting $_DFF_P_ cell $auto$simplemap.cc:420:simplemap_dff$486 to $_DFFE_PP_ for $0\delay[15:0] [11] -> \delay [11].
  converting $_DFF_P_ cell $auto$simplemap.cc:420:simplemap_dff$487 to $_DFFE_PP_ for $0\delay[15:0] [12] -> \delay [12].
  converting $_DFF_P_ cell $auto$simplemap.cc:420:simplemap_dff$488 to $_DFFE_PP_ for $0\delay[15:0] [13] -> \delay [13].
  converting $_DFF_P_ cell $auto$simplemap.cc:420:simplemap_dff$489 to $_DFFE_PP_ for $0\delay[15:0] [14] -> \delay [14].
  converting $_DFF_P_ cell $auto$simplemap.cc:420:simplemap_dff$490 to $_DFFE_PP_ for $0\delay[15:0] [15] -> \delay [15].

2.34. Executing TECHMAP pass (map to technology primitives).

2.34.1. Executing Verilog-2005 frontend: /usr/bin/../share/yosys/ice40/cells_map.v
Parsing Verilog input from `/usr/bin/../share/yosys/ice40/cells_map.v' to AST representation.
Generating RTLIL representation for module `\$_DFF_N_'.
Generating RTLIL representation for module `\$_DFF_P_'.
Generating RTLIL representation for module `\$_DFFE_NN_'.
Generating RTLIL representation for module `\$_DFFE_PN_'.
Generating RTLIL representation for module `\$_DFFE_NP_'.
Generating RTLIL representation for module `\$_DFFE_PP_'.
Generating RTLIL representation for module `\$_DFF_NN0_'.
Generating RTLIL representation for module `\$_DFF_NN1_'.
Generating RTLIL representation for module `\$_DFF_PN0_'.
Generating RTLIL representation for module `\$_DFF_PN1_'.
Generating RTLIL representation for module `\$_DFF_NP0_'.
Generating RTLIL representation for module `\$_DFF_NP1_'.
Generating RTLIL representation for module `\$_DFF_PP0_'.
Generating RTLIL representation for module `\$_DFF_PP1_'.
Generating RTLIL representation for module `\$__DFFE_NN0'.
Generating RTLIL representation for module `\$__DFFE_NN1'.
Generating RTLIL representation for module `\$__DFFE_PN0'.
Generating RTLIL representation for module `\$__DFFE_PN1'.
Generating RTLIL representation for module `\$__DFFE_NP0'.
Generating RTLIL representation for module `\$__DFFE_NP1'.
Generating RTLIL representation for module `\$__DFFE_PP0'.
Generating RTLIL representation for module `\$__DFFE_PP1'.
Successfully finished Verilog frontend.

2.34.2. Continuing TECHMAP pass.
Using template \$_DFFE_PP_ for cells of type $_DFFE_PP_.
Using template \$_DFF_P_ for cells of type $_DFF_P_.
No more expansions possible.
<suppressed ~26 debug messages>

2.35. Executing OPT_EXPR pass (perform const folding).
Optimizing module reset.
<suppressed ~50 debug messages>

2.36. Executing SIMPLEMAP pass (map simple cells to gate primitives).

2.37. Executing ICE40_FFINIT pass (implement FF init values).
Handling FF init values in reset.
FF init value for cell $auto$simplemap.cc:420:simplemap_dff$491 (SB_DFF): \scl = 1
FF init value for cell $auto$simplemap.cc:420:simplemap_dff$474 (SB_DFFE): \state [5] = 0
FF init value for cell $auto$simplemap.cc:420:simplemap_dff$470 (SB_DFFE): \state [1] = 0
FF init value for cell $auto$simplemap.cc:420:simplemap_dff$471 (SB_DFFE): \state [2] = 0
FF init value for cell $auto$simplemap.cc:420:simplemap_dff$472 (SB_DFFE): \state [3] = 0
FF init value for cell $auto$simplemap.cc:420:simplemap_dff$473 (SB_DFFE): \state [4] = 0
FF init value for cell $auto$simplemap.cc:420:simplemap_dff$469 (SB_DFFE): \state [0] = 0

2.38. Executing ICE40_FFSSR pass (merge synchronous set/reset into FF cells).
Merging set/reset $_MUX_ cells into SB_FFs in reset.

2.39. Executing ICE40_OPT pass (performing simple optimizations).

2.39.1. Running ICE40 specific optimizations.

2.39.2. Executing OPT_EXPR pass (perform const folding).
Optimizing module reset.
<suppressed ~42 debug messages>

2.39.3. Executing OPT_MERGE pass (detect identical cells).
Finding identical cells in module `\reset'.
<suppressed ~3 debug messages>
Removed a total of 1 cells.

2.39.4. Executing OPT_RMDFF pass (remove dff with constant values).

2.39.5. Executing OPT_CLEAN pass (remove unused cells and wires).
Finding unused cells or wires in module \reset..
Removed 0 unused cells and 178 unused wires.
<suppressed ~1 debug messages>

2.39.6. Rerunning OPT passes. (Removed registers in this run.)

2.39.7. Running ICE40 specific optimizations.

2.39.8. Executing OPT_EXPR pass (perform const folding).
Optimizing module reset.

2.39.9. Executing OPT_MERGE pass (detect identical cells).
Finding identical cells in module `\reset'.
Removed a total of 0 cells.

2.39.10. Executing OPT_RMDFF pass (remove dff with constant values).

2.39.11. Executing OPT_CLEAN pass (remove unused cells and wires).
Finding unused cells or wires in module \reset..

2.39.12. Finished OPT passes. (There is nothing left to do.)

2.40. Executing TECHMAP pass (map to technology primitives).

2.40.1. Executing Verilog-2005 frontend: /usr/bin/../share/yosys/ice40/latches_map.v
Parsing Verilog input from `/usr/bin/../share/yosys/ice40/latches_map.v' to AST representation.
Generating RTLIL representation for module `\$_DLATCH_N_'.
Generating RTLIL representation for module `\$_DLATCH_P_'.
Successfully finished Verilog frontend.

2.40.2. Continuing TECHMAP pass.
No more expansions possible.

2.41. Executing ABC pass (technology mapping using ABC).

2.41.1. Extracting gate netlist of module `\reset' to `<abc-temp-dir>/input.blif'..
Extracted 226 gates and 268 wires to a netlist network with 41 inputs and 46 outputs.

2.41.1.1. Executing ABC.
Running ABC command: berkeley-abc -s -f <abc-temp-dir>/abc.script 2>&1
ABC: ABC command line: "source <abc-temp-dir>/abc.script".
ABC: 
ABC: + read_blif <abc-temp-dir>/input.blif 
ABC: + read_lut <abc-temp-dir>/lutdefs.txt 
ABC: + strash 
ABC: + ifraig 
ABC: + scorr 
ABC: Warning: The network is combinational (run "fraig" or "fraig_sweep").
ABC: + dc2 
ABC: + dretime 
ABC: + retime 
ABC: + strash 
ABC: + dch -f 
ABC: + if 
ABC: + mfs2 
ABC: + lutpack -S 1 
ABC: + dress 
ABC: Total number of equiv classes                =      50.
ABC: Participating nodes from both networks       =     120.
ABC: Participating nodes from the first network   =      52. (  78.79 % of nodes)
ABC: Participating nodes from the second network  =      68. ( 103.03 % of nodes)
ABC: Node pairs (any polarity)                    =      50. (  75.76 % of names can be moved)
ABC: Node pairs (same polarity)                   =      48. (  72.73 % of names can be moved)
ABC: Total runtime =     0.05 sec
ABC: + write_blif <abc-temp-dir>/output.blif 

2.41.1.2. Re-integrating ABC results.
ABC RESULTS:              $lut cells:      124
ABC RESULTS:        internal signals:      181
ABC RESULTS:           input signals:       41
ABC RESULTS:          output signals:       46
Removing temp directory.
Removed 0 unused cells and 114 unused wires.

2.42. Executing TECHMAP pass (map to technology primitives).

2.42.1. Executing Verilog-2005 frontend: /usr/bin/../share/yosys/ice40/cells_map.v
Parsing Verilog input from `/usr/bin/../share/yosys/ice40/cells_map.v' to AST representation.
Generating RTLIL representation for module `\$_DFF_N_'.
Generating RTLIL representation for module `\$_DFF_P_'.
Generating RTLIL representation for module `\$_DFFE_NN_'.
Generating RTLIL representation for module `\$_DFFE_PN_'.
Generating RTLIL representation for module `\$_DFFE_NP_'.
Generating RTLIL representation for module `\$_DFFE_PP_'.
Generating RTLIL representation for module `\$_DFF_NN0_'.
Generating RTLIL representation for module `\$_DFF_NN1_'.
Generating RTLIL representation for module `\$_DFF_PN0_'.
Generating RTLIL representation for module `\$_DFF_PN1_'.
Generating RTLIL representation for module `\$_DFF_NP0_'.
Generating RTLIL representation for module `\$_DFF_NP1_'.
Generating RTLIL representation for module `\$_DFF_PP0_'.
Generating RTLIL representation for module `\$_DFF_PP1_'.
Generating RTLIL representation for module `\$__DFFE_NN0'.
Generating RTLIL representation for module `\$__DFFE_NN1'.
Generating RTLIL representation for module `\$__DFFE_PN0'.
Generating RTLIL representation for module `\$__DFFE_PN1'.
Generating RTLIL representation for module `\$__DFFE_NP0'.
Generating RTLIL representation for module `\$__DFFE_NP1'.
Generating RTLIL representation for module `\$__DFFE_PP0'.
Generating RTLIL representation for module `\$__DFFE_PP1'.
Generating RTLIL representation for module `\$lut'.
Successfully finished Verilog frontend.

2.42.2. Continuing TECHMAP pass.
Using template $paramod\$lut\WIDTH=4\LUT=16'0000000000000001 for cells of type $lut.
Using template $paramod\$lut\WIDTH=4\LUT=16'0100000000000000 for cells of type $lut.
Using template $paramod\$lut\WIDTH=2\LUT=4'1000 for cells of type $lut.
Using template $paramod\$lut\WIDTH=4\LUT=16'0000000100000000 for cells of type $lut.
Using template $paramod\$lut\WIDTH=3\LUT=8'00000111 for cells of type $lut.
Using template $paramod\$lut\WIDTH=1\LUT=2'01 for cells of type $lut.
Using template $paramod\$lut\WIDTH=3\LUT=8'01110000 for cells of type $lut.
Using template $paramod\$lut\WIDTH=3\LUT=8'01000000 for cells of type $lut.
Using template $paramod\$lut\WIDTH=4\LUT=16'0000011100000000 for cells of type $lut.
Using template $paramod\$lut\WIDTH=3\LUT=8'00000001 for cells of type $lut.
Using template $paramod\$lut\WIDTH=2\LUT=4'0100 for cells of type $lut.
Using template $paramod\$lut\WIDTH=3\LUT=8'00010000 for cells of type $lut.
Using template $paramod\$lut\WIDTH=4\LUT=16'1111111111111000 for cells of type $lut.
Using template $paramod\$lut\WIDTH=4\LUT=16'0100000100000000 for cells of type $lut.
Using template $paramod\$lut\WIDTH=4\LUT=16'1000000000000000 for cells of type $lut.
Using template $paramod\$lut\WIDTH=4\LUT=16'0001000000000000 for cells of type $lut.
Using template $paramod\$lut\WIDTH=3\LUT=8'10000000 for cells of type $lut.
Using template $paramod\$lut\WIDTH=4\LUT=16'1000111100000000 for cells of type $lut.
Using template $paramod\$lut\WIDTH=4\LUT=16'1111111111110100 for cells of type $lut.
Using template $paramod\$lut\WIDTH=4\LUT=16'1011111010101010 for cells of type $lut.
Using template $paramod\$lut\WIDTH=3\LUT=8'11010000 for cells of type $lut.
Using template $paramod\$lut\WIDTH=4\LUT=16'1111010000000000 for cells of type $lut.
Using template $paramod\$lut\WIDTH=2\LUT=4'0110 for cells of type $lut.
Using template $paramod\$lut\WIDTH=4\LUT=16'0100111101000100 for cells of type $lut.
No more expansions possible.
<suppressed ~326 debug messages>
Removed 0 unused cells and 124 unused wires.

2.43. Executing HIERARCHY pass (managing design hierarchy).

2.43.1. Analyzing design hierarchy..
Top module:  \reset

2.43.2. Analyzing design hierarchy..
Top module:  \reset
Removed 0 unused modules.

2.44. Printing statistics.

=== reset ===

   Number of wires:                 84
   Number of wire bits:            193
   Number of public wires:          19
   Number of public wire bits:      63
   Number of memories:               0
   Number of memory bits:            0
   Number of processes:              0
   Number of cells:                142
     SB_CARRY                       39
     SB_DFF                          1
     SB_DFFE                        25
     SB_LUT4                        77

2.45. Executing CHECK pass (checking for obvious problems).
checking module reset..
found and reported 0 problems.

2.46. Executing BLIF backend.

2.47. Executing JSON backend.

End of script. Logfile hash: 1fad1dfedd
CPU: user 0.96s system 0.06s, MEM: 45.94 MB total, 40.23 MB resident
Yosys 0.9 (git sha1 1979e0b)
Time spent: 22% 10x read_verilog (0 sec), 15% 24x opt_clean (0 sec), ...
