Info: constrained 'clk' to bel 'X0/Y8/io1'
Info: constrained 'LED_G' to bel 'X0/Y13/io0'
Info: constrained 'LED_R' to bel 'X0/Y13/io1'
Info: constrained 'LED_B' to bel 'X0/Y8/io0'
Info: constrained 'SW[0]' to bel 'X13/Y11/io0'
Info: constrained 'SW[1]' to bel 'X13/Y9/io0'
Info: constrained 'SW[2]' to bel 'X6/Y17/io1'
Info: constrained 'SW[3]' to bel 'X6/Y0/io0'

Info: Packing constants..
Info: Packing IOs..
Info: Packing LUT-FFs..
Info:      165 LCs used as LUT4 only
Info:       83 LCs used as LUT4 and DFF
Info: Packing non-LUT FFs..
Info:        5 LCs used as DFF only
Info: Packing carries..
Info:       34 LCs used as CARRY only
Info: Packing RAMs..
Info: Placing PLLs..
Info: Packing special functions..
Info: Packing PLLs..
Info: Promoting globals..
Info: promoting clk$SB_IO_IN (fanout 103)
Info: promoting $abc$11757$auto$dff2dffe.cc:158:make_patterns_logic$8978 [cen] (fanout 32)
Info: promoting $abc$11757$auto$dff2dffe.cc:158:make_patterns_logic$9189 [cen] (fanout 32)
Info: promoting $PACKER_GND_NET (fanout 15)
Info: Constraining chains...
Info:        3 LCs used to legalise carry chains.
Info: Checksum: 0x65baeba7

Info: Annotating ports with timing budgets for target frequency 36.00 MHz
Info: Checksum: 0xb16d2130

Info: Device utilisation:
Info: 	         ICESTORM_LC:   292/ 1280    22%
Info: 	        ICESTORM_RAM:    15/   16    93%
Info: 	               SB_IO:     8/  112     7%
Info: 	               SB_GB:     4/    8    50%
Info: 	        ICESTORM_PLL:     0/    1     0%
Info: 	         SB_WARMBOOT:     0/    1     0%

Info: Placed 8 cells based on constraints.
Info: Creating initial analytic placement for 214 cells, random placement wirelen = 3617.
Info:     at initial placer iter 0, wirelen = 62
Info:     at initial placer iter 1, wirelen = 52
Info:     at initial placer iter 2, wirelen = 53
Info:     at initial placer iter 3, wirelen = 53
Info: Running main analytical placer.
Info:     at iteration #1, type ICESTORM_LC: wirelen solved = 112, spread = 1742, legal = 1756; time = 0.01s
Info:     at iteration #1, type SB_GB: wirelen solved = 1750, spread = 1771, legal = 1768; time = 0.01s
Info:     at iteration #1, type ICESTORM_RAM: wirelen solved = 1687, spread = 1953, legal = 2045; time = 0.00s
Info:     at iteration #1, type ALL: wirelen solved = 129, spread = 1745, legal = 1856; time = 0.02s
Info:     at iteration #2, type ICESTORM_LC: wirelen solved = 621, spread = 1458, legal = 1483; time = 0.02s
Info:     at iteration #2, type SB_GB: wirelen solved = 1473, spread = 1496, legal = 1497; time = 0.00s
Info:     at iteration #2, type ICESTORM_RAM: wirelen solved = 1192, spread = 1389, legal = 1519; time = 0.00s
Info:     at iteration #2, type ALL: wirelen solved = 86, spread = 1486, legal = 1646; time = 0.02s
Info:     at iteration #3, type ICESTORM_LC: wirelen solved = 638, spread = 1414, legal = 1474; time = 0.01s
Info:     at iteration #3, type SB_GB: wirelen solved = 1463, spread = 1476, legal = 1474; time = 0.00s
Info:     at iteration #3, type ICESTORM_RAM: wirelen solved = 1163, spread = 1358, legal = 1556; time = 0.00s
Info:     at iteration #3, type ALL: wirelen solved = 123, spread = 1546, legal = 1652; time = 0.03s
Info:     at iteration #4, type ICESTORM_LC: wirelen solved = 589, spread = 1354, legal = 1417; time = 0.01s
Info:     at iteration #4, type SB_GB: wirelen solved = 1406, spread = 1405, legal = 1416; time = 0.00s
Info:     at iteration #4, type ICESTORM_RAM: wirelen solved = 1104, spread = 1314, legal = 1466; time = 0.00s
Info:     at iteration #4, type ALL: wirelen solved = 179, spread = 1542, legal = 1704; time = 0.02s
Info:     at iteration #5, type ICESTORM_LC: wirelen solved = 604, spread = 1241, legal = 1323; time = 0.02s
Info:     at iteration #5, type SB_GB: wirelen solved = 1314, spread = 1314, legal = 1323; time = 0.00s
Info:     at iteration #5, type ICESTORM_RAM: wirelen solved = 979, spread = 1179, legal = 1305; time = 0.00s
Info:     at iteration #5, type ALL: wirelen solved = 122, spread = 1402, legal = 1549; time = 0.02s
Info:     at iteration #6, type ICESTORM_LC: wirelen solved = 612, spread = 1573, legal = 1573; time = 0.03s
Info:     at iteration #6, type SB_GB: wirelen solved = 1562, spread = 1596, legal = 1595; time = 0.00s
Info:     at iteration #6, type ICESTORM_RAM: wirelen solved = 1279, spread = 1483, legal = 1639; time = 0.00s
Info:     at iteration #6, type ALL: wirelen solved = 178, spread = 1421, legal = 1599; time = 0.03s
Info:     at iteration #7, type ICESTORM_LC: wirelen solved = 628, spread = 1407, legal = 1532; time = 0.03s
Info:     at iteration #7, type SB_GB: wirelen solved = 1520, spread = 1521, legal = 1530; time = 0.00s
Info:     at iteration #7, type ICESTORM_RAM: wirelen solved = 1216, spread = 1398, legal = 1568; time = 0.00s
Info:     at iteration #7, type ALL: wirelen solved = 191, spread = 1462, legal = 1628; time = 0.01s
Info:     at iteration #8, type ICESTORM_LC: wirelen solved = 672, spread = 1462, legal = 1517; time = 0.02s
Info:     at iteration #8, type SB_GB: wirelen solved = 1505, spread = 1523, legal = 1517; time = 0.00s
Info:     at iteration #8, type ICESTORM_RAM: wirelen solved = 1213, spread = 1387, legal = 1501; time = 0.00s
Info:     at iteration #8, type ALL: wirelen solved = 104, spread = 1713, legal = 1859; time = 0.03s
Info:     at iteration #9, type ICESTORM_LC: wirelen solved = 660, spread = 1265, legal = 1363; time = 0.02s
Info:     at iteration #9, type SB_GB: wirelen solved = 1352, spread = 1363, legal = 1363; time = 0.00s
Info:     at iteration #9, type ICESTORM_RAM: wirelen solved = 1076, spread = 1241, legal = 1395; time = 0.00s
Info:     at iteration #9, type ALL: wirelen solved = 92, spread = 1515, legal = 1689; time = 0.02s
Info:     at iteration #10, type ICESTORM_LC: wirelen solved = 698, spread = 1610, legal = 1639; time = 0.02s
Info:     at iteration #10, type SB_GB: wirelen solved = 1629, spread = 1640, legal = 1639; time = 0.00s
Info:     at iteration #10, type ICESTORM_RAM: wirelen solved = 1253, spread = 1477, legal = 1587; time = 0.00s
Info:     at iteration #10, type ALL: wirelen solved = 191, spread = 1403, legal = 1562; time = 0.02s
Info: HeAP Placer Time: 0.70s
Info:   of which solving equations: 0.40s
Info:   of which spreading cells: 0.04s
Info:   of which strict legalisation: 0.06s

Info: Running simulated annealing placer for refinement.
Info:   at iteration #1: temp = 0.000000, timing cost = 227, wirelen = 1549
Info:   at iteration #5: temp = 0.000000, timing cost = 152, wirelen = 1122
Info:   at iteration #10: temp = 0.000000, timing cost = 109, wirelen = 1018
Info:   at iteration #15: temp = 0.000000, timing cost = 103, wirelen = 997
Info:   at iteration #19: temp = 0.000000, timing cost = 111, wirelen = 956 
Info: SA placement time 0.41s

Info: Max frequency for clock 'clk$SB_IO_IN_$glb_clk': 51.04 MHz (PASS at 36.00 MHz)

Info: Max delay posedge clk$SB_IO_IN_$glb_clk -> <async>: 4.19 ns

Info: Slack histogram:
Info:  legend: * represents 1 endpoint(s)
Info:          + represents [1,1) endpoint(s)
Info: [  8182,   9074) |************************+
Info: [  9074,   9966) | 
Info: [  9966,  10858) |**************************+
Info: [ 10858,  11750) |+
Info: [ 11750,  12642) |**+
Info: [ 12642,  13534) |*+
Info: [ 13534,  14426) | 
Info: [ 14426,  15318) |*+
Info: [ 15318,  16210) |****+
Info: [ 16210,  17102) |**********+
Info: [ 17102,  17994) |*****+
Info: [ 17994,  18886) |***********+
Info: [ 18886,  19778) |**********+
Info: [ 19778,  20670) |*************************+
Info: [ 20670,  21562) |************+
Info: [ 21562,  22454) |*****+
Info: [ 22454,  23346) |********+
Info: [ 23346,  24238) |***+
Info: [ 24238,  25130) |**************************************** 
Info: [ 25130,  26022) |************************************************************ 
Info: Checksum: 0x8c9e8856

Info: Routing..
Info: Setting up routing queue.
Info: Routing 956 arcs.
Info:            |   (re-)routed arcs  |   delta    | remaining|       time spent     |
Info:    IterCnt |  w/ripup   wo/ripup |  w/r  wo/r |      arcs| batch(sec) total(sec)|
Info:       1000 |       92        823 |   92   823 |        72|       0.17       0.17|
Info:       1082 |      100        898 |    8    75 |         0|       0.03       0.20|
Info: Routing complete.
Info: Router1 time 0.20s
Info: Checksum: 0x9f73a38c

Info: Critical path report for clock 'clk$SB_IO_IN_$glb_clk' (posedge -> posedge):
Info: curr total
Info:  0.8  0.8  Source $auto$simplemap.cc:420:simplemap_dff$8513_DFFLC.O
Info:  0.9  1.7    Net init[1] budget 5.101000 ns (7,11) -> (7,11)
Info:                Sink $abc$11757$auto$blifparse.cc:492:parse_blif$11927_LC.I0
Info:                Defined in:
Info:                  top.v:235
Info:  0.7  2.3  Source $abc$11757$auto$blifparse.cc:492:parse_blif$11927_LC.O
Info:  1.9  4.2    Net $0\init[32:0][1] budget 5.101000 ns (7,11) -> (7,7)
Info:                Sink $auto$alumacc.cc:474:replace_alu$4813.slice[1].carry$CARRY.I2
Info:                Defined in:
Info:                  top.v:255
Info:  0.3  4.5  Source $auto$alumacc.cc:474:replace_alu$4813.slice[1].carry$CARRY.COUT
Info:  0.0  4.5    Net $auto$alumacc.cc:474:replace_alu$4813.C[2] budget 0.000000 ns (7,7) -> (7,7)
Info:                Sink $auto$alumacc.cc:474:replace_alu$4813.slice[2].carry$CARRY.CIN
Info:                Defined in:
Info:                  top.v:316
Info:                  /usr/bin/../share/yosys/ice40/arith_map.v:43
Info:  0.2  4.7  Source $auto$alumacc.cc:474:replace_alu$4813.slice[2].carry$CARRY.COUT
Info:  0.0  4.7    Net $auto$alumacc.cc:474:replace_alu$4813.C[3] budget 0.000000 ns (7,7) -> (7,7)
Info:                Sink $auto$alumacc.cc:474:replace_alu$4813.slice[3].carry$CARRY.CIN
Info:                Defined in:
Info:                  top.v:316
Info:                  /usr/bin/../share/yosys/ice40/arith_map.v:43
Info:  0.2  4.9  Source $auto$alumacc.cc:474:replace_alu$4813.slice[3].carry$CARRY.COUT
Info:  0.0  4.9    Net $auto$alumacc.cc:474:replace_alu$4813.C[4] budget 0.000000 ns (7,7) -> (7,7)
Info:                Sink $auto$alumacc.cc:474:replace_alu$4813.slice[4].carry$CARRY.CIN
Info:                Defined in:
Info:                  top.v:316
Info:                  /usr/bin/../share/yosys/ice40/arith_map.v:43
Info:  0.2  5.1  Source $auto$alumacc.cc:474:replace_alu$4813.slice[4].carry$CARRY.COUT
Info:  0.0  5.1    Net $auto$alumacc.cc:474:replace_alu$4813.C[5] budget 0.000000 ns (7,7) -> (7,7)
Info:                Sink $auto$alumacc.cc:474:replace_alu$4813.slice[5].carry$CARRY.CIN
Info:                Defined in:
Info:                  top.v:316
Info:                  /usr/bin/../share/yosys/ice40/arith_map.v:43
Info:  0.2  5.3  Source $auto$alumacc.cc:474:replace_alu$4813.slice[5].carry$CARRY.COUT
Info:  0.0  5.3    Net $auto$alumacc.cc:474:replace_alu$4813.C[6] budget 0.000000 ns (7,7) -> (7,7)
Info:                Sink $auto$alumacc.cc:474:replace_alu$4813.slice[6].carry$CARRY.CIN
Info:                Defined in:
Info:                  top.v:316
Info:                  /usr/bin/../share/yosys/ice40/arith_map.v:43
Info:  0.2  5.5  Source $auto$alumacc.cc:474:replace_alu$4813.slice[6].carry$CARRY.COUT
Info:  0.0  5.5    Net $auto$alumacc.cc:474:replace_alu$4813.C[7] budget 0.000000 ns (7,7) -> (7,7)
Info:                Sink $auto$alumacc.cc:474:replace_alu$4813.slice[7].carry$CARRY.CIN
Info:                Defined in:
Info:                  top.v:316
Info:                  /usr/bin/../share/yosys/ice40/arith_map.v:43
Info:  0.2  5.7  Source $auto$alumacc.cc:474:replace_alu$4813.slice[7].carry$CARRY.COUT
Info:  0.3  5.9    Net $auto$alumacc.cc:474:replace_alu$4813.C[8] budget 0.290000 ns (7,7) -> (7,8)
Info:                Sink $auto$alumacc.cc:474:replace_alu$4813.slice[8].carry$CARRY.CIN
Info:                Defined in:
Info:                  top.v:316
Info:                  /usr/bin/../share/yosys/ice40/arith_map.v:43
Info:  0.2  6.1  Source $auto$alumacc.cc:474:replace_alu$4813.slice[8].carry$CARRY.COUT
Info:  0.0  6.1    Net $auto$alumacc.cc:474:replace_alu$4813.C[9] budget 0.000000 ns (7,8) -> (7,8)
Info:                Sink $auto$alumacc.cc:474:replace_alu$4813.slice[9].carry$CARRY.CIN
Info:                Defined in:
Info:                  top.v:316
Info:                  /usr/bin/../share/yosys/ice40/arith_map.v:43
Info:  0.2  6.3  Source $auto$alumacc.cc:474:replace_alu$4813.slice[9].carry$CARRY.COUT
Info:  0.0  6.3    Net $auto$alumacc.cc:474:replace_alu$4813.C[10] budget 0.000000 ns (7,8) -> (7,8)
Info:                Sink $auto$alumacc.cc:474:replace_alu$4813.slice[10].carry$CARRY.CIN
Info:                Defined in:
Info:                  top.v:316
Info:                  /usr/bin/../share/yosys/ice40/arith_map.v:43
Info:  0.2  6.5  Source $auto$alumacc.cc:474:replace_alu$4813.slice[10].carry$CARRY.COUT
Info:  0.0  6.5    Net $auto$alumacc.cc:474:replace_alu$4813.C[11] budget 0.000000 ns (7,8) -> (7,8)
Info:                Sink $auto$alumacc.cc:474:replace_alu$4813.slice[11].carry$CARRY.CIN
Info:                Defined in:
Info:                  top.v:316
Info:                  /usr/bin/../share/yosys/ice40/arith_map.v:43
Info:  0.2  6.7  Source $auto$alumacc.cc:474:replace_alu$4813.slice[11].carry$CARRY.COUT
Info:  0.0  6.7    Net $auto$alumacc.cc:474:replace_alu$4813.C[12] budget 0.000000 ns (7,8) -> (7,8)
Info:                Sink $auto$alumacc.cc:474:replace_alu$4813.slice[12].carry$CARRY.CIN
Info:                Defined in:
Info:                  top.v:316
Info:                  /usr/bin/../share/yosys/ice40/arith_map.v:43
Info:  0.2  6.9  Source $auto$alumacc.cc:474:replace_alu$4813.slice[12].carry$CARRY.COUT
Info:  0.0  6.9    Net $auto$alumacc.cc:474:replace_alu$4813.C[13] budget 0.000000 ns (7,8) -> (7,8)
Info:                Sink $auto$alumacc.cc:474:replace_alu$4813.slice[13].carry$CARRY.CIN
Info:                Defined in:
Info:                  top.v:316
Info:                  /usr/bin/../share/yosys/ice40/arith_map.v:43
Info:  0.2  7.1  Source $auto$alumacc.cc:474:replace_alu$4813.slice[13].carry$CARRY.COUT
Info:  0.0  7.1    Net $auto$alumacc.cc:474:replace_alu$4813.C[14] budget 0.000000 ns (7,8) -> (7,8)
Info:                Sink $auto$alumacc.cc:474:replace_alu$4813.slice[14].carry$CARRY.CIN
Info:                Defined in:
Info:                  top.v:316
Info:                  /usr/bin/../share/yosys/ice40/arith_map.v:43
Info:  0.2  7.2  Source $auto$alumacc.cc:474:replace_alu$4813.slice[14].carry$CARRY.COUT
Info:  0.0  7.2    Net $auto$alumacc.cc:474:replace_alu$4813.C[15] budget 0.000000 ns (7,8) -> (7,8)
Info:                Sink $auto$alumacc.cc:474:replace_alu$4813.slice[15].carry$CARRY.CIN
Info:                Defined in:
Info:                  top.v:316
Info:                  /usr/bin/../share/yosys/ice40/arith_map.v:43
Info:  0.2  7.4  Source $auto$alumacc.cc:474:replace_alu$4813.slice[15].carry$CARRY.COUT
Info:  0.3  7.7    Net $auto$alumacc.cc:474:replace_alu$4813.C[16] budget 0.290000 ns (7,8) -> (7,9)
Info:                Sink $auto$alumacc.cc:474:replace_alu$4813.slice[16].carry$CARRY.CIN
Info:                Defined in:
Info:                  top.v:316
Info:                  /usr/bin/../share/yosys/ice40/arith_map.v:43
Info:  0.2  7.9  Source $auto$alumacc.cc:474:replace_alu$4813.slice[16].carry$CARRY.COUT
Info:  0.0  7.9    Net $auto$alumacc.cc:474:replace_alu$4813.C[17] budget 0.000000 ns (7,9) -> (7,9)
Info:                Sink $auto$alumacc.cc:474:replace_alu$4813.slice[17].carry$CARRY.CIN
Info:                Defined in:
Info:                  top.v:316
Info:                  /usr/bin/../share/yosys/ice40/arith_map.v:43
Info:  0.2  8.1  Source $auto$alumacc.cc:474:replace_alu$4813.slice[17].carry$CARRY.COUT
Info:  0.0  8.1    Net $auto$alumacc.cc:474:replace_alu$4813.C[18] budget 0.000000 ns (7,9) -> (7,9)
Info:                Sink $auto$alumacc.cc:474:replace_alu$4813.slice[18].carry$CARRY.CIN
Info:                Defined in:
Info:                  top.v:316
Info:                  /usr/bin/../share/yosys/ice40/arith_map.v:43
Info:  0.2  8.3  Source $auto$alumacc.cc:474:replace_alu$4813.slice[18].carry$CARRY.COUT
Info:  0.0  8.3    Net $auto$alumacc.cc:474:replace_alu$4813.C[19] budget 0.000000 ns (7,9) -> (7,9)
Info:                Sink $auto$alumacc.cc:474:replace_alu$4813.slice[19].carry$CARRY.CIN
Info:                Defined in:
Info:                  top.v:316
Info:                  /usr/bin/../share/yosys/ice40/arith_map.v:43
Info:  0.2  8.5  Source $auto$alumacc.cc:474:replace_alu$4813.slice[19].carry$CARRY.COUT
Info:  0.0  8.5    Net $auto$alumacc.cc:474:replace_alu$4813.C[20] budget 0.000000 ns (7,9) -> (7,9)
Info:                Sink $auto$alumacc.cc:474:replace_alu$4813.slice[20].carry$CARRY.CIN
Info:                Defined in:
Info:                  top.v:316
Info:                  /usr/bin/../share/yosys/ice40/arith_map.v:43
Info:  0.2  8.7  Source $auto$alumacc.cc:474:replace_alu$4813.slice[20].carry$CARRY.COUT
Info:  0.0  8.7    Net $auto$alumacc.cc:474:replace_alu$4813.C[21] budget 0.000000 ns (7,9) -> (7,9)
Info:                Sink $auto$alumacc.cc:474:replace_alu$4813.slice[21].carry$CARRY.CIN
Info:                Defined in:
Info:                  top.v:316
Info:                  /usr/bin/../share/yosys/ice40/arith_map.v:43
Info:  0.2  8.8  Source $auto$alumacc.cc:474:replace_alu$4813.slice[21].carry$CARRY.COUT
Info:  0.0  8.8    Net $auto$alumacc.cc:474:replace_alu$4813.C[22] budget 0.000000 ns (7,9) -> (7,9)
Info:                Sink $auto$alumacc.cc:474:replace_alu$4813.slice[22].carry$CARRY.CIN
Info:                Defined in:
Info:                  top.v:316
Info:                  /usr/bin/../share/yosys/ice40/arith_map.v:43
Info:  0.2  9.0  Source $auto$alumacc.cc:474:replace_alu$4813.slice[22].carry$CARRY.COUT
Info:  0.0  9.0    Net $auto$alumacc.cc:474:replace_alu$4813.C[23] budget 0.000000 ns (7,9) -> (7,9)
Info:                Sink $auto$alumacc.cc:474:replace_alu$4813.slice[23].carry$CARRY.CIN
Info:                Defined in:
Info:                  top.v:316
Info:                  /usr/bin/../share/yosys/ice40/arith_map.v:43
Info:  0.2  9.2  Source $auto$alumacc.cc:474:replace_alu$4813.slice[23].carry$CARRY.COUT
Info:  0.3  9.5    Net $auto$alumacc.cc:474:replace_alu$4813.C[24] budget 0.290000 ns (7,9) -> (7,10)
Info:                Sink $auto$alumacc.cc:474:replace_alu$4813.slice[24].carry$CARRY.CIN
Info:                Defined in:
Info:                  top.v:316
Info:                  /usr/bin/../share/yosys/ice40/arith_map.v:43
Info:  0.2  9.7  Source $auto$alumacc.cc:474:replace_alu$4813.slice[24].carry$CARRY.COUT
Info:  0.0  9.7    Net $auto$alumacc.cc:474:replace_alu$4813.C[25] budget 0.000000 ns (7,10) -> (7,10)
Info:                Sink $auto$alumacc.cc:474:replace_alu$4813.slice[25].carry$CARRY.CIN
Info:                Defined in:
Info:                  top.v:316
Info:                  /usr/bin/../share/yosys/ice40/arith_map.v:43
Info:  0.2  9.9  Source $auto$alumacc.cc:474:replace_alu$4813.slice[25].carry$CARRY.COUT
Info:  0.0  9.9    Net $auto$alumacc.cc:474:replace_alu$4813.C[26] budget 0.000000 ns (7,10) -> (7,10)
Info:                Sink $auto$alumacc.cc:474:replace_alu$4813.slice[26].carry$CARRY.CIN
Info:                Defined in:
Info:                  top.v:316
Info:                  /usr/bin/../share/yosys/ice40/arith_map.v:43
Info:  0.2 10.1  Source $auto$alumacc.cc:474:replace_alu$4813.slice[26].carry$CARRY.COUT
Info:  0.0 10.1    Net $auto$alumacc.cc:474:replace_alu$4813.C[27] budget 0.000000 ns (7,10) -> (7,10)
Info:                Sink $auto$alumacc.cc:474:replace_alu$4813.slice[27].carry$CARRY.CIN
Info:                Defined in:
Info:                  top.v:316
Info:                  /usr/bin/../share/yosys/ice40/arith_map.v:43
Info:  0.2 10.2  Source $auto$alumacc.cc:474:replace_alu$4813.slice[27].carry$CARRY.COUT
Info:  0.0 10.2    Net $auto$alumacc.cc:474:replace_alu$4813.C[28] budget 0.000000 ns (7,10) -> (7,10)
Info:                Sink $auto$alumacc.cc:474:replace_alu$4813.slice[28].carry$CARRY.CIN
Info:                Defined in:
Info:                  top.v:316
Info:                  /usr/bin/../share/yosys/ice40/arith_map.v:43
Info:  0.2 10.4  Source $auto$alumacc.cc:474:replace_alu$4813.slice[28].carry$CARRY.COUT
Info:  0.0 10.4    Net $auto$alumacc.cc:474:replace_alu$4813.C[29] budget 0.000000 ns (7,10) -> (7,10)
Info:                Sink $auto$alumacc.cc:474:replace_alu$4813.slice[29].carry$CARRY.CIN
Info:                Defined in:
Info:                  top.v:316
Info:                  /usr/bin/../share/yosys/ice40/arith_map.v:43
Info:  0.2 10.6  Source $auto$alumacc.cc:474:replace_alu$4813.slice[29].carry$CARRY.COUT
Info:  0.0 10.6    Net $auto$alumacc.cc:474:replace_alu$4813.C[30] budget 0.000000 ns (7,10) -> (7,10)
Info:                Sink $auto$alumacc.cc:474:replace_alu$4813.slice[30].carry$CARRY.CIN
Info:                Defined in:
Info:                  top.v:316
Info:                  /usr/bin/../share/yosys/ice40/arith_map.v:43
Info:  0.2 10.8  Source $auto$alumacc.cc:474:replace_alu$4813.slice[30].carry$CARRY.COUT
Info:  0.0 10.8    Net $auto$alumacc.cc:474:replace_alu$4813.C[31] budget 0.000000 ns (7,10) -> (7,10)
Info:                Sink $auto$alumacc.cc:474:replace_alu$4813.slice[31].carry$CARRY.CIN
Info:                Defined in:
Info:                  top.v:316
Info:                  /usr/bin/../share/yosys/ice40/arith_map.v:43
Info:  0.2 11.0  Source $auto$alumacc.cc:474:replace_alu$4813.slice[31].carry$CARRY.COUT
Info:  0.3 11.3    Net $auto$alumacc.cc:474:replace_alu$4813.C[32] budget 0.290000 ns (7,10) -> (7,11)
Info:                Sink $auto$alumacc.cc:474:replace_alu$4813.slice[32].carry$CARRY.CIN
Info:                Defined in:
Info:                  top.v:316
Info:                  /usr/bin/../share/yosys/ice40/arith_map.v:43
Info:  0.2 11.5  Source $auto$alumacc.cc:474:replace_alu$4813.slice[32].carry$CARRY.COUT
Info:  0.4 11.8    Net $abc$11757$auto$alumacc.cc:491:replace_alu$4815[32] budget 0.380000 ns (7,11) -> (7,11)
Info:                Sink $abc$11757$auto$blifparse.cc:492:parse_blif$11822_LC.I3
Info:  0.5 12.3  Source $abc$11757$auto$blifparse.cc:492:parse_blif$11822_LC.O
Info:  1.9 14.2    Net $abc$11757$auto$dff2dffe.cc:158:make_patterns_logic$8978 budget 3.127000 ns (7,11) -> (5,10)
Info:                Sink $abc$11757$auto$blifparse.cc:492:parse_blif$11835_LC.I0
Info:  0.7 14.9  Source $abc$11757$auto$blifparse.cc:492:parse_blif$11835_LC.O
Info:  2.4 17.2    Net $abc$11757$auto$dff2dffe.cc:175:make_patterns_logic$9210 budget 3.126000 ns (5,10) -> (5,10)
Info:                Sink $abc$11757$auto$blifparse.cc:492:parse_blif$11930_LC.CEN
Info:  0.1 17.3  Setup $abc$11757$auto$blifparse.cc:492:parse_blif$11930_LC.CEN
Info: 8.8 ns logic, 8.5 ns routing

Info: Critical path report for cross-domain path 'posedge clk$SB_IO_IN_$glb_clk' -> '<async>':
Info: curr total
Info:  0.8  0.8  Source $abc$11757$auto$blifparse.cc:492:parse_blif$11862_LC.O
Info:  2.0  2.8    Net led[1] budget 13.161000 ns (1,10) -> (1,13)
Info:                Sink $abc$11757$auto$blifparse.cc:492:parse_blif$11932_LC.I0
Info:                Defined in:
Info:                  top.v:237
Info:  0.7  3.4  Source $abc$11757$auto$blifparse.cc:492:parse_blif$11932_LC.O
Info:  0.9  4.3    Net LED_G$SB_IO_OUT budget 13.160000 ns (1,13) -> (0,13)
Info:                Sink LED_G$sb_io.D_OUT_0
Info:                Defined in:
Info:                  top.v:13
Info: 1.5 ns logic, 2.8 ns routing

Info: Max frequency for clock 'clk$SB_IO_IN_$glb_clk': 57.68 MHz (PASS at 36.00 MHz)

Info: Max delay posedge clk$SB_IO_IN_$glb_clk -> <async>: 4.28 ns

Info: Slack histogram:
Info:  legend: * represents 1 endpoint(s)
Info:          + represents [1,1) endpoint(s)
Info: [ 10440,  11219) |***************************+
Info: [ 11219,  11998) |****************************+
Info: [ 11998,  12777) | 
Info: [ 12777,  13556) | 
Info: [ 13556,  14335) |+
Info: [ 14335,  15114) | 
Info: [ 15114,  15893) |*****+
Info: [ 15893,  16672) |**********+
Info: [ 16672,  17451) |***+
Info: [ 17451,  18230) |******+
Info: [ 18230,  19009) |*********+
Info: [ 19009,  19788) |*********+
Info: [ 19788,  20567) |******************+
Info: [ 20567,  21346) |****************+
Info: [ 21346,  22125) |*******+
Info: [ 22125,  22904) |*****+
Info: [ 22904,  23683) |*********+
Info: [ 23683,  24462) |*****************+
Info: [ 24462,  25241) |************************+
Info: [ 25241,  26020) |************************************************************ 

Info: Program finished normally.
