
 /----------------------------------------------------------------------------\
 |                                                                            |
 |  yosys -- Yosys Open SYnthesis Suite                                       |
 |                                                                            |
 |  Copyright (C) 2012 - 2019  Clifford Wolf <clifford@clifford.at>           |
 |                                                                            |
 |  Permission to use, copy, modify, and/or distribute this software for any  |
 |  purpose with or without fee is hereby granted, provided that the above    |
 |  copyright notice and this permission notice appear in all copies.         |
 |                                                                            |
 |  THE SOFTWARE IS PROVIDED "AS IS" AND THE AUTHOR DISCLAIMS ALL WARRANTIES  |
 |  WITH REGARD TO THIS SOFTWARE INCLUDING ALL IMPLIED WARRANTIES OF          |
 |  MERCHANTABILITY AND FITNESS. IN NO EVENT SHALL THE AUTHOR BE LIABLE FOR   |
 |  ANY SPECIAL, DIRECT, INDIRECT, OR CONSEQUENTIAL DAMAGES OR ANY DAMAGES    |
 |  WHATSOEVER RESULTING FROM LOSS OF USE, DATA OR PROFITS, WHETHER IN AN     |
 |  ACTION OF CONTRACT, NEGLIGENCE OR OTHER TORTIOUS ACTION, ARISING OUT OF   |
 |  OR IN CONNECTION WITH THE USE OR PERFORMANCE OF THIS SOFTWARE.            |
 |                                                                            |
 \----------------------------------------------------------------------------/

 Yosys 0.9 (git sha1 1979e0b)


-- Parsing `blink.v' using frontend `verilog' --

1. Executing Verilog-2005 frontend: blink.v
Parsing Verilog input from `blink.v' to AST representation.
Generating RTLIL representation for module `\switch'.
Successfully finished Verilog frontend.

-- Running command `synth_ice40 -json blink.json -blif blink.blif' --

2. Executing SYNTH_ICE40 pass.

2.1. Executing Verilog-2005 frontend: /usr/bin/../share/yosys/ice40/cells_sim.v
Parsing Verilog input from `/usr/bin/../share/yosys/ice40/cells_sim.v' to AST representation.
Generating RTLIL representation for module `\SB_IO'.
Generating RTLIL representation for module `\SB_GB_IO'.
Generating RTLIL representation for module `\SB_GB'.
Generating RTLIL representation for module `\SB_LUT4'.
Generating RTLIL representation for module `\SB_CARRY'.
Generating RTLIL representation for module `\SB_DFF'.
Generating RTLIL representation for module `\SB_DFFE'.
Generating RTLIL representation for module `\SB_DFFSR'.
Generating RTLIL representation for module `\SB_DFFR'.
Generating RTLIL representation for module `\SB_DFFSS'.
Generating RTLIL representation for module `\SB_DFFS'.
Generating RTLIL representation for module `\SB_DFFESR'.
Generating RTLIL representation for module `\SB_DFFER'.
Generating RTLIL representation for module `\SB_DFFESS'.
Generating RTLIL representation for module `\SB_DFFES'.
Generating RTLIL representation for module `\SB_DFFN'.
Generating RTLIL representation for module `\SB_DFFNE'.
Generating RTLIL representation for module `\SB_DFFNSR'.
Generating RTLIL representation for module `\SB_DFFNR'.
Generating RTLIL representation for module `\SB_DFFNSS'.
Generating RTLIL representation for module `\SB_DFFNS'.
Generating RTLIL representation for module `\SB_DFFNESR'.
Generating RTLIL representation for module `\SB_DFFNER'.
Generating RTLIL representation for module `\SB_DFFNESS'.
Generating RTLIL representation for module `\SB_DFFNES'.
Generating RTLIL representation for module `\SB_RAM40_4K'.
Generating RTLIL representation for module `\SB_RAM40_4KNR'.
Generating RTLIL representation for module `\SB_RAM40_4KNW'.
Generating RTLIL representation for module `\SB_RAM40_4KNRNW'.
Generating RTLIL representation for module `\ICESTORM_LC'.
Generating RTLIL representation for module `\SB_PLL40_CORE'.
Generating RTLIL representation for module `\SB_PLL40_PAD'.
Generating RTLIL representation for module `\SB_PLL40_2_PAD'.
Generating RTLIL representation for module `\SB_PLL40_2F_CORE'.
Generating RTLIL representation for module `\SB_PLL40_2F_PAD'.
Generating RTLIL representation for module `\SB_WARMBOOT'.
Generating RTLIL representation for module `\SB_SPRAM256KA'.
Generating RTLIL representation for module `\SB_HFOSC'.
Generating RTLIL representation for module `\SB_LFOSC'.
Generating RTLIL representation for module `\SB_RGBA_DRV'.
Generating RTLIL representation for module `\SB_LED_DRV_CUR'.
Generating RTLIL representation for module `\SB_RGB_DRV'.
Generating RTLIL representation for module `\SB_I2C'.
Generating RTLIL representation for module `\SB_SPI'.
Generating RTLIL representation for module `\SB_LEDDA_IP'.
Generating RTLIL representation for module `\SB_FILTER_50NS'.
Generating RTLIL representation for module `\SB_IO_I3C'.
Generating RTLIL representation for module `\SB_IO_OD'.
Generating RTLIL representation for module `\SB_MAC16'.
Successfully finished Verilog frontend.

2.2. Executing HIERARCHY pass (managing design hierarchy).

2.2.1. Finding top of design hierarchy..
root of   0 design levels: switch              
Automatically selected switch as design top module.

2.2.2. Analyzing design hierarchy..
Top module:  \switch

2.2.3. Analyzing design hierarchy..
Top module:  \switch
Removed 0 unused modules.

2.3. Executing PROC pass (convert processes to netlists).

2.3.1. Executing PROC_CLEAN pass (remove empty switches from decision trees).
Cleaned up 0 empty switches.

2.3.2. Executing PROC_RMDEAD pass (remove dead branches from decision trees).
Removed a total of 0 dead cases.

2.3.3. Executing PROC_INIT pass (extract init attributes).
Found init rule in `\switch.$proc$blink.v:14$4'.
  Set init value: \counter = 26'00000000000000000000000000

2.3.4. Executing PROC_ARST pass (detect async resets in processes).

2.3.5. Executing PROC_MUX pass (convert decision trees to multiplexers).
Creating decoders for process `\switch.$proc$blink.v:14$4'.
     1/1: $1\counter[25:0]
Creating decoders for process `\switch.$proc$blink.v:18$2'.
     1/1: $0\counter[25:0]

2.3.6. Executing PROC_DLATCH pass (convert process syncs to latches).

2.3.7. Executing PROC_DFF pass (convert process syncs to FFs).
Creating register for signal `\switch.\counter' using process `\switch.$proc$blink.v:18$2'.
  created $dff cell `$procdff$5' with positive edge clock.

2.3.8. Executing PROC_CLEAN pass (remove empty switches from decision trees).
Removing empty process `switch.$proc$blink.v:14$4'.
Removing empty process `switch.$proc$blink.v:18$2'.
Cleaned up 0 empty switches.

2.4. Executing FLATTEN pass (flatten design).
No more expansions possible.

2.5. Executing TRIBUF pass.

2.6. Executing DEMINOUT pass (demote inout ports to input or output).

2.7. Executing OPT_EXPR pass (perform const folding).
Optimizing module switch.

2.8. Executing OPT_CLEAN pass (remove unused cells and wires).
Finding unused cells or wires in module \switch..
Removed 0 unused cells and 2 unused wires.
<suppressed ~1 debug messages>

2.9. Executing CHECK pass (checking for obvious problems).
checking module switch..
found and reported 0 problems.

2.10. Executing OPT pass (performing simple optimizations).

2.10.1. Executing OPT_EXPR pass (perform const folding).
Optimizing module switch.

2.10.2. Executing OPT_MERGE pass (detect identical cells).
Finding identical cells in module `\switch'.
Removed a total of 0 cells.

2.10.3. Executing OPT_MUXTREE pass (detect dead branches in mux trees).
Running muxtree optimizer on module \switch..
  Creating internal representation of mux trees.
  No muxes found in this module.
Removed 0 multiplexer ports.

2.10.4. Executing OPT_REDUCE pass (consolidate $*mux and $reduce_* inputs).
  Optimizing cells in module \switch.
Performed a total of 0 changes.

2.10.5. Executing OPT_MERGE pass (detect identical cells).
Finding identical cells in module `\switch'.
Removed a total of 0 cells.

2.10.6. Executing OPT_RMDFF pass (remove dff with constant values).

2.10.7. Executing OPT_CLEAN pass (remove unused cells and wires).
Finding unused cells or wires in module \switch..

2.10.8. Executing OPT_EXPR pass (perform const folding).
Optimizing module switch.

2.10.9. Finished OPT passes. (There is nothing left to do.)

2.11. Executing WREDUCE pass (reducing word size of cells).
Removed top 31 bits (of 32) from port B of cell switch.$add$blink.v:20$3 ($add).
Removed top 6 bits (of 32) from port Y of cell switch.$add$blink.v:20$3 ($add).

2.12. Executing PEEPOPT pass (run peephole optimizers).

2.13. Executing OPT_CLEAN pass (remove unused cells and wires).
Finding unused cells or wires in module \switch..
Removed 0 unused cells and 1 unused wires.
<suppressed ~1 debug messages>

2.14. Executing SHARE pass (SAT-based resource sharing).

2.15. Executing TECHMAP pass (map to technology primitives).

2.15.1. Executing Verilog-2005 frontend: /usr/bin/../share/yosys/cmp2lut.v
Parsing Verilog input from `/usr/bin/../share/yosys/cmp2lut.v' to AST representation.
Generating RTLIL representation for module `\_90_lut_cmp_'.
Successfully finished Verilog frontend.

2.15.2. Continuing TECHMAP pass.
No more expansions possible.

2.16. Executing OPT_EXPR pass (perform const folding).
Optimizing module switch.

2.17. Executing OPT_CLEAN pass (remove unused cells and wires).
Finding unused cells or wires in module \switch..

2.18. Executing ALUMACC pass (create $alu and $macc cells).
Extracting $alu and $macc cells in module switch:
  creating $macc model for $add$blink.v:20$3 ($add).
  creating $alu model for $macc $add$blink.v:20$3.
  creating $alu cell for $add$blink.v:20$3: $auto$alumacc.cc:474:replace_alu$6
  created 1 $alu and 0 $macc cells.

2.19. Executing OPT pass (performing simple optimizations).

2.19.1. Executing OPT_EXPR pass (perform const folding).
Optimizing module switch.

2.19.2. Executing OPT_MERGE pass (detect identical cells).
Finding identical cells in module `\switch'.
Removed a total of 0 cells.

2.19.3. Executing OPT_MUXTREE pass (detect dead branches in mux trees).
Running muxtree optimizer on module \switch..
  Creating internal representation of mux trees.
  No muxes found in this module.
Removed 0 multiplexer ports.

2.19.4. Executing OPT_REDUCE pass (consolidate $*mux and $reduce_* inputs).
  Optimizing cells in module \switch.
Performed a total of 0 changes.

2.19.5. Executing OPT_MERGE pass (detect identical cells).
Finding identical cells in module `\switch'.
Removed a total of 0 cells.

2.19.6. Executing OPT_RMDFF pass (remove dff with constant values).

2.19.7. Executing OPT_CLEAN pass (remove unused cells and wires).
Finding unused cells or wires in module \switch..

2.19.8. Executing OPT_EXPR pass (perform const folding).
Optimizing module switch.

2.19.9. Finished OPT passes. (There is nothing left to do.)

2.20. Executing FSM pass (extract and optimize FSM).

2.20.1. Executing FSM_DETECT pass (finding FSMs in design).

2.20.2. Executing FSM_EXTRACT pass (extracting FSM from design).

2.20.3. Executing FSM_OPT pass (simple optimizations of FSMs).

2.20.4. Executing OPT_CLEAN pass (remove unused cells and wires).
Finding unused cells or wires in module \switch..

2.20.5. Executing FSM_OPT pass (simple optimizations of FSMs).

2.20.6. Executing FSM_RECODE pass (re-assigning FSM state encoding).

2.20.7. Executing FSM_INFO pass (dumping all available information on FSM cells).

2.20.8. Executing FSM_MAP pass (mapping FSMs to basic logic).

2.21. Executing OPT pass (performing simple optimizations).

2.21.1. Executing OPT_EXPR pass (perform const folding).
Optimizing module switch.

2.21.2. Executing OPT_MERGE pass (detect identical cells).
Finding identical cells in module `\switch'.
Removed a total of 0 cells.

2.21.3. Executing OPT_RMDFF pass (remove dff with constant values).

2.21.4. Executing OPT_CLEAN pass (remove unused cells and wires).
Finding unused cells or wires in module \switch..

2.21.5. Finished fast OPT passes.

2.22. Executing MEMORY pass.

2.22.1. Executing MEMORY_DFF pass (merging $dff cells to $memrd and $memwr).

2.22.2. Executing OPT_CLEAN pass (remove unused cells and wires).
Finding unused cells or wires in module \switch..

2.22.3. Executing MEMORY_SHARE pass (consolidating $memrd/$memwr cells).

2.22.4. Executing OPT_CLEAN pass (remove unused cells and wires).
Finding unused cells or wires in module \switch..

2.22.5. Executing MEMORY_COLLECT pass (generating $mem cells).

2.23. Executing OPT_CLEAN pass (remove unused cells and wires).
Finding unused cells or wires in module \switch..

2.24. Executing MEMORY_BRAM pass (mapping $mem cells to block memories).

2.25. Executing TECHMAP pass (map to technology primitives).

2.25.1. Executing Verilog-2005 frontend: /usr/bin/../share/yosys/ice40/brams_map.v
Parsing Verilog input from `/usr/bin/../share/yosys/ice40/brams_map.v' to AST representation.
Generating RTLIL representation for module `\$__ICE40_RAM4K'.
Generating RTLIL representation for module `\$__ICE40_RAM4K_M0'.
Generating RTLIL representation for module `\$__ICE40_RAM4K_M123'.
Successfully finished Verilog frontend.

2.25.2. Continuing TECHMAP pass.
No more expansions possible.

2.26. Executing ICE40_BRAMINIT pass.

2.27. Executing OPT pass (performing simple optimizations).

2.27.1. Executing OPT_EXPR pass (perform const folding).
Optimizing module switch.

2.27.2. Executing OPT_MERGE pass (detect identical cells).
Finding identical cells in module `\switch'.
Removed a total of 0 cells.

2.27.3. Executing OPT_RMDFF pass (remove dff with constant values).

2.27.4. Executing OPT_CLEAN pass (remove unused cells and wires).
Finding unused cells or wires in module \switch..

2.27.5. Finished fast OPT passes.

2.28. Executing MEMORY_MAP pass (converting $mem cells to logic and flip-flops).

2.29. Executing OPT pass (performing simple optimizations).

2.29.1. Executing OPT_EXPR pass (perform const folding).
Optimizing module switch.

2.29.2. Executing OPT_MERGE pass (detect identical cells).
Finding identical cells in module `\switch'.
Removed a total of 0 cells.

2.29.3. Executing OPT_MUXTREE pass (detect dead branches in mux trees).
Running muxtree optimizer on module \switch..
  Creating internal representation of mux trees.
  No muxes found in this module.
Removed 0 multiplexer ports.

2.29.4. Executing OPT_REDUCE pass (consolidate $*mux and $reduce_* inputs).
  Optimizing cells in module \switch.
Performed a total of 0 changes.

2.29.5. Executing OPT_MERGE pass (detect identical cells).
Finding identical cells in module `\switch'.
Removed a total of 0 cells.

2.29.6. Executing OPT_RMDFF pass (remove dff with constant values).

2.29.7. Executing OPT_CLEAN pass (remove unused cells and wires).
Finding unused cells or wires in module \switch..

2.29.8. Executing OPT_EXPR pass (perform const folding).
Optimizing module switch.

2.29.9. Finished OPT passes. (There is nothing left to do.)

2.30. Executing TECHMAP pass (map to technology primitives).

2.30.1. Executing Verilog-2005 frontend: /usr/bin/../share/yosys/techmap.v
Parsing Verilog input from `/usr/bin/../share/yosys/techmap.v' to AST representation.
Generating RTLIL representation for module `\_90_simplemap_bool_ops'.
Generating RTLIL representation for module `\_90_simplemap_reduce_ops'.
Generating RTLIL representation for module `\_90_simplemap_logic_ops'.
Generating RTLIL representation for module `\_90_simplemap_compare_ops'.
Generating RTLIL representation for module `\_90_simplemap_various'.
Generating RTLIL representation for module `\_90_simplemap_registers'.
Generating RTLIL representation for module `\_90_shift_ops_shr_shl_sshl_sshr'.
Generating RTLIL representation for module `\_90_shift_shiftx'.
Generating RTLIL representation for module `\_90_fa'.
Generating RTLIL representation for module `\_90_lcu'.
Generating RTLIL representation for module `\_90_alu'.
Generating RTLIL representation for module `\_90_macc'.
Generating RTLIL representation for module `\_90_alumacc'.
Generating RTLIL representation for module `\$__div_mod_u'.
Generating RTLIL representation for module `\$__div_mod'.
Generating RTLIL representation for module `\_90_div'.
Generating RTLIL representation for module `\_90_mod'.
Generating RTLIL representation for module `\_90_pow'.
Generating RTLIL representation for module `\_90_pmux'.
Generating RTLIL representation for module `\_90_lut'.
Successfully finished Verilog frontend.

2.30.2. Executing Verilog-2005 frontend: /usr/bin/../share/yosys/ice40/arith_map.v
Parsing Verilog input from `/usr/bin/../share/yosys/ice40/arith_map.v' to AST representation.
Generating RTLIL representation for module `\_80_ice40_alu'.
Successfully finished Verilog frontend.

2.30.3. Continuing TECHMAP pass.
Using template $paramod\_80_ice40_alu\A_SIGNED=0\B_SIGNED=0\A_WIDTH=1\B_WIDTH=26\Y_WIDTH=26 for cells of type $alu.
Using extmapper simplemap for cells of type $not.
Using extmapper simplemap for cells of type $dff.
Using extmapper simplemap for cells of type $xor.
Using extmapper simplemap for cells of type $mux.
Using extmapper simplemap for cells of type $pos.
No more expansions possible.
<suppressed ~22 debug messages>

2.31. Executing ICE40_OPT pass (performing simple optimizations).

2.31.1. Running ICE40 specific optimizations.

2.31.2. Executing OPT_EXPR pass (perform const folding).
Optimizing module switch.
<suppressed ~51 debug messages>

2.31.3. Executing OPT_MERGE pass (detect identical cells).
Finding identical cells in module `\switch'.
<suppressed ~3 debug messages>
Removed a total of 1 cells.

2.31.4. Executing OPT_RMDFF pass (remove dff with constant values).

2.31.5. Executing OPT_CLEAN pass (remove unused cells and wires).
Finding unused cells or wires in module \switch..
Removed 33 unused cells and 17 unused wires.
<suppressed ~34 debug messages>

2.31.6. Rerunning OPT passes. (Removed registers in this run.)

2.31.7. Running ICE40 specific optimizations.
Optimized away SB_CARRY cell switch.$auto$alumacc.cc:474:replace_alu$6.slice[0].carry: CO=\counter [0]
Mapping SB_LUT4 cell switch.$auto$alumacc.cc:474:replace_alu$6.slice[1].adder back to logic.

2.31.8. Executing OPT_EXPR pass (perform const folding).
Optimizing module switch.
<suppressed ~16 debug messages>

2.31.9. Executing OPT_MERGE pass (detect identical cells).
Finding identical cells in module `\switch'.
Removed a total of 0 cells.

2.31.10. Executing OPT_RMDFF pass (remove dff with constant values).

2.31.11. Executing OPT_CLEAN pass (remove unused cells and wires).
Finding unused cells or wires in module \switch..
Removed 0 unused cells and 3 unused wires.
<suppressed ~1 debug messages>

2.31.12. Rerunning OPT passes. (Removed registers in this run.)

2.31.13. Running ICE40 specific optimizations.

2.31.14. Executing OPT_EXPR pass (perform const folding).
Optimizing module switch.

2.31.15. Executing OPT_MERGE pass (detect identical cells).
Finding identical cells in module `\switch'.
Removed a total of 0 cells.

2.31.16. Executing OPT_RMDFF pass (remove dff with constant values).

2.31.17. Executing OPT_CLEAN pass (remove unused cells and wires).
Finding unused cells or wires in module \switch..

2.31.18. Finished OPT passes. (There is nothing left to do.)

2.32. Executing DFFSR2DFF pass (mapping DFFSR cells to simpler FFs).

2.33. Executing DFF2DFFE pass (transform $dff to $dffe where applicable).
Selected cell types for direct conversion:
  $_DFF_PP1_ -> $__DFFE_PP1
  $_DFF_PP0_ -> $__DFFE_PP0
  $_DFF_PN1_ -> $__DFFE_PN1
  $_DFF_PN0_ -> $__DFFE_PN0
  $_DFF_NP1_ -> $__DFFE_NP1
  $_DFF_NP0_ -> $__DFFE_NP0
  $_DFF_NN1_ -> $__DFFE_NN1
  $_DFF_NN0_ -> $__DFFE_NN0
  $_DFF_N_ -> $_DFFE_NP_
  $_DFF_P_ -> $_DFFE_PP_
Transforming FF to FF+Enable cells in module switch:
  converting $_DFF_P_ cell $auto$simplemap.cc:420:simplemap_dff$64 to $_DFFE_PP_ for $0\counter[25:0] [1] -> \counter [1].

2.34. Executing TECHMAP pass (map to technology primitives).

2.34.1. Executing Verilog-2005 frontend: /usr/bin/../share/yosys/ice40/cells_map.v
Parsing Verilog input from `/usr/bin/../share/yosys/ice40/cells_map.v' to AST representation.
Generating RTLIL representation for module `\$_DFF_N_'.
Generating RTLIL representation for module `\$_DFF_P_'.
Generating RTLIL representation for module `\$_DFFE_NN_'.
Generating RTLIL representation for module `\$_DFFE_PN_'.
Generating RTLIL representation for module `\$_DFFE_NP_'.
Generating RTLIL representation for module `\$_DFFE_PP_'.
Generating RTLIL representation for module `\$_DFF_NN0_'.
Generating RTLIL representation for module `\$_DFF_NN1_'.
Generating RTLIL representation for module `\$_DFF_PN0_'.
Generating RTLIL representation for module `\$_DFF_PN1_'.
Generating RTLIL representation for module `\$_DFF_NP0_'.
Generating RTLIL representation for module `\$_DFF_NP1_'.
Generating RTLIL representation for module `\$_DFF_PP0_'.
Generating RTLIL representation for module `\$_DFF_PP1_'.
Generating RTLIL representation for module `\$__DFFE_NN0'.
Generating RTLIL representation for module `\$__DFFE_NN1'.
Generating RTLIL representation for module `\$__DFFE_PN0'.
Generating RTLIL representation for module `\$__DFFE_PN1'.
Generating RTLIL representation for module `\$__DFFE_NP0'.
Generating RTLIL representation for module `\$__DFFE_NP1'.
Generating RTLIL representation for module `\$__DFFE_PP0'.
Generating RTLIL representation for module `\$__DFFE_PP1'.
Successfully finished Verilog frontend.

2.34.2. Continuing TECHMAP pass.
Using template \$_DFF_P_ for cells of type $_DFF_P_.
Using template \$_DFFE_PP_ for cells of type $_DFFE_PP_.
No more expansions possible.
<suppressed ~24 debug messages>

2.35. Executing OPT_EXPR pass (perform const folding).
Optimizing module switch.
<suppressed ~2 debug messages>

2.36. Executing SIMPLEMAP pass (map simple cells to gate primitives).

2.37. Executing ICE40_FFINIT pass (implement FF init values).
Handling FF init values in switch.
FF init value for cell $auto$simplemap.cc:420:simplemap_dff$69 (SB_DFF): \counter [6] = 0
FF init value for cell $auto$simplemap.cc:420:simplemap_dff$70 (SB_DFF): \counter [7] = 0
FF init value for cell $auto$simplemap.cc:420:simplemap_dff$64 (SB_DFFE): \counter [1] = 0
FF init value for cell $auto$simplemap.cc:420:simplemap_dff$65 (SB_DFF): \counter [2] = 0
FF init value for cell $auto$simplemap.cc:420:simplemap_dff$66 (SB_DFF): \counter [3] = 0
FF init value for cell $auto$simplemap.cc:420:simplemap_dff$67 (SB_DFF): \counter [4] = 0
FF init value for cell $auto$simplemap.cc:420:simplemap_dff$86 (SB_DFF): \counter [23] = 0
FF init value for cell $auto$simplemap.cc:420:simplemap_dff$63 (SB_DFF): \counter [0] = 0
FF init value for cell $auto$simplemap.cc:420:simplemap_dff$68 (SB_DFF): \counter [5] = 0
FF init value for cell $auto$simplemap.cc:420:simplemap_dff$71 (SB_DFF): \counter [8] = 0
FF init value for cell $auto$simplemap.cc:420:simplemap_dff$72 (SB_DFF): \counter [9] = 0
FF init value for cell $auto$simplemap.cc:420:simplemap_dff$73 (SB_DFF): \counter [10] = 0
FF init value for cell $auto$simplemap.cc:420:simplemap_dff$74 (SB_DFF): \counter [11] = 0
FF init value for cell $auto$simplemap.cc:420:simplemap_dff$75 (SB_DFF): \counter [12] = 0
FF init value for cell $auto$simplemap.cc:420:simplemap_dff$76 (SB_DFF): \counter [13] = 0
FF init value for cell $auto$simplemap.cc:420:simplemap_dff$77 (SB_DFF): \counter [14] = 0
FF init value for cell $auto$simplemap.cc:420:simplemap_dff$78 (SB_DFF): \counter [15] = 0
FF init value for cell $auto$simplemap.cc:420:simplemap_dff$79 (SB_DFF): \counter [16] = 0
FF init value for cell $auto$simplemap.cc:420:simplemap_dff$80 (SB_DFF): \counter [17] = 0
FF init value for cell $auto$simplemap.cc:420:simplemap_dff$81 (SB_DFF): \counter [18] = 0
FF init value for cell $auto$simplemap.cc:420:simplemap_dff$82 (SB_DFF): \counter [19] = 0
FF init value for cell $auto$simplemap.cc:420:simplemap_dff$83 (SB_DFF): \counter [20] = 0
FF init value for cell $auto$simplemap.cc:420:simplemap_dff$84 (SB_DFF): \counter [21] = 0
FF init value for cell $auto$simplemap.cc:420:simplemap_dff$85 (SB_DFF): \counter [22] = 0

2.38. Executing ICE40_FFSSR pass (merge synchronous set/reset into FF cells).
Merging set/reset $_MUX_ cells into SB_FFs in switch.

2.39. Executing ICE40_OPT pass (performing simple optimizations).

2.39.1. Running ICE40 specific optimizations.

2.39.2. Executing OPT_EXPR pass (perform const folding).
Optimizing module switch.

2.39.3. Executing OPT_MERGE pass (detect identical cells).
Finding identical cells in module `\switch'.
Removed a total of 0 cells.

2.39.4. Executing OPT_RMDFF pass (remove dff with constant values).

2.39.5. Executing OPT_CLEAN pass (remove unused cells and wires).
Finding unused cells or wires in module \switch..
Removed 0 unused cells and 76 unused wires.
<suppressed ~1 debug messages>

2.39.6. Finished OPT passes. (There is nothing left to do.)

2.40. Executing TECHMAP pass (map to technology primitives).

2.40.1. Executing Verilog-2005 frontend: /usr/bin/../share/yosys/ice40/latches_map.v
Parsing Verilog input from `/usr/bin/../share/yosys/ice40/latches_map.v' to AST representation.
Generating RTLIL representation for module `\$_DLATCH_N_'.
Generating RTLIL representation for module `\$_DLATCH_P_'.
Successfully finished Verilog frontend.

2.40.2. Continuing TECHMAP pass.
No more expansions possible.

2.41. Executing ABC pass (technology mapping using ABC).

2.41.1. Extracting gate netlist of module `\switch' to `<abc-temp-dir>/input.blif'..
Extracted 2 gates and 4 wires to a netlist network with 2 inputs and 2 outputs.

2.41.1.1. Executing ABC.
Running ABC command: berkeley-abc -s -f <abc-temp-dir>/abc.script 2>&1
ABC: ABC command line: "source <abc-temp-dir>/abc.script".
ABC: 
ABC: + read_blif <abc-temp-dir>/input.blif 
ABC: + read_lut <abc-temp-dir>/lutdefs.txt 
ABC: + strash 
ABC: + ifraig 
ABC: + scorr 
ABC: Warning: The network is combinational (run "fraig" or "fraig_sweep").
ABC: + dc2 
ABC: + dretime 
ABC: + retime 
ABC: + strash 
ABC: + dch -f 
ABC: + if 
ABC: + mfs2 
ABC: + lutpack -S 1 
ABC: + dress 
ABC: Total number of equiv classes                =       3.
ABC: Participating nodes from both networks       =       4.
ABC: Participating nodes from the first network   =       2. (  66.67 % of nodes)
ABC: Participating nodes from the second network  =       2. (  66.67 % of nodes)
ABC: Node pairs (any polarity)                    =       2. (  66.67 % of names can be moved)
ABC: Node pairs (same polarity)                   =       2. (  66.67 % of names can be moved)
ABC: Total runtime =     0.00 sec
ABC: + write_blif <abc-temp-dir>/output.blif 

2.41.1.2. Re-integrating ABC results.
ABC RESULTS:              $lut cells:        4
ABC RESULTS:        internal signals:        0
ABC RESULTS:           input signals:        2
ABC RESULTS:          output signals:        2
Removing temp directory.
Removed 0 unused cells and 4 unused wires.

2.42. Executing TECHMAP pass (map to technology primitives).

2.42.1. Executing Verilog-2005 frontend: /usr/bin/../share/yosys/ice40/cells_map.v
Parsing Verilog input from `/usr/bin/../share/yosys/ice40/cells_map.v' to AST representation.
Generating RTLIL representation for module `\$_DFF_N_'.
Generating RTLIL representation for module `\$_DFF_P_'.
Generating RTLIL representation for module `\$_DFFE_NN_'.
Generating RTLIL representation for module `\$_DFFE_PN_'.
Generating RTLIL representation for module `\$_DFFE_NP_'.
Generating RTLIL representation for module `\$_DFFE_PP_'.
Generating RTLIL representation for module `\$_DFF_NN0_'.
Generating RTLIL representation for module `\$_DFF_NN1_'.
Generating RTLIL representation for module `\$_DFF_PN0_'.
Generating RTLIL representation for module `\$_DFF_PN1_'.
Generating RTLIL representation for module `\$_DFF_NP0_'.
Generating RTLIL representation for module `\$_DFF_NP1_'.
Generating RTLIL representation for module `\$_DFF_PP0_'.
Generating RTLIL representation for module `\$_DFF_PP1_'.
Generating RTLIL representation for module `\$__DFFE_NN0'.
Generating RTLIL representation for module `\$__DFFE_NN1'.
Generating RTLIL representation for module `\$__DFFE_PN0'.
Generating RTLIL representation for module `\$__DFFE_PN1'.
Generating RTLIL representation for module `\$__DFFE_NP0'.
Generating RTLIL representation for module `\$__DFFE_NP1'.
Generating RTLIL representation for module `\$__DFFE_PP0'.
Generating RTLIL representation for module `\$__DFFE_PP1'.
Generating RTLIL representation for module `\$lut'.
Successfully finished Verilog frontend.

2.42.2. Continuing TECHMAP pass.
Using template $paramod\$lut\WIDTH=1\LUT=2'01 for cells of type $lut.
No more expansions possible.
<suppressed ~13 debug messages>
Removed 0 unused cells and 4 unused wires.

2.43. Executing HIERARCHY pass (managing design hierarchy).

2.43.1. Analyzing design hierarchy..
Top module:  \switch

2.43.2. Analyzing design hierarchy..
Top module:  \switch
Removed 0 unused modules.

2.44. Printing statistics.

=== switch ===

   Number of wires:                  5
   Number of wire bits:             80
   Number of public wires:           3
   Number of public wire bits:      28
   Number of memories:               0
   Number of memory bits:            0
   Number of processes:              0
   Number of cells:                 71
     SB_CARRY                       22
     SB_DFF                         23
     SB_DFFE                         1
     SB_LUT4                        25

2.45. Executing CHECK pass (checking for obvious problems).
checking module switch..
found and reported 0 problems.

2.46. Executing BLIF backend.

2.47. Executing JSON backend.

End of script. Logfile hash: 5fbf281967
CPU: user 0.53s system 0.01s, MEM: 31.14 MB total, 25.46 MB resident
Yosys 0.9 (git sha1 1979e0b)
Time spent: 46% 10x read_verilog (0 sec), 13% 1x share (0 sec), ...
