Info: constrained 'CLK' to bel 'X0/Y8/io1'
Info: constrained 'RST' to bel 'X0/Y13/io0'
Info: constrained 'SCL' to bel 'X0/Y13/io1'
Info: constrained 'DC' to bel 'X0/Y8/io0'
Info: constrained 'MOSI' to bel 'X13/Y11/io0'
Info: constrained 'CS' to bel 'X13/Y9/io0'

Info: Packing constants..
Info: Packing IOs..
Info: Packing LUT-FFs..
Info:      286 LCs used as LUT4 only
Info:       62 LCs used as LUT4 and DFF
Info: Packing non-LUT FFs..
Info:       22 LCs used as DFF only
Info: Packing carries..
Info:       51 LCs used as CARRY only
Info: Packing RAMs..
Info: Placing PLLs..
Info: Packing special functions..
Info: Packing PLLs..
Info: Promoting globals..
Info: promoting CLK$SB_IO_IN (fanout 84)
Info: promoting $abc$5345$auto$dff2dffe.cc:158:make_patterns_logic$4168 [cen] (fanout 16)
Info: promoting $abc$5345$auto$dff2dffe.cc:175:make_patterns_logic$4398 [cen] (fanout 16)
Info: Constraining chains...
Info:       12 LCs used to legalise carry chains.
Info: Checksum: 0xd6f65f05

Info: Annotating ports with timing budgets for target frequency 36.00 MHz
Info: Checksum: 0xfe3961ec

Info: Device utilisation:
Info: 	         ICESTORM_LC:   435/ 1280    33%
Info: 	        ICESTORM_RAM:     0/   16     0%
Info: 	               SB_IO:     6/  112     5%
Info: 	               SB_GB:     3/    8    37%
Info: 	        ICESTORM_PLL:     0/    1     0%
Info: 	         SB_WARMBOOT:     0/    1     0%

Info: Placed 6 cells based on constraints.
Info: Creating initial analytic placement for 344 cells, random placement wirelen = 5032.
Info:     at initial placer iter 0, wirelen = 115
Info:     at initial placer iter 1, wirelen = 115
Info:     at initial placer iter 2, wirelen = 104
Info:     at initial placer iter 3, wirelen = 116
Info: Running main analytical placer.
Info:     at iteration #1, type ALL: wirelen solved = 105, spread = 1726, legal = 1815; time = 0.02s
Info:     at iteration #2, type ALL: wirelen solved = 110, spread = 1467, legal = 1649; time = 0.04s
Info:     at iteration #3, type ALL: wirelen solved = 111, spread = 1356, legal = 1444; time = 0.03s
Info:     at iteration #4, type ALL: wirelen solved = 186, spread = 1149, legal = 1241; time = 0.04s
Info:     at iteration #5, type ALL: wirelen solved = 209, spread = 1069, legal = 1191; time = 0.03s
Info:     at iteration #6, type ALL: wirelen solved = 199, spread = 1190, legal = 1238; time = 0.02s
Info:     at iteration #7, type ALL: wirelen solved = 224, spread = 1086, legal = 1163; time = 0.04s
Info:     at iteration #8, type ALL: wirelen solved = 246, spread = 1064, legal = 1202; time = 0.02s
Info:     at iteration #9, type ALL: wirelen solved = 253, spread = 1038, legal = 1147; time = 0.02s
Info:     at iteration #10, type ALL: wirelen solved = 274, spread = 1112, legal = 1140; time = 0.03s
Info:     at iteration #11, type ALL: wirelen solved = 327, spread = 1102, legal = 1117; time = 0.03s
Info:     at iteration #12, type ALL: wirelen solved = 361, spread = 1054, legal = 1130; time = 0.02s
Info:     at iteration #13, type ALL: wirelen solved = 353, spread = 1040, legal = 1189; time = 0.03s
Info:     at iteration #14, type ALL: wirelen solved = 371, spread = 1023, legal = 1102; time = 0.02s
Info:     at iteration #15, type ALL: wirelen solved = 399, spread = 1013, legal = 1067; time = 0.03s
Info:     at iteration #16, type ALL: wirelen solved = 344, spread = 1118, legal = 1255; time = 0.02s
Info:     at iteration #17, type ALL: wirelen solved = 399, spread = 1090, legal = 1139; time = 0.04s
Info:     at iteration #18, type ALL: wirelen solved = 380, spread = 988, legal = 1105; time = 0.04s
Info:     at iteration #19, type ALL: wirelen solved = 458, spread = 989, legal = 1128; time = 0.04s
Info:     at iteration #20, type ALL: wirelen solved = 489, spread = 1047, legal = 1161; time = 0.03s
Info: HeAP Placer Time: 0.90s
Info:   of which solving equations: 0.62s
Info:   of which spreading cells: 0.05s
Info:   of which strict legalisation: 0.04s

Info: Running simulated annealing placer for refinement.
Info:   at iteration #1: temp = 0.000000, timing cost = 162, wirelen = 1067
Info:   at iteration #5: temp = 0.000000, timing cost = 99, wirelen = 937
Info:   at iteration #10: temp = 0.000000, timing cost = 95, wirelen = 896
Info:   at iteration #14: temp = 0.000000, timing cost = 115, wirelen = 859 
Info: SA placement time 0.37s

Info: Max frequency for clock 'CLK$SB_IO_IN_$glb_clk': 60.50 MHz (PASS at 36.00 MHz)

Info: Max delay posedge CLK$SB_IO_IN_$glb_clk -> <async>: 4.28 ns

Info: Slack histogram:
Info:  legend: * represents 1 endpoint(s)
Info:          + represents [1,1) endpoint(s)
Info: [ 11247,  11962) |***** 
Info: [ 11962,  12677) |************** 
Info: [ 12677,  13392) |* 
Info: [ 13392,  14107) | 
Info: [ 14107,  14822) |****************************** 
Info: [ 14822,  15537) |************* 
Info: [ 15537,  16252) |********************** 
Info: [ 16252,  16967) |******************* 
Info: [ 16967,  17682) |******************* 
Info: [ 17682,  18397) |***** 
Info: [ 18397,  19112) |********************************* 
Info: [ 19112,  19827) |*** 
Info: [ 19827,  20542) |*********** 
Info: [ 20542,  21257) |************* 
Info: [ 21257,  21972) |***************** 
Info: [ 21972,  22687) |********** 
Info: [ 22687,  23402) |* 
Info: [ 23402,  24117) |********* 
Info: [ 24117,  24832) |******** 
Info: [ 24832,  25547) |***************** 
Info: Checksum: 0xbd1e951a

Info: Routing..
Info: Setting up routing queue.
Info: Routing 1281 arcs.
Info:            |   (re-)routed arcs  |   delta    | remaining|       time spent     |
Info:    IterCnt |  w/ripup   wo/ripup |  w/r  wo/r |      arcs| batch(sec) total(sec)|
Info:       1000 |       88        832 |   88   832 |       382|       0.15       0.15|
Info:       1551 |      225       1247 |  137   415 |         0|       0.13       0.29|
Info: Routing complete.
Info: Router1 time 0.29s
Info: Checksum: 0xb60528bc

Info: Critical path report for clock 'CLK$SB_IO_IN_$glb_clk' (posedge -> posedge):
Info: curr total
Info:  0.8  0.8  Source $abc$5345$auto$blifparse.cc:492:parse_blif$5519_LC.O
Info:  0.9  1.7    Net delay[1] budget 0.000000 ns (2,4) -> (2,3)
Info:                Sink $abc$5345$auto$blifparse.cc:492:parse_blif$5605_LC.I0
Info:                Defined in:
Info:                  demo.v:32
Info:  0.7  2.3  Source $abc$5345$auto$blifparse.cc:492:parse_blif$5605_LC.O
Info:  1.9  4.2    Net $auto$alumacc.cc:474:replace_alu$859.C[2] budget 0.000000 ns (2,3) -> (4,1)
Info:                Sink $auto$alumacc.cc:474:replace_alu$835.slice[1].carry$CARRY.I2
Info:                Defined in:
Info:                  demo.v:240
Info:                  /usr/bin/../share/yosys/ice40/arith_map.v:43
Info:  0.3  4.5  Source $auto$alumacc.cc:474:replace_alu$835.slice[1].carry$CARRY.COUT
Info:  0.0  4.5    Net $auto$alumacc.cc:474:replace_alu$835.C[2] budget 0.000000 ns (4,1) -> (4,1)
Info:                Sink $auto$alumacc.cc:474:replace_alu$835.slice[2].carry$CARRY.CIN
Info:                Defined in:
Info:                  demo.v:442
Info:                  /usr/bin/../share/yosys/ice40/arith_map.v:43
Info:  0.2  4.7  Source $auto$alumacc.cc:474:replace_alu$835.slice[2].carry$CARRY.COUT
Info:  0.0  4.7    Net $auto$alumacc.cc:474:replace_alu$835.C[3] budget 0.000000 ns (4,1) -> (4,1)
Info:                Sink $auto$alumacc.cc:474:replace_alu$835.slice[3].carry$CARRY.CIN
Info:                Defined in:
Info:                  demo.v:442
Info:                  /usr/bin/../share/yosys/ice40/arith_map.v:43
Info:  0.2  4.9  Source $auto$alumacc.cc:474:replace_alu$835.slice[3].carry$CARRY.COUT
Info:  0.0  4.9    Net $auto$alumacc.cc:474:replace_alu$835.C[4] budget 0.000000 ns (4,1) -> (4,1)
Info:                Sink $auto$alumacc.cc:474:replace_alu$835.slice[4].carry$CARRY.CIN
Info:                Defined in:
Info:                  demo.v:442
Info:                  /usr/bin/../share/yosys/ice40/arith_map.v:43
Info:  0.2  5.1  Source $auto$alumacc.cc:474:replace_alu$835.slice[4].carry$CARRY.COUT
Info:  0.0  5.1    Net $auto$alumacc.cc:474:replace_alu$835.C[5] budget 0.000000 ns (4,1) -> (4,1)
Info:                Sink $auto$alumacc.cc:474:replace_alu$835.slice[5].carry$CARRY.CIN
Info:                Defined in:
Info:                  demo.v:442
Info:                  /usr/bin/../share/yosys/ice40/arith_map.v:43
Info:  0.2  5.3  Source $auto$alumacc.cc:474:replace_alu$835.slice[5].carry$CARRY.COUT
Info:  0.0  5.3    Net $auto$alumacc.cc:474:replace_alu$835.C[6] budget 0.000000 ns (4,1) -> (4,1)
Info:                Sink $auto$alumacc.cc:474:replace_alu$835.slice[6].carry$CARRY.CIN
Info:                Defined in:
Info:                  demo.v:442
Info:                  /usr/bin/../share/yosys/ice40/arith_map.v:43
Info:  0.2  5.5  Source $auto$alumacc.cc:474:replace_alu$835.slice[6].carry$CARRY.COUT
Info:  0.0  5.5    Net $auto$alumacc.cc:474:replace_alu$835.C[7] budget 0.000000 ns (4,1) -> (4,1)
Info:                Sink $auto$alumacc.cc:474:replace_alu$835.slice[7].carry$CARRY.CIN
Info:                Defined in:
Info:                  demo.v:442
Info:                  /usr/bin/../share/yosys/ice40/arith_map.v:43
Info:  0.2  5.7  Source $auto$alumacc.cc:474:replace_alu$835.slice[7].carry$CARRY.COUT
Info:  0.3  5.9    Net $auto$alumacc.cc:474:replace_alu$835.C[8] budget 0.290000 ns (4,1) -> (4,2)
Info:                Sink $auto$alumacc.cc:474:replace_alu$835.slice[8].carry$CARRY.CIN
Info:                Defined in:
Info:                  demo.v:442
Info:                  /usr/bin/../share/yosys/ice40/arith_map.v:43
Info:  0.2  6.1  Source $auto$alumacc.cc:474:replace_alu$835.slice[8].carry$CARRY.COUT
Info:  0.0  6.1    Net $auto$alumacc.cc:474:replace_alu$835.C[9] budget 0.000000 ns (4,2) -> (4,2)
Info:                Sink $auto$alumacc.cc:474:replace_alu$835.slice[9].carry$CARRY.CIN
Info:                Defined in:
Info:                  demo.v:442
Info:                  /usr/bin/../share/yosys/ice40/arith_map.v:43
Info:  0.2  6.3  Source $auto$alumacc.cc:474:replace_alu$835.slice[9].carry$CARRY.COUT
Info:  0.0  6.3    Net $auto$alumacc.cc:474:replace_alu$835.C[10] budget 0.000000 ns (4,2) -> (4,2)
Info:                Sink $auto$alumacc.cc:474:replace_alu$835.slice[10].carry$CARRY.CIN
Info:                Defined in:
Info:                  demo.v:442
Info:                  /usr/bin/../share/yosys/ice40/arith_map.v:43
Info:  0.2  6.5  Source $auto$alumacc.cc:474:replace_alu$835.slice[10].carry$CARRY.COUT
Info:  0.0  6.5    Net $auto$alumacc.cc:474:replace_alu$835.C[11] budget 0.000000 ns (4,2) -> (4,2)
Info:                Sink $auto$alumacc.cc:474:replace_alu$835.slice[11].carry$CARRY.CIN
Info:                Defined in:
Info:                  demo.v:442
Info:                  /usr/bin/../share/yosys/ice40/arith_map.v:43
Info:  0.2  6.7  Source $auto$alumacc.cc:474:replace_alu$835.slice[11].carry$CARRY.COUT
Info:  0.0  6.7    Net $auto$alumacc.cc:474:replace_alu$835.C[12] budget 0.000000 ns (4,2) -> (4,2)
Info:                Sink $auto$alumacc.cc:474:replace_alu$835.slice[12].carry$CARRY.CIN
Info:                Defined in:
Info:                  demo.v:442
Info:                  /usr/bin/../share/yosys/ice40/arith_map.v:43
Info:  0.2  6.9  Source $auto$alumacc.cc:474:replace_alu$835.slice[12].carry$CARRY.COUT
Info:  0.0  6.9    Net $auto$alumacc.cc:474:replace_alu$835.C[13] budget 0.000000 ns (4,2) -> (4,2)
Info:                Sink $auto$alumacc.cc:474:replace_alu$835.slice[13].carry$CARRY.CIN
Info:                Defined in:
Info:                  demo.v:442
Info:                  /usr/bin/../share/yosys/ice40/arith_map.v:43
Info:  0.2  7.1  Source $auto$alumacc.cc:474:replace_alu$835.slice[13].carry$CARRY.COUT
Info:  0.0  7.1    Net $auto$alumacc.cc:474:replace_alu$835.C[14] budget 0.000000 ns (4,2) -> (4,2)
Info:                Sink $auto$alumacc.cc:474:replace_alu$835.slice[14].carry$CARRY.CIN
Info:                Defined in:
Info:                  demo.v:442
Info:                  /usr/bin/../share/yosys/ice40/arith_map.v:43
Info:  0.2  7.2  Source $auto$alumacc.cc:474:replace_alu$835.slice[14].carry$CARRY.COUT
Info:  0.0  7.2    Net $auto$alumacc.cc:474:replace_alu$835.C[15] budget 0.000000 ns (4,2) -> (4,2)
Info:                Sink $auto$alumacc.cc:474:replace_alu$835.slice[15].carry$CARRY.CIN
Info:                Defined in:
Info:                  demo.v:442
Info:                  /usr/bin/../share/yosys/ice40/arith_map.v:43
Info:  0.2  7.4  Source $auto$alumacc.cc:474:replace_alu$835.slice[15].carry$CARRY.COUT
Info:  0.7  8.1    Net $nextpnr_ICESTORM_LC_2$I3 budget 0.670000 ns (4,2) -> (4,3)
Info:                Sink $nextpnr_ICESTORM_LC_2.I3
Info:  0.5  8.6  Source $nextpnr_ICESTORM_LC_2.O
Info:  1.9 10.5    Net $abc$5345$auto$alumacc.cc:491:replace_alu$837[15] budget 11.552000 ns (4,3) -> (2,5)
Info:                Sink $abc$5345$auto$blifparse.cc:492:parse_blif$5497_LC.I2
Info:  0.6 11.0  Source $abc$5345$auto$blifparse.cc:492:parse_blif$5497_LC.O
Info:  0.9 11.9    Net $abc$5345$auto$rtlil.cc:1863:Or$843_new_inv_ budget 2.888000 ns (2,5) -> (2,6)
Info:                Sink $abc$5345$auto$blifparse.cc:492:parse_blif$5496_LC.I0
Info:  0.7 12.5  Source $abc$5345$auto$blifparse.cc:492:parse_blif$5496_LC.O
Info:  1.4 14.0    Net $abc$5345$procmux$687.B_AND_S[2]_new_ budget 2.888000 ns (2,6) -> (2,5)
Info:                Sink $abc$5345$auto$blifparse.cc:492:parse_blif$5485_LC.I3
Info:                Defined in:
Info:                  demo.v:439
Info:                  demo.v:215
Info:                  /usr/bin/../share/yosys/techmap.v:432
Info:  0.5 14.4  Source $abc$5345$auto$blifparse.cc:492:parse_blif$5485_LC.O
Info:  1.9 16.3    Net $abc$5345$new_n396_ budget 2.888000 ns (2,5) -> (5,2)
Info:                Sink $abc$5345$auto$blifparse.cc:492:parse_blif$5517_LC.I0
Info:  0.7 17.0  Setup $abc$5345$auto$blifparse.cc:492:parse_blif$5517_LC.I0
Info: 7.2 ns logic, 9.7 ns routing

Info: Critical path report for cross-domain path 'posedge CLK$SB_IO_IN_$glb_clk' -> '<async>':
Info: curr total
Info:  0.8  0.8  Source $auto$simplemap.cc:420:simplemap_dff$3053_DFFLC.O
Info:  0.9  1.7    Net $0\scl[0:0] budget 12.815000 ns (1,10) -> (1,10)
Info:                Sink $abc$5345$auto$blifparse.cc:492:parse_blif$5593_LC.I0
Info:                Defined in:
Info:                  demo.v:205
Info:  0.7  2.3  Source $abc$5345$auto$blifparse.cc:492:parse_blif$5593_LC.O
Info:  1.9  4.2    Net SCL$SB_IO_OUT budget 13.160000 ns (1,10) -> (0,13)
Info:                Sink SCL$sb_io.D_OUT_0
Info:                Defined in:
Info:                  demo.v:30
Info: 1.5 ns logic, 2.8 ns routing

Info: Max frequency for clock 'CLK$SB_IO_IN_$glb_clk': 58.87 MHz (PASS at 36.00 MHz)

Info: Max delay posedge CLK$SB_IO_IN_$glb_clk -> <async>: 4.21 ns

Info: Slack histogram:
Info:  legend: * represents 1 endpoint(s)
Info:          + represents [1,1) endpoint(s)
Info: [ 10791,  11528) |***** 
Info: [ 11528,  12265) |************** 
Info: [ 12265,  13002) |** 
Info: [ 13002,  13739) |* 
Info: [ 13739,  14476) |* 
Info: [ 14476,  15213) |*************** 
Info: [ 15213,  15950) |**************** 
Info: [ 15950,  16687) |********************************************* 
Info: [ 16687,  17424) |********************** 
Info: [ 17424,  18161) |************* 
Info: [ 18161,  18898) |************************ 
Info: [ 18898,  19635) |*********** 
Info: [ 19635,  20372) |****** 
Info: [ 20372,  21109) |*************** 
Info: [ 21109,  21846) |****************** 
Info: [ 21846,  22583) |******* 
Info: [ 22583,  23320) | 
Info: [ 23320,  24057) |****** 
Info: [ 24057,  24794) |************* 
Info: [ 24794,  25531) |**************** 

Info: Program finished normally.
