Info: constrained 'clk' to bel 'X0/Y8/io1'
Info: constrained 'INSTR_B1' to bel 'X0/Y13/io0'
Info: constrained 'INSTR_B2' to bel 'X0/Y13/io1'
Info: constrained 'INSTR_B3' to bel 'X0/Y8/io0'
Info: constrained 'INSTR_B4' to bel 'X6/Y0/io0'

Info: Packing constants..
Info: Packing IOs..
Info: Packing LUT-FFs..
Info:       61 LCs used as LUT4 only
Info:       65 LCs used as LUT4 and DFF
Info: Packing non-LUT FFs..
Info:        9 LCs used as DFF only
Info: Packing carries..
Info:       34 LCs used as CARRY only
Info: Packing RAMs..
Info: Placing PLLs..
Info: Packing special functions..
Info: Packing PLLs..
Info: Promoting globals..
Info: promoting clk$SB_IO_IN (fanout 78)
Info: promoting $abc$9751$auto$dff2dffe.cc:158:make_patterns_logic$9166 [cen] (fanout 32)
Info: promoting $abc$9751$auto$dff2dffe.cc:158:make_patterns_logic$9377 [cen] (fanout 32)
Info: promoting $PACKER_GND_NET (fanout 4)
Info: Constraining chains...
Info:        3 LCs used to legalise carry chains.
Info: Checksum: 0x4447887c

Info: Annotating ports with timing budgets for target frequency 36.00 MHz
Info: Checksum: 0x1b8856fc

Info: Device utilisation:
Info: 	         ICESTORM_LC:   174/ 1280    13%
Info: 	        ICESTORM_RAM:     4/   16    25%
Info: 	               SB_IO:     5/  112     4%
Info: 	               SB_GB:     4/    8    50%
Info: 	        ICESTORM_PLL:     0/    1     0%
Info: 	         SB_WARMBOOT:     0/    1     0%

Info: Placed 5 cells based on constraints.
Info: Creating initial analytic placement for 85 cells, random placement wirelen = 1543.
Info:     at initial placer iter 0, wirelen = 94
Info:     at initial placer iter 1, wirelen = 86
Info:     at initial placer iter 2, wirelen = 87
Info:     at initial placer iter 3, wirelen = 86
Info: Running main analytical placer.
Info:     at iteration #1, type ICESTORM_LC: wirelen solved = 90, spread = 851, legal = 898; time = 0.00s
Info:     at iteration #1, type SB_GB: wirelen solved = 893, spread = 941, legal = 923; time = 0.00s
Info:     at iteration #1, type ICESTORM_RAM: wirelen solved = 885, spread = 885, legal = 891; time = 0.00s
Info:     at iteration #1, type ALL: wirelen solved = 90, spread = 888, legal = 883; time = 0.00s
Info:     at iteration #2, type ICESTORM_LC: wirelen solved = 185, spread = 448, legal = 536; time = 0.00s
Info:     at iteration #2, type SB_GB: wirelen solved = 523, spread = 528, legal = 539; time = 0.00s
Info:     at iteration #2, type ICESTORM_RAM: wirelen solved = 538, spread = 538, legal = 539; time = 0.00s
Info:     at iteration #2, type ALL: wirelen solved = 107, spread = 582, legal = 628; time = 0.00s
Info:     at iteration #3, type ICESTORM_LC: wirelen solved = 166, spread = 462, legal = 591; time = 0.00s
Info:     at iteration #3, type SB_GB: wirelen solved = 581, spread = 595, legal = 598; time = 0.00s
Info:     at iteration #3, type ICESTORM_RAM: wirelen solved = 585, spread = 587, legal = 596; time = 0.00s
Info:     at iteration #3, type ALL: wirelen solved = 100, spread = 427, legal = 545; time = 0.00s
Info:     at iteration #4, type ICESTORM_LC: wirelen solved = 148, spread = 467, legal = 606; time = 0.00s
Info:     at iteration #4, type SB_GB: wirelen solved = 598, spread = 602, legal = 606; time = 0.00s
Info:     at iteration #4, type ICESTORM_RAM: wirelen solved = 578, spread = 584, legal = 598; time = 0.00s
Info:     at iteration #4, type ALL: wirelen solved = 102, spread = 554, legal = 605; time = 0.00s
Info:     at iteration #5, type ICESTORM_LC: wirelen solved = 148, spread = 470, legal = 618; time = 0.01s
Info:     at iteration #5, type SB_GB: wirelen solved = 608, spread = 622, legal = 618; time = 0.00s
Info:     at iteration #5, type ICESTORM_RAM: wirelen solved = 608, spread = 610, legal = 612; time = 0.00s
Info:     at iteration #5, type ALL: wirelen solved = 117, spread = 576, legal = 612; time = 0.00s
Info:     at iteration #6, type ICESTORM_LC: wirelen solved = 154, spread = 503, legal = 643; time = 0.00s
Info:     at iteration #6, type SB_GB: wirelen solved = 630, spread = 645, legal = 649; time = 0.00s
Info:     at iteration #6, type ICESTORM_RAM: wirelen solved = 646, spread = 648, legal = 649; time = 0.00s
Info:     at iteration #6, type ALL: wirelen solved = 118, spread = 606, legal = 631; time = 0.00s
Info:     at iteration #7, type ICESTORM_LC: wirelen solved = 161, spread = 492, legal = 620; time = 0.01s
Info:     at iteration #7, type SB_GB: wirelen solved = 610, spread = 620, legal = 620; time = 0.00s
Info:     at iteration #7, type ICESTORM_RAM: wirelen solved = 620, spread = 622, legal = 624; time = 0.00s
Info:     at iteration #7, type ALL: wirelen solved = 99, spread = 463, legal = 656; time = 0.00s
Info:     at iteration #8, type ICESTORM_LC: wirelen solved = 172, spread = 567, legal = 647; time = 0.00s
Info:     at iteration #8, type SB_GB: wirelen solved = 632, spread = 645, legal = 647; time = 0.00s
Info:     at iteration #8, type ICESTORM_RAM: wirelen solved = 645, spread = 645, legal = 644; time = 0.00s
Info:     at iteration #8, type ALL: wirelen solved = 137, spread = 620, legal = 638; time = 0.00s
Info: HeAP Placer Time: 0.24s
Info:   of which solving equations: 0.10s
Info:   of which spreading cells: 0.01s
Info:   of which strict legalisation: 0.02s

Info: Running simulated annealing placer for refinement.
Info:   at iteration #1: temp = 0.000000, timing cost = 66, wirelen = 545
Info:   at iteration #5: temp = 0.000000, timing cost = 48, wirelen = 375
Info:   at iteration #10: temp = 0.000000, timing cost = 46, wirelen = 352
Info:   at iteration #15: temp = 0.000000, timing cost = 40, wirelen = 331
Info:   at iteration #20: temp = 0.000000, timing cost = 40, wirelen = 319
Info:   at iteration #21: temp = 0.000000, timing cost = 39, wirelen = 319 
Info: SA placement time 0.24s

Info: Max frequency for clock 'clk$SB_IO_IN_$glb_clk': 51.49 MHz (PASS at 36.00 MHz)

Info: Max delay posedge clk$SB_IO_IN_$glb_clk -> <async>: 3.53 ns

Info: Slack histogram:
Info:  legend: * represents 1 endpoint(s)
Info:          + represents [1,1) endpoint(s)
Info: [  8356,   9239) |****************************+
Info: [  9239,  10122) | 
Info: [ 10122,  11005) |*******+
Info: [ 11005,  11888) |********************+
Info: [ 11888,  12771) |+
Info: [ 12771,  13654) |+
Info: [ 13654,  14537) | 
Info: [ 14537,  15420) | 
Info: [ 15420,  16303) | 
Info: [ 16303,  17186) |*+
Info: [ 17186,  18069) |********+
Info: [ 18069,  18952) |**********+
Info: [ 18952,  19835) |********+
Info: [ 19835,  20718) |*******+
Info: [ 20718,  21601) |*******+
Info: [ 21601,  22484) |*******+
Info: [ 22484,  23367) |**********+
Info: [ 23367,  24250) |****+
Info: [ 24250,  25133) |****+
Info: [ 25133,  26016) |************************************************************ 
Info: Checksum: 0xa1952b5f

Info: Routing..
Info: Setting up routing queue.
Info: Routing 474 arcs.
Info:            |   (re-)routed arcs  |   delta    | remaining|       time spent     |
Info:    IterCnt |  w/ripup   wo/ripup |  w/r  wo/r |      arcs| batch(sec) total(sec)|
Info:        502 |       27        391 |   27   391 |         0|       0.08       0.08|
Info: Routing complete.
Info: Router1 time 0.08s
Info: Checksum: 0xe45d6d2d

Info: Critical path report for clock 'clk$SB_IO_IN_$glb_clk' (posedge -> posedge):
Info: curr total
Info:  0.8  0.8  Source $auto$simplemap.cc:420:simplemap_dff$8668_DFFLC.O
Info:  0.9  1.7    Net init[1] budget 4.464000 ns (1,11) -> (1,11)
Info:                Sink $abc$9751$auto$blifparse.cc:492:parse_blif$9806_LC.I0
Info:                Defined in:
Info:                  fetch.v:68
Info:  0.7  2.3  Source $abc$9751$auto$blifparse.cc:492:parse_blif$9806_LC.O
Info:  2.0  4.3    Net $0\init[32:0][1] budget 4.463000 ns (1,11) -> (1,7)
Info:                Sink $auto$alumacc.cc:474:replace_alu$8283.slice[1].carry$CARRY.I2
Info:                Defined in:
Info:                  fetch.v:98
Info:  0.3  4.6  Source $auto$alumacc.cc:474:replace_alu$8283.slice[1].carry$CARRY.COUT
Info:  0.0  4.6    Net $auto$alumacc.cc:474:replace_alu$8283.C[2] budget 0.000000 ns (1,7) -> (1,7)
Info:                Sink $auto$alumacc.cc:474:replace_alu$8283.slice[2].carry$CARRY.CIN
Info:                Defined in:
Info:                  fetch.v:102
Info:                  /usr/bin/../share/yosys/ice40/arith_map.v:43
Info:  0.2  4.8  Source $auto$alumacc.cc:474:replace_alu$8283.slice[2].carry$CARRY.COUT
Info:  0.0  4.8    Net $auto$alumacc.cc:474:replace_alu$8283.C[3] budget 0.000000 ns (1,7) -> (1,7)
Info:                Sink $auto$alumacc.cc:474:replace_alu$8283.slice[3].carry$CARRY.CIN
Info:                Defined in:
Info:                  fetch.v:102
Info:                  /usr/bin/../share/yosys/ice40/arith_map.v:43
Info:  0.2  5.0  Source $auto$alumacc.cc:474:replace_alu$8283.slice[3].carry$CARRY.COUT
Info:  0.0  5.0    Net $auto$alumacc.cc:474:replace_alu$8283.C[4] budget 0.000000 ns (1,7) -> (1,7)
Info:                Sink $auto$alumacc.cc:474:replace_alu$8283.slice[4].carry$CARRY.CIN
Info:                Defined in:
Info:                  fetch.v:102
Info:                  /usr/bin/../share/yosys/ice40/arith_map.v:43
Info:  0.2  5.2  Source $auto$alumacc.cc:474:replace_alu$8283.slice[4].carry$CARRY.COUT
Info:  0.0  5.2    Net $auto$alumacc.cc:474:replace_alu$8283.C[5] budget 0.000000 ns (1,7) -> (1,7)
Info:                Sink $auto$alumacc.cc:474:replace_alu$8283.slice[5].carry$CARRY.CIN
Info:                Defined in:
Info:                  fetch.v:102
Info:                  /usr/bin/../share/yosys/ice40/arith_map.v:43
Info:  0.2  5.4  Source $auto$alumacc.cc:474:replace_alu$8283.slice[5].carry$CARRY.COUT
Info:  0.0  5.4    Net $auto$alumacc.cc:474:replace_alu$8283.C[6] budget 0.000000 ns (1,7) -> (1,7)
Info:                Sink $auto$alumacc.cc:474:replace_alu$8283.slice[6].carry$CARRY.CIN
Info:                Defined in:
Info:                  fetch.v:102
Info:                  /usr/bin/../share/yosys/ice40/arith_map.v:43
Info:  0.2  5.6  Source $auto$alumacc.cc:474:replace_alu$8283.slice[6].carry$CARRY.COUT
Info:  0.0  5.6    Net $auto$alumacc.cc:474:replace_alu$8283.C[7] budget 0.000000 ns (1,7) -> (1,7)
Info:                Sink $auto$alumacc.cc:474:replace_alu$8283.slice[7].carry$CARRY.CIN
Info:                Defined in:
Info:                  fetch.v:102
Info:                  /usr/bin/../share/yosys/ice40/arith_map.v:43
Info:  0.2  5.7  Source $auto$alumacc.cc:474:replace_alu$8283.slice[7].carry$CARRY.COUT
Info:  0.3  6.0    Net $auto$alumacc.cc:474:replace_alu$8283.C[8] budget 0.290000 ns (1,7) -> (1,8)
Info:                Sink $auto$alumacc.cc:474:replace_alu$8283.slice[8].carry$CARRY.CIN
Info:                Defined in:
Info:                  fetch.v:102
Info:                  /usr/bin/../share/yosys/ice40/arith_map.v:43
Info:  0.2  6.2  Source $auto$alumacc.cc:474:replace_alu$8283.slice[8].carry$CARRY.COUT
Info:  0.0  6.2    Net $auto$alumacc.cc:474:replace_alu$8283.C[9] budget 0.000000 ns (1,8) -> (1,8)
Info:                Sink $auto$alumacc.cc:474:replace_alu$8283.slice[9].carry$CARRY.CIN
Info:                Defined in:
Info:                  fetch.v:102
Info:                  /usr/bin/../share/yosys/ice40/arith_map.v:43
Info:  0.2  6.4  Source $auto$alumacc.cc:474:replace_alu$8283.slice[9].carry$CARRY.COUT
Info:  0.0  6.4    Net $auto$alumacc.cc:474:replace_alu$8283.C[10] budget 0.000000 ns (1,8) -> (1,8)
Info:                Sink $auto$alumacc.cc:474:replace_alu$8283.slice[10].carry$CARRY.CIN
Info:                Defined in:
Info:                  fetch.v:102
Info:                  /usr/bin/../share/yosys/ice40/arith_map.v:43
Info:  0.2  6.6  Source $auto$alumacc.cc:474:replace_alu$8283.slice[10].carry$CARRY.COUT
Info:  0.0  6.6    Net $auto$alumacc.cc:474:replace_alu$8283.C[11] budget 0.000000 ns (1,8) -> (1,8)
Info:                Sink $auto$alumacc.cc:474:replace_alu$8283.slice[11].carry$CARRY.CIN
Info:                Defined in:
Info:                  fetch.v:102
Info:                  /usr/bin/../share/yosys/ice40/arith_map.v:43
Info:  0.2  6.8  Source $auto$alumacc.cc:474:replace_alu$8283.slice[11].carry$CARRY.COUT
Info:  0.0  6.8    Net $auto$alumacc.cc:474:replace_alu$8283.C[12] budget 0.000000 ns (1,8) -> (1,8)
Info:                Sink $auto$alumacc.cc:474:replace_alu$8283.slice[12].carry$CARRY.CIN
Info:                Defined in:
Info:                  fetch.v:102
Info:                  /usr/bin/../share/yosys/ice40/arith_map.v:43
Info:  0.2  7.0  Source $auto$alumacc.cc:474:replace_alu$8283.slice[12].carry$CARRY.COUT
Info:  0.0  7.0    Net $auto$alumacc.cc:474:replace_alu$8283.C[13] budget 0.000000 ns (1,8) -> (1,8)
Info:                Sink $auto$alumacc.cc:474:replace_alu$8283.slice[13].carry$CARRY.CIN
Info:                Defined in:
Info:                  fetch.v:102
Info:                  /usr/bin/../share/yosys/ice40/arith_map.v:43
Info:  0.2  7.1  Source $auto$alumacc.cc:474:replace_alu$8283.slice[13].carry$CARRY.COUT
Info:  0.0  7.1    Net $auto$alumacc.cc:474:replace_alu$8283.C[14] budget 0.000000 ns (1,8) -> (1,8)
Info:                Sink $auto$alumacc.cc:474:replace_alu$8283.slice[14].carry$CARRY.CIN
Info:                Defined in:
Info:                  fetch.v:102
Info:                  /usr/bin/../share/yosys/ice40/arith_map.v:43
Info:  0.2  7.3  Source $auto$alumacc.cc:474:replace_alu$8283.slice[14].carry$CARRY.COUT
Info:  0.0  7.3    Net $auto$alumacc.cc:474:replace_alu$8283.C[15] budget 0.000000 ns (1,8) -> (1,8)
Info:                Sink $auto$alumacc.cc:474:replace_alu$8283.slice[15].carry$CARRY.CIN
Info:                Defined in:
Info:                  fetch.v:102
Info:                  /usr/bin/../share/yosys/ice40/arith_map.v:43
Info:  0.2  7.5  Source $auto$alumacc.cc:474:replace_alu$8283.slice[15].carry$CARRY.COUT
Info:  0.3  7.8    Net $auto$alumacc.cc:474:replace_alu$8283.C[16] budget 0.290000 ns (1,8) -> (1,9)
Info:                Sink $auto$alumacc.cc:474:replace_alu$8283.slice[16].carry$CARRY.CIN
Info:                Defined in:
Info:                  fetch.v:102
Info:                  /usr/bin/../share/yosys/ice40/arith_map.v:43
Info:  0.2  8.0  Source $auto$alumacc.cc:474:replace_alu$8283.slice[16].carry$CARRY.COUT
Info:  0.0  8.0    Net $auto$alumacc.cc:474:replace_alu$8283.C[17] budget 0.000000 ns (1,9) -> (1,9)
Info:                Sink $auto$alumacc.cc:474:replace_alu$8283.slice[17].carry$CARRY.CIN
Info:                Defined in:
Info:                  fetch.v:102
Info:                  /usr/bin/../share/yosys/ice40/arith_map.v:43
Info:  0.2  8.2  Source $auto$alumacc.cc:474:replace_alu$8283.slice[17].carry$CARRY.COUT
Info:  0.0  8.2    Net $auto$alumacc.cc:474:replace_alu$8283.C[18] budget 0.000000 ns (1,9) -> (1,9)
Info:                Sink $auto$alumacc.cc:474:replace_alu$8283.slice[18].carry$CARRY.CIN
Info:                Defined in:
Info:                  fetch.v:102
Info:                  /usr/bin/../share/yosys/ice40/arith_map.v:43
Info:  0.2  8.4  Source $auto$alumacc.cc:474:replace_alu$8283.slice[18].carry$CARRY.COUT
Info:  0.0  8.4    Net $auto$alumacc.cc:474:replace_alu$8283.C[19] budget 0.000000 ns (1,9) -> (1,9)
Info:                Sink $auto$alumacc.cc:474:replace_alu$8283.slice[19].carry$CARRY.CIN
Info:                Defined in:
Info:                  fetch.v:102
Info:                  /usr/bin/../share/yosys/ice40/arith_map.v:43
Info:  0.2  8.6  Source $auto$alumacc.cc:474:replace_alu$8283.slice[19].carry$CARRY.COUT
Info:  0.0  8.6    Net $auto$alumacc.cc:474:replace_alu$8283.C[20] budget 0.000000 ns (1,9) -> (1,9)
Info:                Sink $auto$alumacc.cc:474:replace_alu$8283.slice[20].carry$CARRY.CIN
Info:                Defined in:
Info:                  fetch.v:102
Info:                  /usr/bin/../share/yosys/ice40/arith_map.v:43
Info:  0.2  8.7  Source $auto$alumacc.cc:474:replace_alu$8283.slice[20].carry$CARRY.COUT
Info:  0.0  8.7    Net $auto$alumacc.cc:474:replace_alu$8283.C[21] budget 0.000000 ns (1,9) -> (1,9)
Info:                Sink $auto$alumacc.cc:474:replace_alu$8283.slice[21].carry$CARRY.CIN
Info:                Defined in:
Info:                  fetch.v:102
Info:                  /usr/bin/../share/yosys/ice40/arith_map.v:43
Info:  0.2  8.9  Source $auto$alumacc.cc:474:replace_alu$8283.slice[21].carry$CARRY.COUT
Info:  0.0  8.9    Net $auto$alumacc.cc:474:replace_alu$8283.C[22] budget 0.000000 ns (1,9) -> (1,9)
Info:                Sink $auto$alumacc.cc:474:replace_alu$8283.slice[22].carry$CARRY.CIN
Info:                Defined in:
Info:                  fetch.v:102
Info:                  /usr/bin/../share/yosys/ice40/arith_map.v:43
Info:  0.2  9.1  Source $auto$alumacc.cc:474:replace_alu$8283.slice[22].carry$CARRY.COUT
Info:  0.0  9.1    Net $auto$alumacc.cc:474:replace_alu$8283.C[23] budget 0.000000 ns (1,9) -> (1,9)
Info:                Sink $auto$alumacc.cc:474:replace_alu$8283.slice[23].carry$CARRY.CIN
Info:                Defined in:
Info:                  fetch.v:102
Info:                  /usr/bin/../share/yosys/ice40/arith_map.v:43
Info:  0.2  9.3  Source $auto$alumacc.cc:474:replace_alu$8283.slice[23].carry$CARRY.COUT
Info:  0.3  9.6    Net $auto$alumacc.cc:474:replace_alu$8283.C[24] budget 0.290000 ns (1,9) -> (1,10)
Info:                Sink $auto$alumacc.cc:474:replace_alu$8283.slice[24].carry$CARRY.CIN
Info:                Defined in:
Info:                  fetch.v:102
Info:                  /usr/bin/../share/yosys/ice40/arith_map.v:43
Info:  0.2  9.8  Source $auto$alumacc.cc:474:replace_alu$8283.slice[24].carry$CARRY.COUT
Info:  0.0  9.8    Net $auto$alumacc.cc:474:replace_alu$8283.C[25] budget 0.000000 ns (1,10) -> (1,10)
Info:                Sink $auto$alumacc.cc:474:replace_alu$8283.slice[25].carry$CARRY.CIN
Info:                Defined in:
Info:                  fetch.v:102
Info:                  /usr/bin/../share/yosys/ice40/arith_map.v:43
Info:  0.2 10.0  Source $auto$alumacc.cc:474:replace_alu$8283.slice[25].carry$CARRY.COUT
Info:  0.0 10.0    Net $auto$alumacc.cc:474:replace_alu$8283.C[26] budget 0.000000 ns (1,10) -> (1,10)
Info:                Sink $auto$alumacc.cc:474:replace_alu$8283.slice[26].carry$CARRY.CIN
Info:                Defined in:
Info:                  fetch.v:102
Info:                  /usr/bin/../share/yosys/ice40/arith_map.v:43
Info:  0.2 10.1  Source $auto$alumacc.cc:474:replace_alu$8283.slice[26].carry$CARRY.COUT
Info:  0.0 10.1    Net $auto$alumacc.cc:474:replace_alu$8283.C[27] budget 0.000000 ns (1,10) -> (1,10)
Info:                Sink $auto$alumacc.cc:474:replace_alu$8283.slice[27].carry$CARRY.CIN
Info:                Defined in:
Info:                  fetch.v:102
Info:                  /usr/bin/../share/yosys/ice40/arith_map.v:43
Info:  0.2 10.3  Source $auto$alumacc.cc:474:replace_alu$8283.slice[27].carry$CARRY.COUT
Info:  0.0 10.3    Net $auto$alumacc.cc:474:replace_alu$8283.C[28] budget 0.000000 ns (1,10) -> (1,10)
Info:                Sink $auto$alumacc.cc:474:replace_alu$8283.slice[28].carry$CARRY.CIN
Info:                Defined in:
Info:                  fetch.v:102
Info:                  /usr/bin/../share/yosys/ice40/arith_map.v:43
Info:  0.2 10.5  Source $auto$alumacc.cc:474:replace_alu$8283.slice[28].carry$CARRY.COUT
Info:  0.0 10.5    Net $auto$alumacc.cc:474:replace_alu$8283.C[29] budget 0.000000 ns (1,10) -> (1,10)
Info:                Sink $auto$alumacc.cc:474:replace_alu$8283.slice[29].carry$CARRY.CIN
Info:                Defined in:
Info:                  fetch.v:102
Info:                  /usr/bin/../share/yosys/ice40/arith_map.v:43
Info:  0.2 10.7  Source $auto$alumacc.cc:474:replace_alu$8283.slice[29].carry$CARRY.COUT
Info:  0.0 10.7    Net $auto$alumacc.cc:474:replace_alu$8283.C[30] budget 0.000000 ns (1,10) -> (1,10)
Info:                Sink $auto$alumacc.cc:474:replace_alu$8283.slice[30].carry$CARRY.CIN
Info:                Defined in:
Info:                  fetch.v:102
Info:                  /usr/bin/../share/yosys/ice40/arith_map.v:43
Info:  0.2 10.9  Source $auto$alumacc.cc:474:replace_alu$8283.slice[30].carry$CARRY.COUT
Info:  0.0 10.9    Net $auto$alumacc.cc:474:replace_alu$8283.C[31] budget 0.000000 ns (1,10) -> (1,10)
Info:                Sink $auto$alumacc.cc:474:replace_alu$8283.slice[31].carry$CARRY.CIN
Info:                Defined in:
Info:                  fetch.v:102
Info:                  /usr/bin/../share/yosys/ice40/arith_map.v:43
Info:  0.2 11.1  Source $auto$alumacc.cc:474:replace_alu$8283.slice[31].carry$CARRY.COUT
Info:  0.3 11.4    Net $auto$alumacc.cc:474:replace_alu$8283.C[32] budget 0.290000 ns (1,10) -> (1,11)
Info:                Sink $auto$alumacc.cc:474:replace_alu$8283.slice[32].carry$CARRY.CIN
Info:                Defined in:
Info:                  fetch.v:102
Info:                  /usr/bin/../share/yosys/ice40/arith_map.v:43
Info:  0.2 11.5  Source $auto$alumacc.cc:474:replace_alu$8283.slice[32].carry$CARRY.COUT
Info:  0.4 11.9    Net $abc$9751$auto$alumacc.cc:491:replace_alu$8285[32] budget 0.380000 ns (1,11) -> (1,11)
Info:                Sink $abc$9751$auto$blifparse.cc:492:parse_blif$9752_LC.I3
Info:  0.5 12.4  Source $abc$9751$auto$blifparse.cc:492:parse_blif$9752_LC.O
Info:  2.4 14.8    Net $abc$9751$auto$dff2dffe.cc:158:make_patterns_logic$9166 budget 2.975000 ns (1,11) -> (6,16)
Info:                Sink $abc$9751$auto$blifparse.cc:492:parse_blif$9808_LC.I0
Info:  0.7 15.5  Source $abc$9751$auto$blifparse.cc:492:parse_blif$9808_LC.O
Info:  0.5 16.0    Net $abc$9751$auto$dff2dffe.cc:158:make_patterns_logic$9377 budget 2.975000 ns (6,16) -> (7,17)
Info:                Sink $gbuf_$abc$9751$auto$dff2dffe.cc:158:make_patterns_logic$9377_$glb_ce.USER_SIGNAL_TO_GLOBAL_BUFFER
Info:  0.9 16.9  Source $gbuf_$abc$9751$auto$dff2dffe.cc:158:make_patterns_logic$9377_$glb_ce.GLOBAL_BUFFER_OUTPUT
Info:  0.9 17.8    Net $abc$9751$auto$dff2dffe.cc:158:make_patterns_logic$9377_$glb_ce budget 2.975000 ns (7,17) -> (2,15)
Info:                Sink $auto$alumacc.cc:474:replace_alu$8297.slice[0].adder_LC.CEN
Info:  0.1 17.9  Setup $auto$alumacc.cc:474:replace_alu$8297.slice[0].adder_LC.CEN
Info: 9.7 ns logic, 8.2 ns routing

Info: Critical path report for cross-domain path 'posedge clk$SB_IO_IN_$glb_clk' -> '<async>':
Info: curr total
Info:  0.8  0.8  Source $auto$simplemap.cc:420:simplemap_dff$8733_DFFLC.O
Info:  3.0  3.8    Net INSTR_B4$SB_IO_OUT budget 26.982000 ns (2,9) -> (6,0)
Info:                Sink INSTR_B4$sb_io.D_OUT_0
Info:                Defined in:
Info:                  fetch.v:70
Info: 0.8 ns logic, 3.0 ns routing

Info: Max frequency for clock 'clk$SB_IO_IN_$glb_clk': 55.98 MHz (PASS at 36.00 MHz)

Info: Max delay posedge clk$SB_IO_IN_$glb_clk -> <async>: 3.77 ns

Info: Slack histogram:
Info:  legend: * represents 1 endpoint(s)
Info:          + represents [1,1) endpoint(s)
Info: [  9914,  10695) |*****************************+
Info: [ 10695,  11476) |+
Info: [ 11476,  12257) |****************************+
Info: [ 12257,  13038) | 
Info: [ 13038,  13819) | 
Info: [ 13819,  14600) | 
Info: [ 14600,  15381) | 
Info: [ 15381,  16162) | 
Info: [ 16162,  16943) |+
Info: [ 16943,  17724) |****+
Info: [ 17724,  18505) |************+
Info: [ 18505,  19286) |******+
Info: [ 19286,  20067) |******+
Info: [ 20067,  20848) |******+
Info: [ 20848,  21629) |******+
Info: [ 21629,  22410) |*******+
Info: [ 22410,  23191) |*******+
Info: [ 23191,  23972) |*******+
Info: [ 23972,  24753) |*****+
Info: [ 24753,  25534) |************************************************************ 

Info: Program finished normally.
